	(Comment
		(Time 11/24/11,14:31:55)
		(User Moises.Condicion)
		(MsgId ECO_021)
		(Text "Package BALUN_1 added to cell")
		(Param1 BALUN_1)
	)
	(Comment
		(Time 11/24/11,15:31:16)
		(User Moises.Condicion)
		(MsgId ECO_021)
		(Text "Package BALUN_1 added to cell")
		(Param1 BALUN_1)
	)
	(Comment
		(Time 02/01/12,13:45:53)
		(User Moises.Condicion)
		(MsgId ECO_081)
		(Text "Symbol sym_2 added to cell")
		(Param1 sym_2)
	)
	(Comment
		(Time 04/20/12,12:21:39)
		(User Moises.Condicion)
		(MsgId ECO_081)
		(Text "Symbol sym_3 added to cell")
		(Param1 sym_3)
	)
	(Comment
		(Time 05/02/12,17:31:17)
		(User Ryan.Cabreza)
		(MsgId ECO_021)
		(Text "Package BALUN_06031 added to cell")
		(Param1 BALUN_06031)
	)
	(Comment
		(Time 05/15/14,17:47:39)
		(User Jayson.Navarro)
		(MsgId ECO_021)
		(Text "Package BALUN_1 added to cell")
		(Param1 "BALUN_1")
	)
	(Comment
		(Time 05/15/14,17:49:11)
		(User Jayson.Navarro)
		(MsgId ECO_081)
		(Text "Symbol sym_4 added to cell")
		(Param1 "sym_4")
	)
	(Comment
		(Time 06/18/14,10:50:22)
		(User Joseph.Duran)
		(MsgId ECO_021)
		(Text "Package BALUN_1 added to cell")
		(Param1 "BALUN_1")
	)
	(Comment
		(Time 06/18/14,10:58:29)
		(User Joseph.Duran)
		(MsgId ECO_022)
		(Text "Package BALUN_HHM1752A2 deleted from cell")
		(Param1 "BALUN_HHM1752A2")
	)
	(Comment
		(Time 12/11/14,15:59:53)
		(User Jayson.Navarro)
		(MsgId ECO_021)
		(Text "Package BALUN_0603-11 added to cell")
		(Param1 "BALUN_0603-11")
	)
	(Comment
		(Time 12/11/14,16:02:28)
		(User Jayson.Navarro)
		(MsgId ECO_081)
		(Text "Symbol sym_5 added to cell")
		(Param1 "sym_5")
	)
	(Comment
		(Time 12/11/14,16:02:47)
		(User Jayson.Navarro)
		(MsgId ECO_081)
		(Text "Symbol sym_6 added to cell")
		(Param1 "sym_6")
	)
	(Comment
		(Time 02/24/15,16:48:16)
		(User Jayson.Navarro)
		(MsgId ECO_081)
		(Text "Symbol sym_7 added to cell")
		(Param1 "sym_7")
	)
	(Comment
		(Time 02/24/15,16:48:32)
		(User Jayson.Navarro)
		(MsgId ECO_082)
		(Text "Symbol sym_7 deleted from cell")
		(Param1 "sym_7")
	)
	(Comment
		(Time 02/24/15,16:48:39)
		(User Jayson.Navarro)
		(MsgId ECO_081)
		(Text "Symbol sym_7 added to cell")
		(Param1 "sym_7")
	)
