	(Comment
		(Time 03/30/15,12:34:40)
		(User Jayson.Navarro)
		(MsgId ECO_022)
		(Text "Package FDFME2P823ZT deleted from cell")
		(Param1 "FDFME2P823ZT")
	)
	(Comment
		(Time 03/30/15,12:34:44)
		(User Jayson.Navarro)
		(MsgId ECO_022)
		(Text "Package FDFME2P823ZT_SOT-23 deleted from cell")
		(Param1 "FDFME2P823ZT_SOT-23")
	)
	(Comment
		(Time 03/30/15,12:34:48)
		(User Jayson.Navarro)
		(MsgId ECO_022)
		(Text "Package FDFME2P823ZT_TO-92 deleted from cell")
		(Param1 "FDFME2P823ZT_TO-92")
	)
	(Comment
		(Time 03/30/15,12:34:52)
		(User Jayson.Navarro)
		(MsgId ECO_022)
		(Text "Package FDFME2P823ZT_TO-252 deleted from cell")
		(Param1 "FDFME2P823ZT_TO-252")
	)
	(Comment
		(Time 03/30/15,12:34:56)
		(User Jayson.Navarro)
		(MsgId ECO_022)
		(Text "Package FDFME2P823ZT_SOT-23_1 deleted from cell")
		(Param1 "FDFME2P823ZT_SOT-23_1")
	)
	(Comment
		(Time 03/30/15,12:35:01)
		(User Jayson.Navarro)
		(MsgId ECO_022)
		(Text "Package FDFME2P823ZT_SOT-323 deleted from cell")
		(Param1 "FDFME2P823ZT_SOT-323")
	)
	(Comment
		(Time 03/30/15,12:35:05)
		(User Jayson.Navarro)
		(MsgId ECO_022)
		(Text "Package FDFME2P823ZT_SOT-23_TRENCH deleted from cell")
		(Param1 "FDFME2P823ZT_SOT-23_TRENCH")
	)
	(Comment
		(Time 03/30/15,12:35:50)
		(User Jayson.Navarro)
		(MsgId ECO_022)
		(Text "Package FDFME2P823ZT_SC89_TRENCH deleted from cell")
		(Param1 "FDFME2P823ZT_SC89_TRENCH")
	)
	(Comment
		(Time 03/30/15,12:35:56)
		(User Jayson.Navarro)
		(MsgId ECO_082)
		(Text "Symbol sym_1 deleted from cell")
		(Param1 "sym_1")
	)
	(Comment
		(Time 03/30/15,12:36:07)
		(User Jayson.Navarro)
		(MsgId ECO_082)
		(Text "Symbol sym_3 deleted from cell")
		(Param1 "sym_3")
	)
	(Comment
		(Time 03/30/15,12:36:59)
		(User Jayson.Navarro)
		(MsgId ECO_083)
		(Text "Symbol sym_2 renamed to sym_1")
		(Param1 "sym_2")
		(Param2 "sym_1")
	)
	(Comment
		(Time 03/30/15,12:53:38)
		(User Jayson.Navarro)
		(MsgId ECO_081)
		(Text "Symbol sym_2 added to cell")
		(Param1 "sym_2")
	)
	(Comment
		(Time 03/30/15,12:56:32)
		(User Jayson.Navarro)
		(MsgId ECO_021)
		(Text "Package FDFME2P823ZT_TRAN_FDFME2P823ZT added to cell")
		(Param1 "FDFME2P823ZT_TRAN_FDFME2P823ZT")
	)
	(Comment
		(Time 03/30/15,13:03:24)
		(User Jayson.Navarro)
		(MsgId ECO_081)
		(Text "Symbol sym_3 added to cell")
		(Param1 "sym_3")
	)
	(Comment
		(Time 03/30/15,13:25:46)
		(User Jayson.Navarro)
		(MsgId ECO_213)
		(Text "PTF file PCH_3P.ptf renamed to part.ptf")
		(Param1 "PCH_3P.ptf")
		(Param2 "part.ptf")
	)
