	(Comment
		(Time 01/19/10,09:06:25)
		(User Owen.Tanate)
		(MsgId ECO_213)
		(Text "PTF file 74AUC1G240DBVR.ptf renamed to 74c2t45.ptf")
		(Param1 74AUC1G240DBVR.ptf)
		(Param2 74c2t45.ptf)
	)

	(Comment
		(Time 03/14/11,10:49:19)
		(User Moises.Condicion)
		(MsgId USR)
		(Text "corrected pin assignment for pins 6 and 7")
	)
	(Comment
		(Time 08/30/11,15:13:15)
		(User Moises.Condicion)
		(MsgId ECO_021)
		(Text "Package 74C2T45_1 added to cell")
		(Param1 74C2T45_1)
	)
	(Comment
		(Time 01/24/13,04:59:42)
		(User tois)
		(MsgId ECO_081)
		(Text "Symbol sym_2 added to cell")
		(Param1 sym_2)
	)
	(Comment
		(Time 08/18/15,15:39:34)
		(User Joseph.Duran)
		(MsgId ECO_021)
		(Text "Package 74C2T45_SOT10891 added to cell")
		(Param1 "74C2T45_SOT10891")
	)
	(Comment
		(Time 08/18/15,15:44:49)
		(User Joseph.Duran)
		(MsgId ECO_081)
		(Text "Symbol sym_3 added to cell")
		(Param1 "sym_3")
	)
	(Comment
		(Time 01/12/16,19:30:50)
		(User Ryan.Cabreza)
		(MsgId ECO_081)
		(Text "Symbol sym_4 added to cell")
		(Param1 "sym_4")
	)
	(Comment
		(Time 04/29/16,16:31:04)
		(User Ryan.Cabreza)
		(MsgId ECO_021)
		(Text "Package 74C2T45_1 added to cell")
		(Param1 "74C2T45_1")
	)
