FILE_TYPE=LIBRARY_PARTS;
primitive '74C2T45','74C2T45_SSOP','74C2T45_VSSOP','74C2T45_XSON';
  pin
    'VCCA':
      PIN_NUMBER='(1)';
      PINUSE='POWER';
      NO_LOAD_CHECK='Both';
      NO_IO_CHECK='Both';
      NO_ASSERT_CHECK='TRUE';
      NO_DIR_CHECK='TRUE';
      ALLOW_CONNECT='TRUE';
    'A1':
      PIN_NUMBER='(2)';
      OUTPUT_LOAD='(1.0,-1.0)';
    'A2':
      PIN_NUMBER='(3)';
      OUTPUT_LOAD='(1.0,-1.0)';
    'GND':
      PIN_NUMBER='(4)';
      PINUSE='GROUND';
      NO_LOAD_CHECK='Both';
      NO_IO_CHECK='Both';
      NO_ASSERT_CHECK='TRUE';
      NO_DIR_CHECK='TRUE';
      ALLOW_CONNECT='TRUE';
    'DIR':
      PIN_NUMBER='(5)';
      PINUSE='GROUND';
      NO_LOAD_CHECK='Both';
      NO_IO_CHECK='Both';
      NO_ASSERT_CHECK='TRUE';
      NO_DIR_CHECK='TRUE';
      ALLOW_CONNECT='TRUE';
    'B2':
      PIN_NUMBER='(6)';
      INPUT_LOAD='(-0.01,0.01)';
    'B1':
      PIN_NUMBER='(7)';
      INPUT_LOAD='(-0.01,0.01)';
    'VCCB':
      PIN_NUMBER='(8)';
      PINUSE='POWER';
      NO_LOAD_CHECK='Both';
      NO_IO_CHECK='Both';
      NO_ASSERT_CHECK='TRUE';
      NO_DIR_CHECK='TRUE';
      ALLOW_CONNECT='TRUE';
  end_pin;
  body
    PART_NAME='74C2T45';
    BODY_NAME='74C2T45';
    JEDEC_TYPE='SOP65P400X135-8M';
    PHYS_DES_PREFIX='U';
    CLASS='IC';
  end_body;
end_primitive;

primitive '74C2T45_SOT1089';
  pin
    'GND':
      PIN_NUMBER='(4)';
      PINUSE='GROUND';
      NO_LOAD_CHECK='Both';
      NO_IO_CHECK='Both';
      NO_ASSERT_CHECK='TRUE';
      NO_DIR_CHECK='TRUE';
      ALLOW_CONNECT='TRUE';
    'A1':
      PIN_NUMBER='(2)';
      OUTPUT_LOAD='(1.0,-1.0)';
    'VCCB':
      PIN_NUMBER='(8)';
      PINUSE='POWER';
      NO_LOAD_CHECK='Both';
      NO_IO_CHECK='Both';
      NO_ASSERT_CHECK='TRUE';
      NO_DIR_CHECK='TRUE';
      ALLOW_CONNECT='TRUE';
    'VCCA':
      PIN_NUMBER='(1)';
      PINUSE='POWER';
      NO_LOAD_CHECK='Both';
      NO_IO_CHECK='Both';
      NO_ASSERT_CHECK='TRUE';
      NO_DIR_CHECK='TRUE';
      ALLOW_CONNECT='TRUE';
    'DIR':
      PIN_NUMBER='(5)';
      PINUSE='GROUND';
      NO_LOAD_CHECK='Both';
      NO_IO_CHECK='Both';
      NO_ASSERT_CHECK='TRUE';
      NO_DIR_CHECK='TRUE';
      ALLOW_CONNECT='TRUE';
    'B1':
      PIN_NUMBER='(7)';
      INPUT_LOAD='(-0.01,0.01)';
    'B2':
      PIN_NUMBER='(6)';
      INPUT_LOAD='(-0.01,0.01)';
    'A2':
      PIN_NUMBER='(3)';
      OUTPUT_LOAD='(1.0,-1.0)';
  end_pin;
  body
    PART_NAME='74C2T45';
    BODY_NAME='74C2T45';
    JEDEC_TYPE='SON35P135X100X50-8M';
    PHYS_DES_PREFIX='U';
    CLASS='IC';
  end_body;
end_primitive;

primitive '74C2T45_DSBGA';
  pin
    'GND':
      PIN_NUMBER='(D1)';
      PINUSE='GROUND';
      NO_LOAD_CHECK='Both';
      NO_IO_CHECK='Both';
      NO_ASSERT_CHECK='TRUE';
      NO_DIR_CHECK='TRUE';
      ALLOW_CONNECT='TRUE';
    'A1':
      PIN_NUMBER='(B1)';
      OUTPUT_LOAD='(1.0,-1.0)';
    'VCCB':
      PIN_NUMBER='(A2)';
      PINUSE='POWER';
      NO_LOAD_CHECK='Both';
      NO_IO_CHECK='Both';
      NO_ASSERT_CHECK='TRUE';
      NO_DIR_CHECK='TRUE';
      ALLOW_CONNECT='TRUE';
    'VCCA':
      PIN_NUMBER='(A1)';
      PINUSE='POWER';
      NO_LOAD_CHECK='Both';
      NO_IO_CHECK='Both';
      NO_ASSERT_CHECK='TRUE';
      NO_DIR_CHECK='TRUE';
      ALLOW_CONNECT='TRUE';
    'DIR':
      PIN_NUMBER='(D2)';
      PINUSE='GROUND';
      NO_LOAD_CHECK='Both';
      NO_IO_CHECK='Both';
      NO_ASSERT_CHECK='TRUE';
      NO_DIR_CHECK='TRUE';
      ALLOW_CONNECT='TRUE';
    'B1':
      PIN_NUMBER='(B2)';
      INPUT_LOAD='(-0.01,0.01)';
    'B2':
      PIN_NUMBER='(C2)';
      INPUT_LOAD='(-0.01,0.01)';
    'A2':
      PIN_NUMBER='(C1)';
      OUTPUT_LOAD='(1.0,-1.0)';
  end_pin;
  body
    PART_NAME='74C2T45';
    BODY_NAME='74C2T45';
    JEDEC_TYPE='BGA8C50P2X4_88X188X50M';
    PHYS_DES_PREFIX='U';
    CLASS='IC';
  end_body;
end_primitive;

primitive '74C2T45_TSSOP8';
  pin
    'GND':
      PIN_NUMBER='(4)';
      PINUSE='GROUND';
      NO_LOAD_CHECK='Both';
      NO_IO_CHECK='Both';
      NO_ASSERT_CHECK='TRUE';
      NO_DIR_CHECK='TRUE';
      ALLOW_CONNECT='TRUE';
    'A1':
      PIN_NUMBER='(2)';
      OUTPUT_LOAD='(1.0,-1.0)';
    'VCCB':
      PIN_NUMBER='(8)';
      PINUSE='POWER';
      NO_LOAD_CHECK='Both';
      NO_IO_CHECK='Both';
      NO_ASSERT_CHECK='TRUE';
      NO_DIR_CHECK='TRUE';
      ALLOW_CONNECT='TRUE';
    'VCCA':
      PIN_NUMBER='(1)';
      PINUSE='POWER';
      NO_LOAD_CHECK='Both';
      NO_IO_CHECK='Both';
      NO_ASSERT_CHECK='TRUE';
      NO_DIR_CHECK='TRUE';
      ALLOW_CONNECT='TRUE';
    'DIR':
      PIN_NUMBER='(5)';
      PINUSE='GROUND';
      NO_LOAD_CHECK='Both';
      NO_IO_CHECK='Both';
      NO_ASSERT_CHECK='TRUE';
      NO_DIR_CHECK='TRUE';
      ALLOW_CONNECT='TRUE';
    'B1':
      PIN_NUMBER='(7)';
      INPUT_LOAD='(-0.01,0.01)';
    'B2':
      PIN_NUMBER='(6)';
      INPUT_LOAD='(-0.01,0.01)';
    'A2':
      PIN_NUMBER='(3)';
      OUTPUT_LOAD='(1.0,-1.0)';
  end_pin;
  body
    PART_NAME='74C2T45';
    BODY_NAME='74C2T45';
    JEDEC_TYPE='SOP65P400X110-8M';
    PHYS_DES_PREFIX='U';
    CLASS='IC';
  end_body;
end_primitive;

END.
