	(Comment
		(Time 04/07/10,10:29:33)
		(User Owen.Tanate)
		(MsgId ECO_021)
		(Text "Package CAP_POL_CASEG1 added to cell")
		(Param1 CAP_POL_CASEG1)
	)
	(Comment
		(Time 10/07/11,13:50:33)
		(User Ryan.Cabreza)
		(MsgId ECO_021)
		(Text "Package CAP_POL_CASEJ1 added to cell")
		(Param1 CAP_POL_CASEJ1)
	)
	(Comment
		(Time 02/17/12,13:32:38)
		(User Moises.Condicion)
		(MsgId ECO_021)
		(Text "Package CAP_POL_CAPPR350-800X11501 added to cell")
		(Param1 CAP_POL_CAPPR350-800X11501)
	)
	(Comment
		(Time 09/07/12,15:11:28)
		(User Moises.Condicion)
		(MsgId ECO_021)
		(Text "Package CAP_POL_CASED1 added to cell")
		(Param1 CAP_POL_CASED1)
	)
	(Comment
		(Time 10/01/12,15:39:24)
		(User Ryan.Cabreza)
		(MsgId ECO_021)
		(Text "Package CAP_POL_CASEC1 added to cell")
		(Param1 CAP_POL_CASEC1)
	)
	(Comment
		(Time 10/03/12,11:42:07)
		(User Ryan.Cabreza)
		(MsgId ECO_021)
		(Text "Package CAP_POL_CASEC1 added to cell")
		(Param1 CAP_POL_CASEC1)
	)
	(Comment
		(Time 11/23/12,13:33:33)
		(User Jayson.Navarro)
		(MsgId ECO_021)
		(Text "Package CAP_POL_CASEJ1 added to cell")
		(Param1 CAP_POL_CASEJ1)
	)
	(Comment
		(Time 11/23/12,13:35:26)
		(User Jayson.Navarro)
		(MsgId ECO_022)
		(Text "Package CAP_POL_CASE_JC0 deleted from cell")
		(Param1 CAP_POL_CASE_JC0)
	)
	(Comment
		(Time 11/23/12,13:35:35)
		(User Jayson.Navarro)
		(MsgId ECO_021)
		(Text "Package CAP_POL_CASE_F611 added to cell")
		(Param1 CAP_POL_CASE_F611)
	)
	(Comment
		(Time 11/23/12,13:36:03)
		(User Jayson.Navarro)
		(MsgId ECO_022)
		(Text "Package CAP_POL_CASE_F611 deleted from cell")
		(Param1 CAP_POL_CASE_F611)
	)
	(Comment
		(Time 11/23/12,13:36:34)
		(User Jayson.Navarro)
		(MsgId ECO_021)
		(Text "Package CAP_POL_CASE_F611 added to cell")
		(Param1 CAP_POL_CASE_F611)
	)
	(Comment
		(Time 11/27/12,12:06:54)
		(User Jayson.Navarro)
		(MsgId ECO_021)
		(Text "Package CAP_POL_CAPPR350-800X11501 added to cell")
		(Param1 CAP_POL_CAPPR350-800X11501)
	)
	(Comment
		(Time 11/27/12,13:32:10)
		(User Jayson.Navarro)
		(MsgId ECO_022)
		(Text "Package CAP_POL_CAPPR1000-2500X2700 deleted from cell")
		(Param1 CAP_POL_CAPPR1000-2500X2700)
	)
	(Comment
		(Time 01/25/13,20:03:05)
		(User Jayson.Navarro)
		(MsgId ECO_021)
		(Text "Package CAP_POL_CASE_JC01 added to cell")
		(Param1 CAP_POL_CASE_JC01)
	)
	(Comment
		(Time 07/22/13,20:49:10)
		(User jayson.navarro)
		(MsgId ECO_021)
		(Text "Package CAP_POL_CASED1 added to cell")
		(Param1 "CAP_POL_CASED1")
	)
	(Comment
		(Time 10/10/13,11:31:32)
		(User jayson.navarro)
		(MsgId ECO_021)
		(Text "Package CAP_POL_CASEF1 added to cell")
		(Param1 "CAP_POL_CASEF1")
	)
	(Comment
		(Time 11/14/13,16:48:54)
		(User jayson.navarro)
		(MsgId ECO_021)
		(Text "Package CAP_POL_7343CAP1 added to cell")
		(Param1 "CAP_POL_7343CAP1")
	)
	(Comment
		(Time 11/18/13,17:22:25)
		(User jayson.navarro)
		(MsgId ECO_021)
		(Text "Package CAP_POL_CAPPR350-800X11501 added to cell")
		(Param1 "CAP_POL_CAPPR350-800X11501")
	)
	(Comment
		(Time 01/07/14,15:49:06)
		(User Jayson.Navarro)
		(MsgId ECO_021)
		(Text "Package CAP_POL_7343CAP1 added to cell")
		(Param1 "CAP_POL_7343CAP1")
	)
	(Comment
		(Time 01/07/14,19:22:32)
		(User Jayson.Navarro)
		(MsgId ECO_022)
		(Text "Package CAP_POL_7343-17CAP deleted from cell")
		(Param1 "CAP_POL_7343-17CAP")
	)
	(Comment
		(Time 01/08/14,11:46:41)
		(User Jayson.Navarro)
		(MsgId ECO_021)
		(Text "Package CAP_POL_CAPPR350-800X11501 added to cell")
		(Param1 "CAP_POL_CAPPR350-800X11501")
	)
	(Comment
		(Time 01/08/14,13:07:34)
		(User Jayson.Navarro)
		(MsgId ECO_021)
		(Text "Package CAP_POL_CAPPR350-800X9001 added to cell")
		(Param1 "CAP_POL_CAPPR350-800X9001")
	)
	(Comment
		(Time 01/08/14,19:19:24)
		(User Jayson.Navarro)
		(MsgId ECO_021)
		(Text "Package CAP_POL_7343CAP1 added to cell")
		(Param1 "CAP_POL_7343CAP1")
	)
	(Comment
		(Time 04/23/14,12:57:34)
		(User Jayson.Navarro)
		(MsgId ECO_021)
		(Text "Package CAP_POL_CAPPR200-500X8001 added to cell")
		(Param1 "CAP_POL_CAPPR200-500X8001")
	)
	(Comment
		(Time 06/11/14,23:57:07)
		(User Ryan.Cabreza)
		(MsgId ECO_021)
		(Text "Package CAP_POL_7343CAP1 added to cell")
		(Param1 "CAP_POL_7343CAP1")
	)
	(Comment
		(Time 11/11/14,13:20:49)
		(User Jayson.Navarro)
		(MsgId ECO_021)
		(Text "Package CAP_POL_CASEJ1 added to cell")
		(Param1 "CAP_POL_CASEJ1")
	)
	(Comment
		(Time 11/11/14,13:46:11)
		(User Jayson.Navarro)
		(MsgId ECO_021)
		(Text "Package CAP_POL_CAPAE830X1200M1 added to cell")
		(Param1 "CAP_POL_CAPAE830X1200M1")
	)
	(Comment
		(Time 11/18/14,17:38:22)
		(User jayson.navarro)
		(MsgId ECO_021)
		(Text "Package CAP_POL_CASED1 added to cell")
		(Param1 "CAP_POL_CASED1")
	)
	(Comment
		(Time 02/18/15,20:49:06)
		(User Jayson.Navarro)
		(MsgId ECO_021)
		(Text "Package CAP_POL_CASE_JA01 added to cell")
		(Param1 "CAP_POL_CASE_JA01")
	)
	(Comment
		(Time 03/03/15,13:21:42)
		(User Jayson.Navarro)
		(MsgId ECO_021)
		(Text "Package CAP_POL_CAPAE1030X1080M1 added to cell")
		(Param1 "CAP_POL_CAPAE1030X1080M1")
	)
	(Comment
		(Time 04/27/15,14:08:07)
		(User Joseph.Duran)
		(MsgId ECO_021)
		(Text "Package CAP_POL_CASE_D81 added to cell")
		(Param1 "CAP_POL_CASE_D81")
	)
	(Comment
		(Time 05/29/15,14:29:40)
		(User jayson.navarro)
		(MsgId ECO_021)
		(Text "Package CAP_POL_1 added to cell")
		(Param1 "CAP_POL_1")
	)
	(Comment
		(Time 08/24/15,18:08:49)
		(User Joseph.Duran)
		(MsgId ECO_021)
		(Text "Package CAP_POL_CAPPR200-500X11001 added to cell")
		(Param1 "CAP_POL_CAPPR200-500X11001")
	)
	(Comment
		(Time 08/26/15,16:41:41)
		(User Joseph.Duran)
		(MsgId ECO_021)
		(Text "Package CAP_POL_CAPPR350-800X21501 added to cell")
		(Param1 "CAP_POL_CAPPR350-800X21501")
	)
	(Comment
		(Time 09/10/15,22:21:53)
		(User Mariel.Mabituin)
		(MsgId ECO_021)
		(Text "Package CAP_POL_CASE_H131 added to cell")
		(Param1 "CAP_POL_CASE_H131")
	)
	(Comment
		(Time 10/01/15,17:18:11)
		(User Mariel.Mabituin)
		(MsgId ECO_021)
		(Text "Package CAP_POL_7343CAP1 added to cell")
		(Param1 "CAP_POL_7343CAP1")
	)
	(Comment
		(Time 10/01/15,17:45:25)
		(User Mariel.Mabituin)
		(MsgId ECO_021)
		(Text "Package CAP_POL_1210CAP1 added to cell")
		(Param1 "CAP_POL_1210CAP1")
	)
	(Comment
		(Time 10/01/15,22:51:54)
		(User Joseph.Duran)
		(MsgId ECO_022)
		(Text "Package CAP_POL_1206CAP deleted from cell")
		(Param1 "CAP_POL_1206CAP")
	)
	(Comment
		(Time 10/01/15,22:52:02)
		(User Joseph.Duran)
		(MsgId ECO_022)
		(Text "Package CAP_POL_1210CAP deleted from cell")
		(Param1 "CAP_POL_1210CAP")
	)
	(Comment
		(Time 11/12/15,18:31:21)
		(User Ryan.Cabreza)
		(MsgId ECO_021)
		(Text "Package CAP_POL_CASE_K161 added to cell")
		(Param1 "CAP_POL_CASE_K161")
	)
	(Comment
		(Time 11/12/15,18:31:27)
		(User Ryan.Cabreza)
		(MsgId ECO_021)
		(Text "Package CAP_POL_CASE_K162 added to cell")
		(Param1 "CAP_POL_CASE_K162")
	)
	(Comment
		(Time 11/12/15,23:56:27)
		(User Joseph.Duran)
		(MsgId ECO_022)
		(Text "Package CAP_POL_SEPF_F13 deleted from cell")
		(Param1 "CAP_POL_SEPF_F13")
	)
	(Comment
		(Time 11/12/15,23:57:24)
		(User Joseph.Duran)
		(MsgId ECO_022)
		(Text "Package CAP_POL_BT_1E deleted from cell")
		(Param1 "CAP_POL_BT_1E")
	)
	(Comment
		(Time 11/13/15,08:30:32)
		(User Ryan.Cabreza)
		(MsgId ECO_021)
		(Text "Package CAP_POL_CASE_K161 added to cell")
		(Param1 "CAP_POL_CASE_K161")
	)
	(Comment
		(Time 11/13/15,08:30:33)
		(User Ryan.Cabreza)
		(MsgId ECO_021)
		(Text "Package CAP_POL_CASE_K162 added to cell")
		(Param1 "CAP_POL_CASE_K162")
	)
	(Comment
		(Time 12/03/15,05:33:13)
		(User Ryan.Cabreza)
		(MsgId ECO_021)
		(Text "Package CAP_POL_BT_1E1 added to cell")
		(Param1 "CAP_POL_BT_1E1")
	)
	(Comment
		(Time 02/25/16,09:26:10)
		(User Mariel.Mabituin)
		(MsgId ECO_021)
		(Text "Package CAP_POL_CASE_K161 added to cell")
		(Param1 "CAP_POL_CASE_K161")
	)
	(Comment
		(Time 02/25/16,10:50:03)
		(User Mariel.Mabituin)
		(MsgId ECO_021)
		(Text "Package CAP_POL_CASE_D4D1 added to cell")
		(Param1 "CAP_POL_CASE_D4D1")
	)
	(Comment
		(Time 02/25/16,10:51:29)
		(User Mariel.Mabituin)
		(MsgId ECO_022)
		(Text "Package CAP_POL_CASE_B6 deleted from cell")
		(Param1 "CAP_POL_CASE_B6")
	)
	(Comment
		(Time 03/02/16,23:14:44)
		(User Jayson.Navarro)
		(MsgId ECO_021)
		(Text "Package CAP_POL_CAPAE1030X1080M1 added to cell")
		(Param1 "CAP_POL_CAPAE1030X1080M1")
	)
	(Comment
		(Time 06/15/16,14:44:39)
		(User Mariel.Mabituin)
		(MsgId ECO_021)
		(Text "Package CAP_POL_CASE_D4D1 added to cell")
		(Param1 "CAP_POL_CASE_D4D1")
	)
