FILE_TYPE=LIBRARY_PARTS;
primitive 'SN74AVC4T234_UCSP11';
  pin
    'OUT_1':
      PIN_NUMBER='(A7)';
      OUTPUT_LOAD='(1.0,-1.0)';
    'OUT_2':
      PIN_NUMBER='(A5)';
      OUTPUT_LOAD='(1.0,-1.0)';
    'OUT_3':
      PIN_NUMBER='(A3)';
      OUTPUT_LOAD='(1.0,-1.0)';
    'OUT_4':
      PIN_NUMBER='(A1)';
      OUTPUT_LOAD='(1.0,-1.0)';
    'IN_1':
      PIN_NUMBER='(C7)';
      INPUT_LOAD='(-0.01,0.01)';
    'IN_2':
      PIN_NUMBER='(C5)';
      INPUT_LOAD='(-0.01,0.01)';
    'IN_3':
      PIN_NUMBER='(C3)';
      INPUT_LOAD='(-0.01,0.01)';
    'IN_4':
      PIN_NUMBER='(C1)';
      INPUT_LOAD='(-0.01,0.01)';
    'VCCA':
      PIN_NUMBER='(B6)';
      PINUSE='POWER';
      NO_LOAD_CHECK='Both';
      NO_IO_CHECK='Both';
      NO_ASSERT_CHECK='TRUE';
      NO_DIR_CHECK='TRUE';
      ALLOW_CONNECT='TRUE';
    'VCCB':
      PIN_NUMBER='(B4)';
      PINUSE='POWER';
      NO_LOAD_CHECK='Both';
      NO_IO_CHECK='Both';
      NO_ASSERT_CHECK='TRUE';
      NO_DIR_CHECK='TRUE';
      ALLOW_CONNECT='TRUE';
    'GND':
      PIN_NUMBER='(B2)';
      PINUSE='GROUND';
      NO_LOAD_CHECK='Both';
      NO_IO_CHECK='Both';
      NO_ASSERT_CHECK='TRUE';
      NO_DIR_CHECK='TRUE';
      ALLOW_CONNECT='TRUE';
  end_pin;
  body
    PART_NAME='SN74AVC4T234';
    BODY_NAME='SN74AVC4T234';
    JEDEC_TYPE='BGA11C43X25P3X7_140X200X45M';
    PHYS_DES_PREFIX='U';
    CLASS='IC';
  end_body;
end_primitive;

END.
