FILE_TYPE=LIBRARY_PARTS;
primitive 'CAP_POL','CAP_POL_2012CAP';
  pin
    'B':
      PIN_NUMBER='(2)';
      PIN_TYPE='ANALOG';
      NO_LOAD_CHECK='Both';
      NO_IO_CHECK='Both';
      NO_ASSERT_CHECK='TRUE';
      NO_DIR_CHECK='TRUE';
      ALLOW_CONNECT='TRUE';
    'A':
      PIN_NUMBER='(1)';
      PIN_TYPE='ANALOG';
      NO_LOAD_CHECK='Both';
      NO_IO_CHECK='Both';
      NO_ASSERT_CHECK='TRUE';
      NO_DIR_CHECK='TRUE';
      ALLOW_CONNECT='TRUE';
  end_pin;
  body
    PART_NAME='CAP_POL';
    BODY_NAME='CAP_POL';
    JEDEC_TYPE='0603';
    PHYS_DES_PREFIX='C';
    CLASS='DISCRETE';
  end_body;
end_primitive;

primitive 'CAP_POL_3216CAP','CAP_POL_1608CAP';
  pin
    'B':
      PIN_NUMBER='(2)';
      PIN_TYPE='ANALOG';
      NO_LOAD_CHECK='Both';
      NO_IO_CHECK='Both';
      NO_ASSERT_CHECK='TRUE';
      NO_DIR_CHECK='TRUE';
      ALLOW_CONNECT='TRUE';
    'A':
      PIN_NUMBER='(1)';
      PIN_TYPE='ANALOG';
      NO_LOAD_CHECK='Both';
      NO_IO_CHECK='Both';
      NO_ASSERT_CHECK='TRUE';
      NO_DIR_CHECK='TRUE';
      ALLOW_CONNECT='TRUE';
  end_pin;
  body
    PART_NAME='CAP_POL';
    BODY_NAME='CAP_POL';
    JEDEC_TYPE='CAPMP3216X180M';
    PHYS_DES_PREFIX='C';
    CLASS='DISCRETE';
  end_body;
end_primitive;

primitive 'CAP_POL_3528CAP';
  pin
    'B':
      PIN_NUMBER='(2)';
      PIN_TYPE='ANALOG';
      NO_LOAD_CHECK='Both';
      NO_IO_CHECK='Both';
      NO_ASSERT_CHECK='TRUE';
      NO_DIR_CHECK='TRUE';
      ALLOW_CONNECT='TRUE';
    'A':
      PIN_NUMBER='(1)';
      PIN_TYPE='ANALOG';
      NO_LOAD_CHECK='Both';
      NO_IO_CHECK='Both';
      NO_ASSERT_CHECK='TRUE';
      NO_DIR_CHECK='TRUE';
      ALLOW_CONNECT='TRUE';
  end_pin;
  body
    PART_NAME='CAP_POL';
    BODY_NAME='CAP_POL';
    JEDEC_TYPE='CAPMP3528X210M';
    PHYS_DES_PREFIX='C';
    CLASS='DISCRETE';
  end_body;
end_primitive;

primitive 'CAP_POL_7343CAP';
  pin
    'B':
      PIN_NUMBER='(2)';
      PIN_TYPE='ANALOG';
      NO_LOAD_CHECK='Both';
      NO_IO_CHECK='Both';
      NO_ASSERT_CHECK='TRUE';
      NO_DIR_CHECK='TRUE';
      ALLOW_CONNECT='TRUE';
    'A':
      PIN_NUMBER='(1)';
      PIN_TYPE='ANALOG';
      NO_LOAD_CHECK='Both';
      NO_IO_CHECK='Both';
      NO_ASSERT_CHECK='TRUE';
      NO_DIR_CHECK='TRUE';
      ALLOW_CONNECT='TRUE';
  end_pin;
  body
    PART_NAME='CAP_POL';
    BODY_NAME='CAP_POL';
    JEDEC_TYPE='CAPMP7343X430M';
    PHYS_DES_PREFIX='C';
    CLASS='DISCRETE';
  end_body;
end_primitive;

primitive 'CAP_POL_6032CAP';
  pin
    'B':
      PIN_NUMBER='(2)';
      PIN_TYPE='ANALOG';
      NO_LOAD_CHECK='Both';
      NO_IO_CHECK='Both';
      NO_ASSERT_CHECK='TRUE';
      NO_DIR_CHECK='TRUE';
      ALLOW_CONNECT='TRUE';
    'A':
      PIN_NUMBER='(1)';
      PIN_TYPE='ANALOG';
      NO_LOAD_CHECK='Both';
      NO_IO_CHECK='Both';
      NO_ASSERT_CHECK='TRUE';
      NO_DIR_CHECK='TRUE';
      ALLOW_CONNECT='TRUE';
  end_pin;
  body
    PART_NAME='CAP_POL';
    BODY_NAME='CAP_POL';
    JEDEC_TYPE='CAPMP6032X280M';
    PHYS_DES_PREFIX='C';
    CLASS='DISCRETE';
  end_body;
end_primitive;

primitive 'CAP_POL_7361CAP';
  pin
    'B':
      PIN_NUMBER='(2)';
      PIN_TYPE='ANALOG';
      NO_LOAD_CHECK='Both';
      NO_IO_CHECK='Both';
      NO_ASSERT_CHECK='TRUE';
      NO_DIR_CHECK='TRUE';
      ALLOW_CONNECT='TRUE';
    'A':
      PIN_NUMBER='(1)';
      PIN_TYPE='ANALOG';
      NO_LOAD_CHECK='Both';
      NO_IO_CHECK='Both';
      NO_ASSERT_CHECK='TRUE';
      NO_DIR_CHECK='TRUE';
      ALLOW_CONNECT='TRUE';
  end_pin;
  body
    PART_NAME='CAP_POL';
    BODY_NAME='CAP_POL';
    JEDEC_TYPE='CAPMP7365X370M';
    PHYS_DES_PREFIX='C';
    CLASS='DISCRETE';
  end_body;
end_primitive;

primitive 'CAP_POL_CASEB';
  pin
    'B':
      PIN_NUMBER='(2)';
      PIN_TYPE='ANALOG';
      NO_LOAD_CHECK='Both';
      NO_IO_CHECK='Both';
      NO_ASSERT_CHECK='TRUE';
      NO_DIR_CHECK='TRUE';
      ALLOW_CONNECT='TRUE';
    'A':
      PIN_NUMBER='(1)';
      PIN_TYPE='ANALOG';
      NO_LOAD_CHECK='Both';
      NO_IO_CHECK='Both';
      NO_ASSERT_CHECK='TRUE';
      NO_DIR_CHECK='TRUE';
      ALLOW_CONNECT='TRUE';
  end_pin;
  body
    PART_NAME='CAP_POL';
    BODY_NAME='CAP_POL';
    JEDEC_TYPE='CAPAE430X540M';
    PHYS_DES_PREFIX='C';
    CLASS='DISCRETE';
  end_body;
end_primitive;

primitive 'CAP_POL_CASED';
  pin
    'B':
      PIN_NUMBER='(2)';
      PIN_TYPE='ANALOG';
      NO_LOAD_CHECK='Both';
      NO_IO_CHECK='Both';
      NO_ASSERT_CHECK='TRUE';
      NO_DIR_CHECK='TRUE';
      ALLOW_CONNECT='TRUE';
    'A':
      PIN_NUMBER='(1)';
      PIN_TYPE='ANALOG';
      NO_LOAD_CHECK='Both';
      NO_IO_CHECK='Both';
      NO_ASSERT_CHECK='TRUE';
      NO_DIR_CHECK='TRUE';
      ALLOW_CONNECT='TRUE';
  end_pin;
  body
    PART_NAME='CAP_POL';
    BODY_NAME='CAP_POL';
    JEDEC_TYPE='CAPAE660X540M';
    PHYS_DES_PREFIX='C';
    CLASS='DISCRETE';
  end_body;
end_primitive;

primitive 'CAP_POL_CASEE';
  pin
    'B':
      PIN_NUMBER='(2)';
      PIN_TYPE='ANALOG';
      NO_LOAD_CHECK='Both';
      NO_IO_CHECK='Both';
      NO_ASSERT_CHECK='TRUE';
      NO_DIR_CHECK='TRUE';
      ALLOW_CONNECT='TRUE';
    'A':
      PIN_NUMBER='(1)';
      PIN_TYPE='ANALOG';
      NO_LOAD_CHECK='Both';
      NO_IO_CHECK='Both';
      NO_ASSERT_CHECK='TRUE';
      NO_DIR_CHECK='TRUE';
      ALLOW_CONNECT='TRUE';
  end_pin;
  body
    PART_NAME='CAP_POL';
    BODY_NAME='CAP_POL';
    JEDEC_TYPE='CAPAE830X620M';
    PHYS_DES_PREFIX='C';
    CLASS='DISCRETE';
  end_body;
end_primitive;

primitive 'CAP_POL_CASEF';
  pin
    'B':
      PIN_NUMBER='(2)';
      PIN_TYPE='ANALOG';
      NO_LOAD_CHECK='Both';
      NO_IO_CHECK='Both';
      NO_ASSERT_CHECK='TRUE';
      NO_DIR_CHECK='TRUE';
      ALLOW_CONNECT='TRUE';
    'A':
      PIN_NUMBER='(1)';
      PIN_TYPE='ANALOG';
      NO_LOAD_CHECK='Both';
      NO_IO_CHECK='Both';
      NO_ASSERT_CHECK='TRUE';
      NO_DIR_CHECK='TRUE';
      ALLOW_CONNECT='TRUE';
  end_pin;
  body
    PART_NAME='CAP_POL';
    BODY_NAME='CAP_POL';
    JEDEC_TYPE='CAPAE830X1020M';
    PHYS_DES_PREFIX='C';
    CLASS='DISCRETE';
  end_body;
end_primitive;

primitive 'CAP_POL_CASEG';
  pin
    'B':
      PIN_NUMBER='(2)';
      PIN_TYPE='ANALOG';
      NO_LOAD_CHECK='Both';
      NO_IO_CHECK='Both';
      NO_ASSERT_CHECK='TRUE';
      NO_DIR_CHECK='TRUE';
      ALLOW_CONNECT='TRUE';
    'A':
      PIN_NUMBER='(1)';
      PIN_TYPE='ANALOG';
      NO_LOAD_CHECK='Both';
      NO_IO_CHECK='Both';
      NO_ASSERT_CHECK='TRUE';
      NO_DIR_CHECK='TRUE';
      ALLOW_CONNECT='TRUE';
  end_pin;
  body
    PART_NAME='CAP_POL';
    BODY_NAME='CAP_POL';
    JEDEC_TYPE='CAPAE1030X1020M';
    PHYS_DES_PREFIX='C';
    CLASS='DISCRETE';
  end_body;
end_primitive;

primitive 'CAP_POL_CAPPR500-1250X2000';
  pin
    'B':
      PIN_NUMBER='(2)';
      PIN_TYPE='ANALOG';
      NO_LOAD_CHECK='Both';
      NO_IO_CHECK='Both';
      NO_ASSERT_CHECK='TRUE';
      NO_DIR_CHECK='TRUE';
      ALLOW_CONNECT='TRUE';
    'A':
      PIN_NUMBER='(1)';
      PIN_TYPE='ANALOG';
      NO_LOAD_CHECK='Both';
      NO_IO_CHECK='Both';
      NO_ASSERT_CHECK='TRUE';
      NO_DIR_CHECK='TRUE';
      ALLOW_CONNECT='TRUE';
  end_pin;
  body
    PART_NAME='CAP_POL';
    BODY_NAME='CAP_POL';
    JEDEC_TYPE='CAPPR500-1250X2000';
    PHYS_DES_PREFIX='C';
    CLASS='DISCRETE';
  end_body;
end_primitive;

primitive 'CAP_POL_CAPPR500-1000X1150';
  pin
    'B':
      PIN_NUMBER='(2)';
      PIN_TYPE='ANALOG';
      NO_LOAD_CHECK='Both';
      NO_IO_CHECK='Both';
      NO_ASSERT_CHECK='TRUE';
      NO_DIR_CHECK='TRUE';
      ALLOW_CONNECT='TRUE';
    'A':
      PIN_NUMBER='(1)';
      PIN_TYPE='ANALOG';
      NO_LOAD_CHECK='Both';
      NO_IO_CHECK='Both';
      NO_ASSERT_CHECK='TRUE';
      NO_DIR_CHECK='TRUE';
      ALLOW_CONNECT='TRUE';
  end_pin;
  body
    PART_NAME='CAP_POL';
    BODY_NAME='CAP_POL';
    JEDEC_TYPE='CAPPR500-1000X1150';
    PHYS_DES_PREFIX='C';
    CLASS='DISCRETE';
  end_body;
end_primitive;

primitive 'CAP_POL_CAPPR250-630X980','CAP_POL_CAPPR250-630X1100','CAP_POL_CAPPR250-630X1220';
  pin
    'B':
      PIN_NUMBER='(2)';
      PIN_TYPE='ANALOG';
      NO_LOAD_CHECK='Both';
      NO_IO_CHECK='Both';
      NO_ASSERT_CHECK='TRUE';
      NO_DIR_CHECK='TRUE';
      ALLOW_CONNECT='TRUE';
    'A':
      PIN_NUMBER='(1)';
      PIN_TYPE='ANALOG';
      NO_LOAD_CHECK='Both';
      NO_IO_CHECK='Both';
      NO_ASSERT_CHECK='TRUE';
      NO_DIR_CHECK='TRUE';
      ALLOW_CONNECT='TRUE';
  end_pin;
  body
    PART_NAME='CAP_POL';
    BODY_NAME='CAP_POL';
    JEDEC_TYPE='CAPPR250-630X980';
    PHYS_DES_PREFIX='C';
    CLASS='DISCRETE';
  end_body;
end_primitive;

primitive 'CAP_POL_CAPPR200-500X800';
  pin
    'B':
      PIN_NUMBER='(2)';
      PIN_TYPE='ANALOG';
      NO_LOAD_CHECK='Both';
      NO_IO_CHECK='Both';
      NO_ASSERT_CHECK='TRUE';
      NO_DIR_CHECK='TRUE';
      ALLOW_CONNECT='TRUE';
    'A':
      PIN_NUMBER='(1)';
      PIN_TYPE='ANALOG';
      NO_LOAD_CHECK='Both';
      NO_IO_CHECK='Both';
      NO_ASSERT_CHECK='TRUE';
      NO_DIR_CHECK='TRUE';
      ALLOW_CONNECT='TRUE';
  end_pin;
  body
    PART_NAME='CAP_POL';
    BODY_NAME='CAP_POL';
    JEDEC_TYPE='CAPPR200-500X800';
    PHYS_DES_PREFIX='C';
    CLASS='DISCRETE';
  end_body;
end_primitive;

primitive 'CAP_POL_CAPPR350-800X1150';
  pin
    'B':
      PIN_NUMBER='(2)';
      PIN_TYPE='ANALOG';
      NO_LOAD_CHECK='Both';
      NO_IO_CHECK='Both';
      NO_ASSERT_CHECK='TRUE';
      NO_DIR_CHECK='TRUE';
      ALLOW_CONNECT='TRUE';
    'A':
      PIN_NUMBER='(1)';
      PIN_TYPE='ANALOG';
      NO_LOAD_CHECK='Both';
      NO_IO_CHECK='Both';
      NO_ASSERT_CHECK='TRUE';
      NO_DIR_CHECK='TRUE';
      ALLOW_CONNECT='TRUE';
  end_pin;
  body
    PART_NAME='CAP_POL';
    BODY_NAME='CAP_POL';
    JEDEC_TYPE='CAPPR350-800X1150';
    PHYS_DES_PREFIX='C';
    CLASS='DISCRETE';
  end_body;
end_primitive;

primitive 'CAP_POL_TH';
  pin
    'B':
      PIN_NUMBER='(2)';
      PIN_TYPE='ANALOG';
      NO_LOAD_CHECK='Both';
      NO_IO_CHECK='Both';
      NO_ASSERT_CHECK='TRUE';
      NO_DIR_CHECK='TRUE';
      ALLOW_CONNECT='TRUE';
    'A':
      PIN_NUMBER='(1)';
      PIN_TYPE='ANALOG';
      NO_LOAD_CHECK='Both';
      NO_IO_CHECK='Both';
      NO_ASSERT_CHECK='TRUE';
      NO_DIR_CHECK='TRUE';
      ALLOW_CONNECT='TRUE';
  end_pin;
  body
    PART_NAME='CAP_POL';
    BODY_NAME='CAP_POL';
    JEDEC_TYPE='CAPA2950-2200X130';
    PHYS_DES_PREFIX='C';
    CLASS='DISCRETE';
  end_body;
end_primitive;

primitive 'CAP_POL_CASEJ';
  pin
    'B':
      PIN_NUMBER='(2)';
      PIN_TYPE='ANALOG';
      NO_LOAD_CHECK='Both';
      NO_IO_CHECK='Both';
      NO_ASSERT_CHECK='TRUE';
      NO_DIR_CHECK='TRUE';
      ALLOW_CONNECT='TRUE';
    'A':
      PIN_NUMBER='(1)';
      PIN_TYPE='ANALOG';
      NO_LOAD_CHECK='Both';
      NO_IO_CHECK='Both';
      NO_ASSERT_CHECK='TRUE';
      NO_DIR_CHECK='TRUE';
      ALLOW_CONNECT='TRUE';
  end_pin;
  body
    PART_NAME='CAP_POL';
    BODY_NAME='CAP_POL';
    JEDEC_TYPE='CAPAE1700X2150M';
    PHYS_DES_PREFIX='C';
    CLASS='DISCRETE';
  end_body;
end_primitive;

primitive 'CAP_POL_CASE_F61','CAP_POL_CASE_H80','CAP_POL_CASE_E61','CAP_POL_CASE_H70','CAP_POL_CASE_F80','CAP_POL_CASE_F60','CAP_POL_CASE_J80','CAP_POL_CASE_B6';
  pin
    'B':
      PIN_NUMBER='(K)';
      PIN_TYPE='ANALOG';
      NO_LOAD_CHECK='Both';
      NO_IO_CHECK='Both';
      NO_ASSERT_CHECK='TRUE';
      NO_DIR_CHECK='TRUE';
      ALLOW_CONNECT='TRUE';
    'A':
      PIN_NUMBER='(A)';
      PIN_TYPE='ANALOG';
      NO_LOAD_CHECK='Both';
      NO_IO_CHECK='Both';
      NO_ASSERT_CHECK='TRUE';
      NO_DIR_CHECK='TRUE';
      ALLOW_CONNECT='TRUE';
  end_pin;
  body
    PART_NAME='CAP_POL';
    BODY_NAME='CAP_POL';
    JEDEC_TYPE='CAPAE680X610M';
    PHYS_DES_PREFIX='C';
    CLASS='DISCRETE';
  end_body;
end_primitive;

primitive 'CAP_POL_CAPPR350-650X1150';
  pin
    'B':
      PIN_NUMBER='(2)';
      PIN_TYPE='ANALOG';
      NO_LOAD_CHECK='Both';
      NO_IO_CHECK='Both';
      NO_ASSERT_CHECK='TRUE';
      NO_DIR_CHECK='TRUE';
      ALLOW_CONNECT='TRUE';
    'A':
      PIN_NUMBER='(1)';
      PIN_TYPE='ANALOG';
      NO_LOAD_CHECK='Both';
      NO_IO_CHECK='Both';
      NO_ASSERT_CHECK='TRUE';
      NO_DIR_CHECK='TRUE';
      ALLOW_CONNECT='TRUE';
  end_pin;
  body
    PART_NAME='CAP_POL';
    BODY_NAME='CAP_POL';
    JEDEC_TYPE='CAPPR350-650X1150';
    PHYS_DES_PREFIX='C';
    CLASS='DISCRETE';
  end_body;
end_primitive;

primitive 'CAP_POL_CASEC';
  pin
    'B':
      PIN_NUMBER='(2)';
      PIN_TYPE='ANALOG';
      NO_LOAD_CHECK='Both';
      NO_IO_CHECK='Both';
      NO_ASSERT_CHECK='TRUE';
      NO_DIR_CHECK='TRUE';
      ALLOW_CONNECT='TRUE';
    'A':
      PIN_NUMBER='(1)';
      PIN_TYPE='ANALOG';
      NO_LOAD_CHECK='Both';
      NO_IO_CHECK='Both';
      NO_ASSERT_CHECK='TRUE';
      NO_DIR_CHECK='TRUE';
      ALLOW_CONNECT='TRUE';
  end_pin;
  body
    PART_NAME='CAP_POL';
    BODY_NAME='CAP_POL';
    JEDEC_TYPE='CAPAE530X610M';
    PHYS_DES_PREFIX='C';
    CLASS='DISCRETE';
  end_body;
end_primitive;

primitive 'CAP_POL_TPE_C2';
  pin
    'B':
      PIN_NUMBER='(2)';
      PIN_TYPE='ANALOG';
      NO_LOAD_CHECK='Both';
      NO_IO_CHECK='Both';
      NO_ASSERT_CHECK='TRUE';
      NO_DIR_CHECK='TRUE';
      ALLOW_CONNECT='TRUE';
    'A':
      PIN_NUMBER='(1)';
      PIN_TYPE='ANALOG';
      NO_LOAD_CHECK='Both';
      NO_IO_CHECK='Both';
      NO_ASSERT_CHECK='TRUE';
      NO_DIR_CHECK='TRUE';
      ALLOW_CONNECT='TRUE';
  end_pin;
  body
    PART_NAME='CAP_POL';
    BODY_NAME='CAP_POL';
    JEDEC_TYPE='CAPMP6032X190M';
    PHYS_DES_PREFIX='C';
    CLASS='DISCRETE';
  end_body;
end_primitive;

primitive 'CAP_POL_CASE_H13';
  pin
    'B':
      PIN_NUMBER='(2)';
      PIN_TYPE='ANALOG';
      NO_LOAD_CHECK='Both';
      NO_IO_CHECK='Both';
      NO_ASSERT_CHECK='TRUE';
      NO_DIR_CHECK='TRUE';
      ALLOW_CONNECT='TRUE';
    'A':
      PIN_NUMBER='(1)';
      PIN_TYPE='ANALOG';
      NO_LOAD_CHECK='Both';
      NO_IO_CHECK='Both';
      NO_ASSERT_CHECK='TRUE';
      NO_DIR_CHECK='TRUE';
      ALLOW_CONNECT='TRUE';
  end_pin;
  body
    PART_NAME='CAP_POL';
    BODY_NAME='CAP_POL';
    JEDEC_TYPE='CAPAE1370X1400M';
    PHYS_DES_PREFIX='C';
    CLASS='DISCRETE';
  end_body;
end_primitive;

primitive 'CAP_POL_CASE_JC0';
  pin
    'B':
      PIN_NUMBER='(K)';
      PIN_TYPE='ANALOG';
      NO_LOAD_CHECK='Both';
      NO_IO_CHECK='Both';
      NO_ASSERT_CHECK='TRUE';
      NO_DIR_CHECK='TRUE';
      ALLOW_CONNECT='TRUE';
    'A':
      PIN_NUMBER='(A)';
      PIN_TYPE='ANALOG';
      NO_LOAD_CHECK='Both';
      NO_IO_CHECK='Both';
      NO_ASSERT_CHECK='TRUE';
      NO_DIR_CHECK='TRUE';
      ALLOW_CONNECT='TRUE';
  end_pin;
  body
    PART_NAME='CAP_POL';
    BODY_NAME='CAP_POL';
    JEDEC_TYPE='CAPAE1030X1270M';
    PHYS_DES_PREFIX='C';
    CLASS='DISCRETE';
  end_body;
end_primitive;

primitive 'CAP_POL_CAPAE830X1200M';
  pin
    'B':
      PIN_NUMBER='(K)';
      PIN_TYPE='ANALOG';
      NO_LOAD_CHECK='Both';
      NO_IO_CHECK='Both';
      NO_ASSERT_CHECK='TRUE';
      NO_DIR_CHECK='TRUE';
      ALLOW_CONNECT='TRUE';
    'A':
      PIN_NUMBER='(A)';
      PIN_TYPE='ANALOG';
      NO_LOAD_CHECK='Both';
      NO_IO_CHECK='Both';
      NO_ASSERT_CHECK='TRUE';
      NO_DIR_CHECK='TRUE';
      ALLOW_CONNECT='TRUE';
  end_pin;
  body
    PART_NAME='CAP_POL';
    BODY_NAME='CAP_POL';
    JEDEC_TYPE='CAPAE830X1200M';
    PHYS_DES_PREFIX='C';
    CLASS='DISCRETE';
  end_body;
end_primitive;

primitive 'CAP_POL_CAPAE1250X1650M';
  pin
    'B':
      PIN_NUMBER='(K)';
      PIN_TYPE='ANALOG';
      NO_LOAD_CHECK='Both';
      NO_IO_CHECK='Both';
      NO_ASSERT_CHECK='TRUE';
      NO_DIR_CHECK='TRUE';
      ALLOW_CONNECT='TRUE';
    'A':
      PIN_NUMBER='(A)';
      PIN_TYPE='ANALOG';
      NO_LOAD_CHECK='Both';
      NO_IO_CHECK='Both';
      NO_ASSERT_CHECK='TRUE';
      NO_DIR_CHECK='TRUE';
      ALLOW_CONNECT='TRUE';
  end_pin;
  body
    PART_NAME='CAP_POL';
    BODY_NAME='CAP_POL';
    JEDEC_TYPE='CAPAE1250X1650M';
    PHYS_DES_PREFIX='C';
    CLASS='DISCRETE';
  end_body;
end_primitive;

primitive 'CAP_POL_CASE_JA0';
  pin
    'B':
      PIN_NUMBER='(K)';
      PIN_TYPE='ANALOG';
      NO_LOAD_CHECK='Both';
      NO_IO_CHECK='Both';
      NO_ASSERT_CHECK='TRUE';
      NO_DIR_CHECK='TRUE';
      ALLOW_CONNECT='TRUE';
    'A':
      PIN_NUMBER='(A)';
      PIN_TYPE='ANALOG';
      NO_LOAD_CHECK='Both';
      NO_IO_CHECK='Both';
      NO_ASSERT_CHECK='TRUE';
      NO_DIR_CHECK='TRUE';
      ALLOW_CONNECT='TRUE';
  end_pin;
  body
    PART_NAME='CAP_POL';
    BODY_NAME='CAP_POL';
    JEDEC_TYPE='CAPAE1030X1050M';
    PHYS_DES_PREFIX='C';
    CLASS='DISCRETE';
  end_body;
end_primitive;

primitive 'CAP_POL_CASE_D8';
  pin
    'B':
      PIN_NUMBER='(2)';
      PIN_TYPE='ANALOG';
      NO_LOAD_CHECK='Both';
      NO_IO_CHECK='Both';
      NO_ASSERT_CHECK='TRUE';
      NO_DIR_CHECK='TRUE';
      ALLOW_CONNECT='TRUE';
    'A':
      PIN_NUMBER='(1)';
      PIN_TYPE='ANALOG';
      NO_LOAD_CHECK='Both';
      NO_IO_CHECK='Both';
      NO_ASSERT_CHECK='TRUE';
      NO_DIR_CHECK='TRUE';
      ALLOW_CONNECT='TRUE';
  end_pin;
  body
    PART_NAME='CAP_POL';
    BODY_NAME='CAP_POL';
    JEDEC_TYPE='CAPAE660X770M';
    PHYS_DES_PREFIX='C';
    CLASS='DISCRETE';
  end_body;
end_primitive;

primitive 'CAP_POL_CASE_HA0';
  pin
    'B':
      PIN_NUMBER='(2)';
      PIN_TYPE='ANALOG';
      NO_LOAD_CHECK='Both';
      NO_IO_CHECK='Both';
      NO_ASSERT_CHECK='TRUE';
      NO_DIR_CHECK='TRUE';
      ALLOW_CONNECT='TRUE';
    'A':
      PIN_NUMBER='(1)';
      PIN_TYPE='ANALOG';
      NO_LOAD_CHECK='Both';
      NO_IO_CHECK='Both';
      NO_ASSERT_CHECK='TRUE';
      NO_DIR_CHECK='TRUE';
      ALLOW_CONNECT='TRUE';
  end_pin;
  body
    PART_NAME='CAP_POL';
    BODY_NAME='CAP_POL';
    JEDEC_TYPE='CAPAE830X1050M';
    PHYS_DES_PREFIX='C';
    CLASS='DISCRETE';
  end_body;
end_primitive;

primitive 'CAP_POL_7132CAP';
  pin
    'B':
      PIN_NUMBER='(2)';
      PIN_TYPE='ANALOG';
      NO_LOAD_CHECK='Both';
      NO_IO_CHECK='Both';
      NO_ASSERT_CHECK='TRUE';
      NO_DIR_CHECK='TRUE';
      ALLOW_CONNECT='TRUE';
    'A':
      PIN_NUMBER='(1)';
      PIN_TYPE='ANALOG';
      NO_LOAD_CHECK='Both';
      NO_IO_CHECK='Both';
      NO_ASSERT_CHECK='TRUE';
      NO_DIR_CHECK='TRUE';
      ALLOW_CONNECT='TRUE';
  end_pin;
  body
    PART_NAME='CAP_POL';
    BODY_NAME='CAP_POL';
    JEDEC_TYPE='CAPCP7132X250M';
    PHYS_DES_PREFIX='C';
    CLASS='DISCRETE';
  end_body;
end_primitive;

primitive 'CAP_POL_CAPPR350-800X1200';
  pin
    'B':
      PIN_NUMBER='(2)';
      PIN_TYPE='ANALOG';
      NO_LOAD_CHECK='Both';
      NO_IO_CHECK='Both';
      NO_ASSERT_CHECK='TRUE';
      NO_DIR_CHECK='TRUE';
      ALLOW_CONNECT='TRUE';
    'A':
      PIN_NUMBER='(1)';
      PIN_TYPE='ANALOG';
      NO_LOAD_CHECK='Both';
      NO_IO_CHECK='Both';
      NO_ASSERT_CHECK='TRUE';
      NO_DIR_CHECK='TRUE';
      ALLOW_CONNECT='TRUE';
  end_pin;
  body
    PART_NAME='CAP_POL';
    BODY_NAME='CAP_POL';
    JEDEC_TYPE='CAPPR350-800X1200';
    PHYS_DES_PREFIX='C';
    CLASS='DISCRETE';
  end_body;
end_primitive;

primitive 'CAP_POL_CAPPR350-800X900';
  pin
    'B':
      PIN_NUMBER='(2)';
      PIN_TYPE='ANALOG';
      NO_LOAD_CHECK='Both';
      NO_IO_CHECK='Both';
      NO_ASSERT_CHECK='TRUE';
      NO_DIR_CHECK='TRUE';
      ALLOW_CONNECT='TRUE';
    'A':
      PIN_NUMBER='(1)';
      PIN_TYPE='ANALOG';
      NO_LOAD_CHECK='Both';
      NO_IO_CHECK='Both';
      NO_ASSERT_CHECK='TRUE';
      NO_DIR_CHECK='TRUE';
      ALLOW_CONNECT='TRUE';
  end_pin;
  body
    PART_NAME='CAP_POL';
    BODY_NAME='CAP_POL';
    JEDEC_TYPE='CAPPR350-800X900';
    PHYS_DES_PREFIX='C';
    CLASS='DISCRETE';
  end_body;
end_primitive;

primitive 'CAP_POL_CAPPR350-800X700';
  pin
    'B':
      PIN_NUMBER='(2)';
      PIN_TYPE='ANALOG';
      NO_LOAD_CHECK='Both';
      NO_IO_CHECK='Both';
      NO_ASSERT_CHECK='TRUE';
      NO_DIR_CHECK='TRUE';
      ALLOW_CONNECT='TRUE';
    'A':
      PIN_NUMBER='(1)';
      PIN_TYPE='ANALOG';
      NO_LOAD_CHECK='Both';
      NO_IO_CHECK='Both';
      NO_ASSERT_CHECK='TRUE';
      NO_DIR_CHECK='TRUE';
      ALLOW_CONNECT='TRUE';
  end_pin;
  body
    PART_NAME='CAP_POL';
    BODY_NAME='CAP_POL';
    JEDEC_TYPE='CAPPR350-800X700';
    PHYS_DES_PREFIX='C';
    CLASS='DISCRETE';
  end_body;
end_primitive;

primitive 'CAP_POL_7343-17CAP';
  pin
    'B':
      PIN_NUMBER='(2)';
      PIN_TYPE='ANALOG';
      NO_LOAD_CHECK='Both';
      NO_IO_CHECK='Both';
      NO_ASSERT_CHECK='TRUE';
      NO_DIR_CHECK='TRUE';
      ALLOW_CONNECT='TRUE';
    'A':
      PIN_NUMBER='(1)';
      PIN_TYPE='ANALOG';
      NO_LOAD_CHECK='Both';
      NO_IO_CHECK='Both';
      NO_ASSERT_CHECK='TRUE';
      NO_DIR_CHECK='TRUE';
      ALLOW_CONNECT='TRUE';
  end_pin;
  body
    PART_NAME='CAP_POL';
    BODY_NAME='CAP_POL';
    JEDEC_TYPE='CAP_7343-17_T528';
    PHYS_DES_PREFIX='C';
    CLASS='DISCRETE';
  end_body;
end_primitive;

primitive 'CAP_POL_CAPPR200-500X1100';
  pin
    'B':
      PIN_NUMBER='(2)';
      PIN_TYPE='ANALOG';
      NO_LOAD_CHECK='Both';
      NO_IO_CHECK='Both';
      NO_ASSERT_CHECK='TRUE';
      NO_DIR_CHECK='TRUE';
      ALLOW_CONNECT='TRUE';
    'A':
      PIN_NUMBER='(1)';
      PIN_TYPE='ANALOG';
      NO_LOAD_CHECK='Both';
      NO_IO_CHECK='Both';
      NO_ASSERT_CHECK='TRUE';
      NO_DIR_CHECK='TRUE';
      ALLOW_CONNECT='TRUE';
  end_pin;
  body
    PART_NAME='CAP_POL';
    BODY_NAME='CAP_POL';
    JEDEC_TYPE='CAPPR200-500X1100';
    PHYS_DES_PREFIX='C';
    CLASS='DISCRETE';
  end_body;
end_primitive;

primitive 'CAP_POL_7360CAP';
  pin
    'B':
      PIN_NUMBER='(2)';
      PIN_TYPE='ANALOG';
      NO_LOAD_CHECK='Both';
      NO_IO_CHECK='Both';
      NO_ASSERT_CHECK='TRUE';
      NO_DIR_CHECK='TRUE';
      ALLOW_CONNECT='TRUE';
    'A':
      PIN_NUMBER='(1)';
      PIN_TYPE='ANALOG';
      NO_LOAD_CHECK='Both';
      NO_IO_CHECK='Both';
      NO_ASSERT_CHECK='TRUE';
      NO_DIR_CHECK='TRUE';
      ALLOW_CONNECT='TRUE';
  end_pin;
  body
    PART_NAME='CAP_POL';
    BODY_NAME='CAP_POL';
    JEDEC_TYPE='CAPMP7360X380M';
    PHYS_DES_PREFIX='C';
    CLASS='DISCRETE';
  end_body;
end_primitive;

primitive 'CAP_POL_CASE_K21';
  pin
    'A':
      PIN_NUMBER='(1)';
      PIN_TYPE='ANALOG';
      NO_LOAD_CHECK='Both';
      NO_IO_CHECK='Both';
      NO_ASSERT_CHECK='TRUE';
      NO_DIR_CHECK='TRUE';
      ALLOW_CONNECT='TRUE';
    'B':
      PIN_NUMBER='(2)';
      PIN_TYPE='ANALOG';
      NO_LOAD_CHECK='Both';
      NO_IO_CHECK='Both';
      NO_ASSERT_CHECK='TRUE';
      NO_DIR_CHECK='TRUE';
      ALLOW_CONNECT='TRUE';
  end_pin;
  body
    PART_NAME='CAP_POL';
    BODY_NAME='CAP_POL';
    JEDEC_TYPE='CAPAE1900X2200M';
    PHYS_DES_PREFIX='C';
    CLASS='DISCRETE';
  end_body;
end_primitive;

primitive 'CAP_POL_CAPAE830X1080M';
  pin
    'B':
      PIN_NUMBER='(K)';
      PIN_TYPE='ANALOG';
      NO_LOAD_CHECK='Both';
      NO_IO_CHECK='Both';
      NO_ASSERT_CHECK='TRUE';
      NO_DIR_CHECK='TRUE';
      ALLOW_CONNECT='TRUE';
    'A':
      PIN_NUMBER='(A)';
      PIN_TYPE='ANALOG';
      NO_LOAD_CHECK='Both';
      NO_IO_CHECK='Both';
      NO_ASSERT_CHECK='TRUE';
      NO_DIR_CHECK='TRUE';
      ALLOW_CONNECT='TRUE';
  end_pin;
  body
    PART_NAME='CAP_POL';
    BODY_NAME='CAP_POL';
    JEDEC_TYPE='CAPAE830X1080M';
    PHYS_DES_PREFIX='C';
    CLASS='DISCRETE';
  end_body;
end_primitive;

primitive 'CAP_POL_CASE_C6';
  pin
    'A':
      PIN_NUMBER='(1)';
      PIN_TYPE='ANALOG';
      NO_LOAD_CHECK='Both';
      NO_IO_CHECK='Both';
      NO_ASSERT_CHECK='TRUE';
      NO_DIR_CHECK='TRUE';
      ALLOW_CONNECT='TRUE';
    'B':
      PIN_NUMBER='(2)';
      PIN_TYPE='ANALOG';
      NO_LOAD_CHECK='Both';
      NO_IO_CHECK='Both';
      NO_ASSERT_CHECK='TRUE';
      NO_DIR_CHECK='TRUE';
      ALLOW_CONNECT='TRUE';
  end_pin;
  body
    PART_NAME='CAP_POL';
    BODY_NAME='CAP_POL';
    JEDEC_TYPE='CAPAE660X600M';
    PHYS_DES_PREFIX='C';
    CLASS='DISCRETE';
  end_body;
end_primitive;

primitive 'CAP_POL_CAPAE1030X1080M';
  pin
    'B':
      PIN_NUMBER='(K)';
      PIN_TYPE='ANALOG';
      NO_LOAD_CHECK='Both';
      NO_IO_CHECK='Both';
      NO_ASSERT_CHECK='TRUE';
      NO_DIR_CHECK='TRUE';
      ALLOW_CONNECT='TRUE';
    'A':
      PIN_NUMBER='(A)';
      PIN_TYPE='ANALOG';
      NO_LOAD_CHECK='Both';
      NO_IO_CHECK='Both';
      NO_ASSERT_CHECK='TRUE';
      NO_DIR_CHECK='TRUE';
      ALLOW_CONNECT='TRUE';
  end_pin;
  body
    PART_NAME='CAP_POL';
    BODY_NAME='CAP_POL';
    JEDEC_TYPE='CAPAE1030X1080M';
    PHYS_DES_PREFIX='C';
    CLASS='DISCRETE';
  end_body;
end_primitive;

primitive 'CAP_POL_CAPAE1030X1000M';
  pin
    'B':
      PIN_NUMBER='(2)';
      PIN_TYPE='ANALOG';
      NO_LOAD_CHECK='Both';
      NO_IO_CHECK='Both';
      NO_ASSERT_CHECK='TRUE';
      NO_DIR_CHECK='TRUE';
      ALLOW_CONNECT='TRUE';
    'A':
      PIN_NUMBER='(1)';
      PIN_TYPE='ANALOG';
      NO_LOAD_CHECK='Both';
      NO_IO_CHECK='Both';
      NO_ASSERT_CHECK='TRUE';
      NO_DIR_CHECK='TRUE';
      ALLOW_CONNECT='TRUE';
  end_pin;
  body
    PART_NAME='CAP_POL';
    BODY_NAME='CAP_POL';
    JEDEC_TYPE='CAPAE1030X1000M';
    PHYS_DES_PREFIX='C';
    CLASS='DISCRETE';
  end_body;
end_primitive;

primitive 'CAP_POL_CAPAE660X800M';
  pin
    'B':
      PIN_NUMBER='(2)';
      PIN_TYPE='ANALOG';
      NO_LOAD_CHECK='Both';
      NO_IO_CHECK='Both';
      NO_ASSERT_CHECK='TRUE';
      NO_DIR_CHECK='TRUE';
      ALLOW_CONNECT='TRUE';
    'A':
      PIN_NUMBER='(1)';
      PIN_TYPE='ANALOG';
      NO_LOAD_CHECK='Both';
      NO_IO_CHECK='Both';
      NO_ASSERT_CHECK='TRUE';
      NO_DIR_CHECK='TRUE';
      ALLOW_CONNECT='TRUE';
  end_pin;
  body
    PART_NAME='CAP_POL';
    BODY_NAME='CAP_POL';
    JEDEC_TYPE='CAPAE660X800M';
    PHYS_DES_PREFIX='C';
    CLASS='DISCRETE';
  end_body;
end_primitive;

primitive 'CAP_POL_2414CAP';
  pin
    'B':
      PIN_NUMBER='(2)';
      PIN_TYPE='ANALOG';
      NO_LOAD_CHECK='Both';
      NO_IO_CHECK='Both';
      NO_ASSERT_CHECK='TRUE';
      NO_DIR_CHECK='TRUE';
      ALLOW_CONNECT='TRUE';
    'A':
      PIN_NUMBER='(1)';
      PIN_TYPE='ANALOG';
      NO_LOAD_CHECK='Both';
      NO_IO_CHECK='Both';
      NO_ASSERT_CHECK='TRUE';
      NO_DIR_CHECK='TRUE';
      ALLOW_CONNECT='TRUE';
  end_pin;
  body
    PART_NAME='CAP_POL';
    BODY_NAME='CAP_POL';
    JEDEC_TYPE='CAPMP2414X120M';
    PHYS_DES_PREFIX='C';
    CLASS='DISCRETE';
  end_body;
end_primitive;

primitive 'CAP_POL_CAPPR350-800X2150';
  pin
    'B':
      PIN_NUMBER='(2)';
      PIN_TYPE='ANALOG';
      NO_LOAD_CHECK='Both';
      NO_IO_CHECK='Both';
      NO_ASSERT_CHECK='TRUE';
      NO_DIR_CHECK='TRUE';
      ALLOW_CONNECT='TRUE';
    'A':
      PIN_NUMBER='(1)';
      PIN_TYPE='ANALOG';
      NO_LOAD_CHECK='Both';
      NO_IO_CHECK='Both';
      NO_ASSERT_CHECK='TRUE';
      NO_DIR_CHECK='TRUE';
      ALLOW_CONNECT='TRUE';
  end_pin;
  body
    PART_NAME='CAP_POL';
    BODY_NAME='CAP_POL';
    JEDEC_TYPE='CAPPR350-800X2150';
    PHYS_DES_PREFIX='C';
    CLASS='DISCRETE';
  end_body;
end_primitive;

primitive 'CAP_POL_CAPPR500-1000X1750';
  pin
    'B':
      PIN_NUMBER='(2)';
      PIN_TYPE='ANALOG';
      NO_LOAD_CHECK='Both';
      NO_IO_CHECK='Both';
      NO_ASSERT_CHECK='TRUE';
      NO_DIR_CHECK='TRUE';
      ALLOW_CONNECT='TRUE';
    'A':
      PIN_NUMBER='(1)';
      PIN_TYPE='ANALOG';
      NO_LOAD_CHECK='Both';
      NO_IO_CHECK='Both';
      NO_ASSERT_CHECK='TRUE';
      NO_DIR_CHECK='TRUE';
      ALLOW_CONNECT='TRUE';
  end_pin;
  body
    PART_NAME='CAP_POL';
    BODY_NAME='CAP_POL';
    JEDEC_TYPE='CAPPR500-1000X1750';
    PHYS_DES_PREFIX='C';
    CLASS='DISCRETE';
  end_body;
end_primitive;

primitive 'CAP_POL_CASE_K16';
  pin
    'B':
      PIN_NUMBER='(2)';
      PIN_TYPE='ANALOG';
      NO_LOAD_CHECK='Both';
      NO_IO_CHECK='Both';
      NO_ASSERT_CHECK='TRUE';
      NO_DIR_CHECK='TRUE';
      ALLOW_CONNECT='TRUE';
    'A':
      PIN_NUMBER='(1)';
      PIN_TYPE='ANALOG';
      NO_LOAD_CHECK='Both';
      NO_IO_CHECK='Both';
      NO_ASSERT_CHECK='TRUE';
      NO_DIR_CHECK='TRUE';
      ALLOW_CONNECT='TRUE';
  end_pin;
  body
    PART_NAME='CAP_POL';
    BODY_NAME='CAP_POL';
    JEDEC_TYPE='CAPAE1900X1700M';
    PHYS_DES_PREFIX='C';
    CLASS='DISCRETE';
  end_body;
end_primitive;

primitive 'CAP_POL_SEPF_F13';
  pin
    'B':
      PIN_NUMBER='(2)';
      PIN_TYPE='ANALOG';
      NO_LOAD_CHECK='Both';
      NO_IO_CHECK='Both';
      NO_ASSERT_CHECK='TRUE';
      NO_DIR_CHECK='TRUE';
      ALLOW_CONNECT='TRUE';
    'A':
      PIN_NUMBER='(1)';
      PIN_TYPE='ANALOG';
      NO_LOAD_CHECK='Both';
      NO_IO_CHECK='Both';
      NO_ASSERT_CHECK='TRUE';
      NO_DIR_CHECK='TRUE';
      ALLOW_CONNECT='TRUE';
  end_pin;
  body
    PART_NAME='CAP_POL';
    BODY_NAME='CAP_POL';
    JEDEC_TYPE='CAPPRD500W60D1000H1300';
    PHYS_DES_PREFIX='C';
    CLASS='DISCRETE';
  end_body;
end_primitive;

primitive 'CAP_POL_BT_1E';
  pin
    'B':
      PIN_NUMBER='(2)';
      PIN_TYPE='ANALOG';
      NO_LOAD_CHECK='Both';
      NO_IO_CHECK='Both';
      NO_ASSERT_CHECK='TRUE';
      NO_DIR_CHECK='TRUE';
      ALLOW_CONNECT='TRUE';
    'A':
      PIN_NUMBER='(1)';
      PIN_TYPE='ANALOG';
      NO_LOAD_CHECK='Both';
      NO_IO_CHECK='Both';
      NO_ASSERT_CHECK='TRUE';
      NO_DIR_CHECK='TRUE';
      ALLOW_CONNECT='TRUE';
  end_pin;
  body
    PART_NAME='CAP_POL';
    BODY_NAME='CAP_POL';
    JEDEC_TYPE='CAPPRD500W60D1000H1800';
    PHYS_DES_PREFIX='C';
    CLASS='DISCRETE';
  end_body;
end_primitive;

primitive 'CAP_POL_146_CTI_1010';
  pin
    'B':
      PIN_NUMBER='(2)';
      PIN_TYPE='ANALOG';
      NO_LOAD_CHECK='Both';
      NO_IO_CHECK='Both';
      NO_ASSERT_CHECK='TRUE';
      NO_DIR_CHECK='TRUE';
      ALLOW_CONNECT='TRUE';
    'A':
      PIN_NUMBER='(1)';
      PIN_TYPE='ANALOG';
      NO_LOAD_CHECK='Both';
      NO_IO_CHECK='Both';
      NO_ASSERT_CHECK='TRUE';
      NO_DIR_CHECK='TRUE';
      ALLOW_CONNECT='TRUE';
  end_pin;
  body
    PART_NAME='CAP_POL';
    BODY_NAME='CAP_POL';
    JEDEC_TYPE='CAPAE1000X1050M';
    PHYS_DES_PREFIX='C';
    CLASS='DISCRETE';
  end_body;
end_primitive;

primitive 'CAP_POL_CASE_D4D';
  pin
    'B':
      PIN_NUMBER='(2)';
      PIN_TYPE='ANALOG';
      NO_LOAD_CHECK='Both';
      NO_IO_CHECK='Both';
      NO_ASSERT_CHECK='TRUE';
      NO_DIR_CHECK='TRUE';
      ALLOW_CONNECT='TRUE';
    'A':
      PIN_NUMBER='(1)';
      PIN_TYPE='ANALOG';
      NO_LOAD_CHECK='Both';
      NO_IO_CHECK='Both';
      NO_ASSERT_CHECK='TRUE';
      NO_DIR_CHECK='TRUE';
      ALLOW_CONNECT='TRUE';
  end_pin;
  body
    PART_NAME='CAP_POL';
    BODY_NAME='CAP_POL';
    JEDEC_TYPE='CAPPM7343X380M';
    PHYS_DES_PREFIX='C';
    CLASS='DISCRETE';
  end_body;
end_primitive;

primitive 'CAP_POL_CAPAE1030X850DD450L320M';
  pin
    'B':
      PIN_NUMBER='(K)';
      PIN_TYPE='ANALOG';
      NO_LOAD_CHECK='Both';
      NO_IO_CHECK='Both';
      NO_ASSERT_CHECK='TRUE';
      NO_DIR_CHECK='TRUE';
      ALLOW_CONNECT='TRUE';
    'A':
      PIN_NUMBER='(A)';
      PIN_TYPE='ANALOG';
      NO_LOAD_CHECK='Both';
      NO_IO_CHECK='Both';
      NO_ASSERT_CHECK='TRUE';
      NO_DIR_CHECK='TRUE';
      ALLOW_CONNECT='TRUE';
  end_pin;
  body
    PART_NAME='CAP_POL';
    BODY_NAME='CAP_POL';
    JEDEC_TYPE='CAPAE1030X850DD450L320M';
    PHYS_DES_PREFIX='C';
    CLASS='DISCRETE';
  end_body;
end_primitive;

primitive 'CAP_POL_CASE_E7';
  pin
    'B':
      PIN_NUMBER='(K)';
      PIN_TYPE='ANALOG';
      NO_LOAD_CHECK='Both';
      NO_IO_CHECK='Both';
      NO_ASSERT_CHECK='TRUE';
      NO_DIR_CHECK='TRUE';
      ALLOW_CONNECT='TRUE';
    'A':
      PIN_NUMBER='(A)';
      PIN_TYPE='ANALOG';
      NO_LOAD_CHECK='Both';
      NO_IO_CHECK='Both';
      NO_ASSERT_CHECK='TRUE';
      NO_DIR_CHECK='TRUE';
      ALLOW_CONNECT='TRUE';
  end_pin;
  body
    PART_NAME='CAP_POL';
    BODY_NAME='CAP_POL';
    JEDEC_TYPE='CAPAE830X700AM';
    PHYS_DES_PREFIX='C';
    CLASS='DISCRETE';
  end_body;
end_primitive;

END.
