	(Comment
		(Time 07/21/11,11:28:25)
		(User Moises.Condicion)
		(MsgId ECO_211)
		(Text "PTF file part.ptf added")
		(Param1 part.ptf)
	)
	(Comment
		(Time 12/15/11,17:25:58)
		(User Moises.Condicion)
		(MsgId ECO_021)
		(Text "Package GENERIC_PACKAGES_TQFN241 added to cell")
		(Param1 GENERIC_PACKAGES_TQFN241)
	)
	(Comment
		(Time 12/15/11,17:26:39)
		(User Moises.Condicion)
		(MsgId ECO_081)
		(Text "Symbol sym_2 added to cell")
		(Param1 sym_2)
	)
	(Comment
		(Time 01/12/12,09:40:29)
		(User Ryan.Cabreza)
		(MsgId ECO_021)
		(Text "Package GENERIC_PACKAGES added to cell")
		(Param1 GENERIC_PACKAGES)
	)
	(Comment
		(Time 01/12/12,09:43:07)
		(User Ryan.Cabreza)
		(MsgId ECO_081)
		(Text "Symbol sym_3 added to cell")
		(Param1 sym_3)
	)
	(Comment
		(Time 01/17/12,11:47:36)
		(User Moises.Condicion)
		(MsgId ECO_021)
		(Text "Package GENERIC_PACKAGES_SOT23-81 added to cell")
		(Param1 GENERIC_PACKAGES_SOT23-81)
	)
	(Comment
		(Time 01/17/12,11:48:33)
		(User Moises.Condicion)
		(MsgId ECO_081)
		(Text "Symbol sym_4 added to cell")
		(Param1 sym_4)
	)
	(Comment
		(Time 04/10/12,09:17:16)
		(User Moises.Condicion)
		(MsgId ECO_021)
		(Text "Package GENERIC_PACKAGES_TQFN241 added to cell")
		(Param1 GENERIC_PACKAGES_TQFN241)
	)
	(Comment
		(Time 04/10/12,10:29:34)
		(User Moises.Condicion)
		(MsgId ECO_081)
		(Text "Symbol sym_5 added to cell")
		(Param1 sym_5)
	)
	(Comment
		(Time 04/11/12,13:12:32)
		(User Moises.Condicion)
		(MsgId ECO_021)
		(Text "Package GENERIC_PACKAGES_TQFN20-EP1 added to cell")
		(Param1 GENERIC_PACKAGES_TQFN20-EP1)
	)
	(Comment
		(Time 04/11/12,13:15:18)
		(User Moises.Condicion)
		(MsgId ECO_081)
		(Text "Symbol sym_6 added to cell")
		(Param1 sym_6)
	)
	(Comment
		(Time 04/16/12,11:06:27)
		(User Moises.Condicion)
		(MsgId ECO_021)
		(Text "Package GENERIC_PACKAGES added to cell")
		(Param1 GENERIC_PACKAGES)
	)
	(Comment
		(Time 04/16/12,11:07:31)
		(User Moises.Condicion)
		(MsgId ECO_081)
		(Text "Symbol sym_7 added to cell")
		(Param1 sym_7)
	)
	(Comment
		(Time 05/07/12,10:55:40)
		(User Ryan.Cabreza)
		(MsgId ECO_021)
		(Text "Package GENERIC_PACKAGES added to cell")
		(Param1 GENERIC_PACKAGES)
	)
	(Comment
		(Time 05/07/12,10:58:00)
		(User Ryan.Cabreza)
		(MsgId ECO_081)
		(Text "Symbol sym_8 added to cell")
		(Param1 sym_8)
	)
	(Comment
		(Time 05/08/12,09:40:17)
		(User Ryan.Cabreza)
		(MsgId ECO_021)
		(Text "Package GENERIC_PACKAGES added to cell")
		(Param1 GENERIC_PACKAGES)
	)
	(Comment
		(Time 05/08/12,09:45:32)
		(User Ryan.Cabreza)
		(MsgId ECO_081)
		(Text "Symbol sym_9 added to cell")
		(Param1 sym_9)
	)
	(Comment
		(Time 06/08/12,10:15:03)
		(User Moises.Condicion)
		(MsgId ECO_021)
		(Text "Package GENERIC_PACKAGES_DIP181 added to cell")
		(Param1 GENERIC_PACKAGES_DIP181)
	)
	(Comment
		(Time 06/08/12,10:31:27)
		(User Moises.Condicion)
		(MsgId ECO_021)
		(Text "Package GENERIC_PACKAGES_SOT23-81 added to cell")
		(Param1 GENERIC_PACKAGES_SOT23-81)
	)
	(Comment
		(Time 06/18/12,10:12:44)
		(User Moises.Condicion)
		(MsgId ECO_021)
		(Text "Package GENERIC_PACKAGES_TSSOP241 added to cell")
		(Param1 GENERIC_PACKAGES_TSSOP241)
	)
	(Comment
		(Time 08/17/12,14:31:03)
		(User Moises.Condicion)
		(MsgId ECO_021)
		(Text "Package GENERIC_PACKAGES_TQFN32-EP1 added to cell")
		(Param1 GENERIC_PACKAGES_TQFN32-EP1)
	)
	(Comment
		(Time 08/17/12,14:32:33)
		(User Moises.Condicion)
		(MsgId ECO_081)
		(Text "Symbol sym_10 added to cell")
		(Param1 sym_10)
	)
	(Comment
		(Time 08/30/12,17:43:24)
		(User Ryan.Cabreza)
		(MsgId ECO_021)
		(Text "Package GENERIC_PACKAGES_DIP24-6001 added to cell")
		(Param1 GENERIC_PACKAGES_DIP24-6001)
	)
	(Comment
		(Time 08/30/12,17:44:47)
		(User Ryan.Cabreza)
		(MsgId ECO_081)
		(Text "Symbol sym_11 added to cell")
		(Param1 sym_11)
	)
	(Comment
		(Time 08/30/12,18:01:31)
		(User Ryan.Cabreza)
		(MsgId ECO_021)
		(Text "Package GENERIC_PACKAGES_WSOIC181 added to cell")
		(Param1 GENERIC_PACKAGES_WSOIC181)
	)
	(Comment
		(Time 08/30/12,18:02:47)
		(User Ryan.Cabreza)
		(MsgId ECO_081)
		(Text "Symbol sym_12 added to cell")
		(Param1 sym_12)
	)
	(Comment
		(Time 09/12/12,13:53:44)
		(User Ryan.Cabreza)
		(MsgId ECO_021)
		(Text "Package GENERIC_PACKAGES_WSOIC281 added to cell")
		(Param1 GENERIC_PACKAGES_WSOIC281)
	)
	(Comment
		(Time 09/12/12,13:54:23)
		(User Ryan.Cabreza)
		(MsgId ECO_022)
		(Text "Package GENERIC_PACKAGES_WSOIC281 deleted from cell")
		(Param1 GENERIC_PACKAGES_WSOIC281)
	)
	(Comment
		(Time 09/21/12,13:50:46)
		(User Ryan.Cabreza)
		(MsgId ECO_021)
		(Text "Package GENERIC_PACKAGES_SOT23-81 added to cell")
		(Param1 GENERIC_PACKAGES_SOT23-81)
	)
	(Comment
		(Time 09/21/12,13:51:31)
		(User Ryan.Cabreza)
		(MsgId ECO_081)
		(Text "Symbol sym_13 added to cell")
		(Param1 sym_13)
	)
	(Comment
		(Time 10/05/12,13:37:22)
		(User Moises.Condicion)
		(MsgId ECO_021)
		(Text "Package GENERIC_PACKAGES added to cell")
		(Param1 GENERIC_PACKAGES)
	)
	(Comment
		(Time 10/05/12,13:40:33)
		(User Moises.Condicion)
		(MsgId ECO_021)
		(Text "Package GENERIC_PACKAGES added to cell")
		(Param1 GENERIC_PACKAGES)
	)
	(Comment
		(Time 10/05/12,13:51:48)
		(User Moises.Condicion)
		(MsgId ECO_021)
		(Text "Package GENERIC_PACKAGES added to cell")
		(Param1 GENERIC_PACKAGES)
	)
	(Comment
		(Time 10/05/12,14:47:02)
		(User Moises.Condicion)
		(MsgId ECO_021)
		(Text "Package GENERIC_PACKAGES added to cell")
		(Param1 GENERIC_PACKAGES)
	)
	(Comment
		(Time 10/12/12,11:47:05)
		(User Moises.Condicion)
		(MsgId ECO_021)
		(Text "Package GENERIC_PACKAGES_CASEE1 added to cell")
		(Param1 GENERIC_PACKAGES_CASEE1)
	)
	(Comment
		(Time 10/22/12,16:59:57)
		(User Moises.Condicion)
		(MsgId ECO_021)
		(Text "Package GENERIC_PACKAGES_TSSOP141 added to cell")
		(Param1 GENERIC_PACKAGES_TSSOP141)
	)
	(Comment
		(Time 10/22/12,17:01:02)
		(User Moises.Condicion)
		(MsgId ECO_081)
		(Text "Symbol sym_18 added to cell")
		(Param1 sym_18)
	)
	(Comment
		(Time 10/26/12,09:59:09)
		(User Moises.Condicion)
		(MsgId ECO_021)
		(Text "Package GENERIC_PACKAGES_SOT23-81 added to cell")
		(Param1 GENERIC_PACKAGES_SOT23-81)
	)
	(Comment
		(Time 10/26/12,10:02:57)
		(User Moises.Condicion)
		(MsgId ECO_081)
		(Text "Symbol sym_19 added to cell")
		(Param1 sym_19)
	)
	(Comment
		(Time 10/26/12,10:19:40)
		(User Moises.Condicion)
		(MsgId ECO_021)
		(Text "Package GENERIC_PACKAGES_SOT23-61 added to cell")
		(Param1 GENERIC_PACKAGES_SOT23-61)
	)
	(Comment
		(Time 10/26/12,10:21:25)
		(User Moises.Condicion)
		(MsgId ECO_081)
		(Text "Symbol sym_20 added to cell")
		(Param1 sym_20)
	)
	(Comment
		(Time 11/06/12,13:39:39)
		(User Moises.Condicion)
		(MsgId ECO_021)
		(Text "Package GENERIC_PACKAGES_0603CAP1 added to cell")
		(Param1 GENERIC_PACKAGES_0603CAP1)
	)
	(Comment
		(Time 11/06/12,13:39:51)
		(User Moises.Condicion)
		(MsgId ECO_022)
		(Text "Package GENERIC_PACKAGES_0603CAP1 deleted from cell")
		(Param1 GENERIC_PACKAGES_0603CAP1)
	)
	(Comment
		(Time 11/06/12,13:40:07)
		(User Moises.Condicion)
		(MsgId ECO_021)
		(Text "Package GENERIC_PACKAGES_0603RES1 added to cell")
		(Param1 GENERIC_PACKAGES_0603RES1)
	)
	(Comment
		(Time 12/03/12,06:39:38)
		(User tois)
		(MsgId ECO_081)
		(Text "Symbol sym_22 added to cell")
		(Param1 sym_22)
	)
	(Comment
		(Time 12/03/12,06:45:48)
		(User tois)
		(MsgId ECO_021)
		(Text "Package GENERIC_PACKAGES_TDFN12-EP1 added to cell")
		(Param1 GENERIC_PACKAGES_TDFN12-EP1)
	)
	(Comment
		(Time 12/05/12,20:04:30)
		(User Ryan.Cabreza)
		(MsgId ECO_021)
		(Text "Package GENERIC_PACKAGES_TQFN241 added to cell")
		(Param1 GENERIC_PACKAGES_TQFN241)
	)
	(Comment
		(Time 12/05/12,20:06:47)
		(User Ryan.Cabreza)
		(MsgId ECO_081)
		(Text "Symbol sym_23 added to cell")
		(Param1 sym_23)
	)
	(Comment
		(Time 12/05/12,20:12:04)
		(User Ryan.Cabreza)
		(MsgId ECO_082)
		(Text "Symbol sym_23 deleted from cell")
		(Param1 sym_23)
	)
	(Comment
		(Time 12/05/12,20:12:12)
		(User Ryan.Cabreza)
		(MsgId ECO_081)
		(Text "Symbol sym_23 added to cell")
		(Param1 sym_23)
	)
	(Comment
		(Time 12/21/12,10:43:35)
		(User tois)
		(MsgId ECO_021)
		(Text "Package GENERIC_PACKAGES_TDFN10-EP1 added to cell")
		(Param1 GENERIC_PACKAGES_TDFN10-EP1)
	)
	(Comment
		(Time 12/21/12,10:45:30)
		(User tois)
		(MsgId ECO_081)
		(Text "Symbol sym_27 added to cell")
		(Param1 sym_27)
	)
	(Comment
		(Time 02/06/13,18:13:14)
		(User Jayson.Navarro)
		(MsgId ECO_021)
		(Text "Package GENERIC_PACKAGES_WLP61 added to cell")
		(Param1 GENERIC_PACKAGES_WLP61)
	)
	(Comment
		(Time 02/06/13,18:33:59)
		(User Jayson.Navarro)
		(MsgId ECO_081)
		(Text "Symbol sym_29 added to cell")
		(Param1 sym_29)
	)
	(Comment
		(Time 02/06/13,18:34:14)
		(User Jayson.Navarro)
		(MsgId ECO_082)
		(Text "Symbol sym_29 deleted from cell")
		(Param1 sym_29)
	)
	(Comment
		(Time 02/06/13,18:34:24)
		(User Jayson.Navarro)
		(MsgId ECO_081)
		(Text "Symbol sym_29 added to cell")
		(Param1 sym_29)
	)
	(Comment
		(Time 02/06/13,18:40:13)
		(User Jayson.Navarro)
		(MsgId ECO_021)
		(Text "Package GENERIC_PACKAGES_UMAX101 added to cell")
		(Param1 GENERIC_PACKAGES_UMAX101)
	)
	(Comment
		(Time 02/07/13,16:20:52)
		(User Jayson.Navarro)
		(MsgId ECO_021)
		(Text "Package GENERIC_PACKAGES_WLP81 added to cell")
		(Param1 GENERIC_PACKAGES_WLP81)
	)
	(Comment
		(Time 02/07/13,16:22:45)
		(User Jayson.Navarro)
		(MsgId ECO_081)
		(Text "Symbol sym_30 added to cell")
		(Param1 sym_30)
	)
	(Comment
		(Time 02/07/13,16:22:56)
		(User Jayson.Navarro)
		(MsgId ECO_082)
		(Text "Symbol sym_30 deleted from cell")
		(Param1 sym_30)
	)
	(Comment
		(Time 02/07/13,16:23:06)
		(User Jayson.Navarro)
		(MsgId ECO_081)
		(Text "Symbol sym_30 added to cell")
		(Param1 sym_30)
	)
	(Comment
		(Time 02/07/13,16:24:37)
		(User Jayson.Navarro)
		(MsgId ECO_021)
		(Text "Package GENERIC_PACKAGES_WLP61 added to cell")
		(Param1 GENERIC_PACKAGES_WLP61)
	)
	(Comment
		(Time 02/07/13,16:25:57)
		(User Jayson.Navarro)
		(MsgId ECO_081)
		(Text "Symbol sym_31 added to cell")
		(Param1 sym_31)
	)
	(Comment
		(Time 02/07/13,16:30:44)
		(User Jayson.Navarro)
		(MsgId ECO_082)
		(Text "Symbol sym_31 deleted from cell")
		(Param1 sym_31)
	)
	(Comment
		(Time 02/07/13,16:32:23)
		(User Jayson.Navarro)
		(MsgId ECO_081)
		(Text "Symbol sym_31 added to cell")
		(Param1 sym_31)
	)
	(Comment
		(Time 02/07/13,16:51:46)
		(User Jayson.Navarro)
		(MsgId ECO_082)
		(Text "Symbol sym_31 deleted from cell")
		(Param1 sym_31)
	)
	(Comment
		(Time 02/07/13,16:51:53)
		(User Jayson.Navarro)
		(MsgId ECO_081)
		(Text "Symbol sym_31 added to cell")
		(Param1 sym_31)
	)
	(Comment
		(Time 02/08/13,08:38:52)
		(User tois)
		(MsgId ECO_021)
		(Text "Package GENERIC_PACKAGES_WLP61 added to cell")
		(Param1 GENERIC_PACKAGES_WLP61)
	)
	(Comment
		(Time 02/08/13,08:39:45)
		(User tois)
		(MsgId ECO_081)
		(Text "Symbol sym_32 added to cell")
		(Param1 sym_32)
	)
	(Comment
		(Time 03/19/13,12:41:36)
		(User Jayson.Navarro)
		(MsgId ECO_021)
		(Text "Package GENERIC_PACKAGES_TSSOP141 added to cell")
		(Param1 GENERIC_PACKAGES_TSSOP141)
	)
	(Comment
		(Time 03/19/13,12:44:24)
		(User Jayson.Navarro)
		(MsgId ECO_081)
		(Text "Symbol sym_33 added to cell")
		(Param1 sym_33)
	)
	(Comment
		(Time 03/22/13,03:55:19)
		(User tois)
		(MsgId ECO_021)
		(Text "Package GENERIC_PACKAGES_TQFN48-EP1 added to cell")
		(Param1 GENERIC_PACKAGES_TQFN48-EP1)
	)
	(Comment
		(Time 03/22/13,05:01:48)
		(User tois)
		(MsgId ECO_021)
		(Text "Package GENERIC_PACKAGES_TQFP48-EP1 added to cell")
		(Param1 GENERIC_PACKAGES_TQFP48-EP1)
	)
	(Comment
		(Time 03/22/13,05:08:59)
		(User tois)
		(MsgId ECO_081)
		(Text "Symbol sym_34 added to cell")
		(Param1 sym_34)
	)
	(Comment
		(Time 04/29/13,09:42:45)
		(User Jayson.Navarro)
		(MsgId ECO_021)
		(Text "Package GENERIC_PACKAGES_SOT23-51 added to cell")
		(Param1 GENERIC_PACKAGES_SOT23-51)
	)
	(Comment
		(Time 04/29/13,09:54:33)
		(User Jayson.Navarro)
		(MsgId ECO_021)
		(Text "Package GENERIC_PACKAGES_SOT23-61 added to cell")
		(Param1 GENERIC_PACKAGES_SOT23-61)
	)
	(Comment
		(Time 05/10/13,04:58:05)
		(User tois)
		(MsgId ECO_021)
		(Text "Package GENERIC_PACKAGES_TQFN20-EP1 added to cell")
		(Param1 GENERIC_PACKAGES_TQFN20-EP1)
	)
	(Comment
		(Time 05/10/13,05:02:55)
		(User tois)
		(MsgId ECO_081)
		(Text "Symbol sym_36 added to cell")
		(Param1 sym_36)
	)
	(Comment
		(Time 07/17/13,05:31:53)
		(User Joseph.Duran)
		(MsgId ECO_021)
		(Text "Package GENERIC_PACKAGES added to cell")
		(Param1 "GENERIC_PACKAGES")
	)
	(Comment
		(Time 07/17/13,05:57:17)
		(User Joseph.Duran)
		(MsgId ECO_081)
		(Text "Symbol sym_37 added to cell")
		(Param1 "sym_37")
	)
	(Comment
		(Time 07/17/13,05:58:52)
		(User Joseph.Duran)
		(MsgId ECO_082)
		(Text "Symbol sym_37 deleted from cell")
		(Param1 "sym_37")
	)
	(Comment
		(Time 07/17/13,09:42:22)
		(User jayson.navarro)
		(MsgId ECO_021)
		(Text "Package GENERIC_PACKAGES_SOD-5231 added to cell")
		(Param1 "GENERIC_PACKAGES_SOD-5231")
	)
	(Comment
		(Time 10/10/13,11:42:04)
		(User jayson.navarro)
		(MsgId ECO_021)
		(Text "Package GENERIC_PACKAGES_CASEE1 added to cell")
		(Param1 "GENERIC_PACKAGES_CASEE1")
	)
	(Comment
		(Time 10/31/13,12:20:33)
		(User Ryan.Cabreza)
		(MsgId ECO_021)
		(Text "Package GENERIC_PACKAGES_0603RES1 added to cell")
		(Param1 "GENERIC_PACKAGES_0603RES1")
	)
	(Comment
		(Time 11/19/13,18:38:24)
		(User Ryan.Cabreza)
		(MsgId ECO_021)
		(Text "Package GENERIC_PACKAGES_0402FB1 added to cell")
		(Param1 "GENERIC_PACKAGES_0402FB1")
	)
	(Comment
		(Time 11/19/13,18:49:46)
		(User Ryan.Cabreza)
		(MsgId ECO_081)
		(Text "Symbol sym_39 added to cell")
		(Param1 "sym_39")
	)
	(Comment
		(Time 11/19/13,18:49:46)
		(User Ryan.Cabreza)
		(MsgId ECO_081)
		(Text "Symbol sym_40 added to cell")
		(Param1 "sym_40")
	)
	(Comment
		(Time 11/19/13,18:49:46)
		(User Ryan.Cabreza)
		(MsgId ECO_081)
		(Text "Symbol sym_41 added to cell")
		(Param1 "sym_41")
	)
	(Comment
		(Time 11/19/13,18:49:47)
		(User Ryan.Cabreza)
		(MsgId ECO_081)
		(Text "Symbol sym_42 added to cell")
		(Param1 "sym_42")
	)
	(Comment
		(Time 11/19/13,18:49:47)
		(User Ryan.Cabreza)
		(MsgId ECO_081)
		(Text "Symbol sym_43 added to cell")
		(Param1 "sym_43")
	)
	(Comment
		(Time 11/19/13,18:49:47)
		(User Ryan.Cabreza)
		(MsgId ECO_081)
		(Text "Symbol sym_44 added to cell")
		(Param1 "sym_44")
	)
	(Comment
		(Time 11/19/13,18:49:47)
		(User Ryan.Cabreza)
		(MsgId ECO_081)
		(Text "Symbol sym_45 added to cell")
		(Param1 "sym_45")
	)
	(Comment
		(Time 11/19/13,18:49:47)
		(User Ryan.Cabreza)
		(MsgId ECO_081)
		(Text "Symbol sym_46 added to cell")
		(Param1 "sym_46")
	)
	(Comment
		(Time 11/19/13,18:49:47)
		(User Ryan.Cabreza)
		(MsgId ECO_081)
		(Text "Symbol sym_47 added to cell")
		(Param1 "sym_47")
	)
	(Comment
		(Time 11/19/13,18:49:47)
		(User Ryan.Cabreza)
		(MsgId ECO_081)
		(Text "Symbol sym_48 added to cell")
		(Param1 "sym_48")
	)
	(Comment
		(Time 11/19/13,18:49:47)
		(User Ryan.Cabreza)
		(MsgId ECO_081)
		(Text "Symbol sym_49 added to cell")
		(Param1 "sym_49")
	)
	(Comment
		(Time 11/19/13,18:49:47)
		(User Ryan.Cabreza)
		(MsgId ECO_081)
		(Text "Symbol sym_50 added to cell")
		(Param1 "sym_50")
	)
	(Comment
		(Time 11/19/13,18:49:47)
		(User Ryan.Cabreza)
		(MsgId ECO_081)
		(Text "Symbol sym_51 added to cell")
		(Param1 "sym_51")
	)
	(Comment
		(Time 11/19/13,18:49:47)
		(User Ryan.Cabreza)
		(MsgId ECO_081)
		(Text "Symbol sym_52 added to cell")
		(Param1 "sym_52")
	)
	(Comment
		(Time 11/19/13,18:49:47)
		(User Ryan.Cabreza)
		(MsgId ECO_081)
		(Text "Symbol sym_53 added to cell")
		(Param1 "sym_53")
	)
	(Comment
		(Time 11/19/13,18:49:47)
		(User Ryan.Cabreza)
		(MsgId ECO_081)
		(Text "Symbol sym_54 added to cell")
		(Param1 "sym_54")
	)
	(Comment
		(Time 04/28/14,14:47:44)
		(User Jayson.Navarro)
		(MsgId ECO_021)
		(Text "Package GENERIC_PACKAGES_7343CAP1 added to cell")
		(Param1 "GENERIC_PACKAGES_7343CAP1")
	)
	(Comment
		(Time 04/28/14,14:53:54)
		(User Jayson.Navarro)
		(MsgId ECO_021)
		(Text "Package GENERIC_PACKAGES_THCAP1 added to cell")
		(Param1 "GENERIC_PACKAGES_THCAP1")
	)
	(Comment
		(Time 04/28/14,17:00:21)
		(User moises.condicion)
		(MsgId ECO_081)
		(Text "Symbol sym_55 added to cell")
		(Param1 "sym_55")
	)
	(Comment
		(Time 04/28/14,17:01:17)
		(User moises.condicion)
		(MsgId ECO_081)
		(Text "Symbol sym_56 added to cell")
		(Param1 "sym_56")
	)
	(Comment
		(Time 06/06/14,11:37:35)
		(User Jayson.Navarro)
		(MsgId ECO_021)
		(Text "Package GENERIC_PACKAGES_CASEE1 added to cell")
		(Param1 "GENERIC_PACKAGES_CASEE1")
	)
	(Comment
		(Time 06/18/14,16:55:00)
		(User Ryan.Cabreza)
		(MsgId ECO_081)
		(Text "Symbol sym_57 added to cell")
		(Param1 "sym_57")
	)
	(Comment
		(Time 08/07/14,07:02:23)
		(User tois)
		(MsgId ECO_021)
		(Text "Package GENERIC_PACKAGES_UMAX81 added to cell")
		(Param1 "GENERIC_PACKAGES_UMAX81")
	)
	(Comment
		(Time 08/07/14,07:03:28)
		(User tois)
		(MsgId ECO_081)
		(Text "Symbol sym_58 added to cell")
		(Param1 "sym_58")
	)
	(Comment
		(Time 12/09/14,16:56:52)
		(User Jayson.Navarro)
		(MsgId ECO_021)
		(Text "Package GENERIC_PACKAGES_DIP181 added to cell")
		(Param1 "GENERIC_PACKAGES_DIP181")
	)
	(Comment
		(Time 12/09/14,16:58:44)
		(User Jayson.Navarro)
		(MsgId ECO_021)
		(Text "Package GENERIC_PACKAGES_DIP61 added to cell")
		(Param1 "GENERIC_PACKAGES_DIP61")
	)
	(Comment
		(Time 12/09/14,17:01:55)
		(User Jayson.Navarro)
		(MsgId ECO_021)
		(Text "Package GENERIC_PACKAGES_DIP181 added to cell")
		(Param1 "GENERIC_PACKAGES_DIP181")
	)
	(Comment
		(Time 12/09/14,17:27:16)
		(User Jayson.Navarro)
		(MsgId ECO_021)
		(Text "Package GENERIC_PACKAGES_DIP6-3001 added to cell")
		(Param1 "GENERIC_PACKAGES_DIP6-3001")
	)
	(Comment
		(Time 12/09/14,17:28:01)
		(User Jayson.Navarro)
		(MsgId ECO_021)
		(Text "Package GENERIC_PACKAGES_DIP8-3001 added to cell")
		(Param1 "GENERIC_PACKAGES_DIP8-3001")
	)
	(Comment
		(Time 12/09/14,17:29:39)
		(User Jayson.Navarro)
		(MsgId ECO_021)
		(Text "Package GENERIC_PACKAGES_DIP10-3001 added to cell")
		(Param1 "GENERIC_PACKAGES_DIP10-3001")
	)
	(Comment
		(Time 12/09/14,17:32:56)
		(User Jayson.Navarro)
		(MsgId ECO_021)
		(Text "Package GENERIC_PACKAGES_DIP24-6001 added to cell")
		(Param1 "GENERIC_PACKAGES_DIP24-6001")
	)
	(Comment
		(Time 12/09/14,17:34:06)
		(User Jayson.Navarro)
		(MsgId ECO_021)
		(Text "Package GENERIC_PACKAGES_DIP24-6001 added to cell")
		(Param1 "GENERIC_PACKAGES_DIP24-6001")
	)
	(Comment
		(Time 12/09/14,17:35:24)
		(User Jayson.Navarro)
		(MsgId ECO_021)
		(Text "Package GENERIC_PACKAGES_DIP12-3001 added to cell")
		(Param1 "GENERIC_PACKAGES_DIP12-3001")
	)
	(Comment
		(Time 12/09/14,17:36:49)
		(User Jayson.Navarro)
		(MsgId ECO_081)
		(Text "Symbol sym_59 added to cell")
		(Param1 "sym_59")
	)
	(Comment
		(Time 12/09/14,17:41:46)
		(User Jayson.Navarro)
		(MsgId ECO_021)
		(Text "Package GENERIC_PACKAGES_DIP24-6001 added to cell")
		(Param1 "GENERIC_PACKAGES_DIP24-6001")
	)
	(Comment
		(Time 12/09/14,17:42:18)
		(User Jayson.Navarro)
		(MsgId ECO_021)
		(Text "Package GENERIC_PACKAGES_DIP14-3001 added to cell")
		(Param1 "GENERIC_PACKAGES_DIP14-3001")
	)
	(Comment
		(Time 12/09/14,17:44:56)
		(User Jayson.Navarro)
		(MsgId ECO_021)
		(Text "Package GENERIC_PACKAGES_DIP16-3001 added to cell")
		(Param1 "GENERIC_PACKAGES_DIP16-3001")
	)
	(Comment
		(Time 12/09/14,17:45:55)
		(User Jayson.Navarro)
		(MsgId ECO_021)
		(Text "Package GENERIC_PACKAGES_DIP181 added to cell")
		(Param1 "GENERIC_PACKAGES_DIP181")
	)
	(Comment
		(Time 12/09/14,17:46:30)
		(User Jayson.Navarro)
		(MsgId ECO_021)
		(Text "Package GENERIC_PACKAGES_DIP181 added to cell")
		(Param1 "GENERIC_PACKAGES_DIP181")
	)
	(Comment
		(Time 12/09/14,17:47:32)
		(User Jayson.Navarro)
		(MsgId ECO_021)
		(Text "Package GENERIC_PACKAGES_DIP24-3001 added to cell")
		(Param1 "GENERIC_PACKAGES_DIP24-3001")
	)
	(Comment
		(Time 12/09/14,17:48:33)
		(User Jayson.Navarro)
		(MsgId ECO_081)
		(Text "Symbol sym_60 added to cell")
		(Param1 "sym_60")
	)
	(Comment
		(Time 12/09/14,17:49:56)
		(User Jayson.Navarro)
		(MsgId ECO_021)
		(Text "Package GENERIC_PACKAGES_DIP20-3001 added to cell")
		(Param1 "GENERIC_PACKAGES_DIP20-3001")
	)
	(Comment
		(Time 12/09/14,17:50:23)
		(User Jayson.Navarro)
		(MsgId ECO_021)
		(Text "Package GENERIC_PACKAGES_DIP20-6001 added to cell")
		(Param1 "GENERIC_PACKAGES_DIP20-6001")
	)
	(Comment
		(Time 12/09/14,17:52:23)
		(User Jayson.Navarro)
		(MsgId ECO_081)
		(Text "Symbol sym_61 added to cell")
		(Param1 "sym_61")
	)
	(Comment
		(Time 12/09/14,17:55:00)
		(User Jayson.Navarro)
		(MsgId ECO_021)
		(Text "Package GENERIC_PACKAGES_DIP22-6001 added to cell")
		(Param1 "GENERIC_PACKAGES_DIP22-6001")
	)
	(Comment
		(Time 12/09/14,17:55:59)
		(User Jayson.Navarro)
		(MsgId ECO_021)
		(Text "Package GENERIC_PACKAGES_DIP28-6001 added to cell")
		(Param1 "GENERIC_PACKAGES_DIP28-6001")
	)
	(Comment
		(Time 12/09/14,17:57:04)
		(User Jayson.Navarro)
		(MsgId ECO_081)
		(Text "Symbol sym_62 added to cell")
		(Param1 "sym_62")
	)
	(Comment
		(Time 12/09/14,17:59:13)
		(User Jayson.Navarro)
		(MsgId ECO_021)
		(Text "Package GENERIC_PACKAGES_DIP32-6001 added to cell")
		(Param1 "GENERIC_PACKAGES_DIP32-6001")
	)
	(Comment
		(Time 12/09/14,18:00:50)
		(User Jayson.Navarro)
		(MsgId ECO_081)
		(Text "Symbol sym_63 added to cell")
		(Param1 "sym_63")
	)
	(Comment
		(Time 12/10/14,17:59:26)
		(User Jayson.Navarro)
		(MsgId ECO_021)
		(Text "Package GENERIC_PACKAGES_DIP38-6001 added to cell")
		(Param1 "GENERIC_PACKAGES_DIP38-6001")
	)
	(Comment
		(Time 12/15/14,17:38:05)
		(User Jayson.Navarro)
		(MsgId ECO_021)
		(Text "Package GENERIC_PACKAGES_DIP40-6001 added to cell")
		(Param1 "GENERIC_PACKAGES_DIP40-6001")
	)
	(Comment
		(Time 12/15/14,17:40:26)
		(User Jayson.Navarro)
		(MsgId ECO_021)
		(Text "Package GENERIC_PACKAGES_DIP48-6001 added to cell")
		(Param1 "GENERIC_PACKAGES_DIP48-6001")
	)
	(Comment
		(Time 12/15/14,17:41:01)
		(User Jayson.Navarro)
		(MsgId ECO_021)
		(Text "Package GENERIC_PACKAGES_DIP48-6001 added to cell")
		(Param1 "GENERIC_PACKAGES_DIP48-6001")
	)
	(Comment
		(Time 12/15/14,17:42:10)
		(User Jayson.Navarro)
		(MsgId ECO_081)
		(Text "Symbol sym_64 added to cell")
		(Param1 "sym_64")
	)
	(Comment
		(Time 12/15/14,17:45:28)
		(User Jayson.Navarro)
		(MsgId ECO_081)
		(Text "Symbol sym_65 added to cell")
		(Param1 "sym_65")
	)
	(Comment
		(Time 12/15/14,17:48:46)
		(User Jayson.Navarro)
		(MsgId ECO_081)
		(Text "Symbol sym_66 added to cell")
		(Param1 "sym_66")
	)
	(Comment
		(Time 12/15/14,17:51:41)
		(User Jayson.Navarro)
		(MsgId ECO_022)
		(Text "Package GENERIC_PACKAGES_DIP56-900 deleted from cell")
		(Param1 "GENERIC_PACKAGES_DIP56-900")
	)
	(Comment
		(Time 12/15/14,17:51:55)
		(User Jayson.Navarro)
		(MsgId ECO_021)
		(Text "Package GENERIC_PACKAGES_DIP48-9001 added to cell")
		(Param1 "GENERIC_PACKAGES_DIP48-9001")
	)
	(Comment
		(Time 12/19/14,02:48:59)
		(User tois)
		(MsgId ECO_081)
		(Text "Symbol sym_67 added to cell")
		(Param1 "sym_67")
	)
	(Comment
		(Time 01/06/15,12:03:32)
		(User tois)
		(MsgId ECO_021)
		(Text "Package GENERIC_PACKAGES_SOT23-81 added to cell")
		(Param1 "GENERIC_PACKAGES_SOT23-81")
	)
	(Comment
		(Time 01/14/15,17:55:09)
		(User jayson.navarro)
		(MsgId ECO_021)
		(Text "Package GENERIC_PACKAGES added to cell")
		(Param1 "GENERIC_PACKAGES")
	)
	(Comment
		(Time 01/14/15,17:56:55)
		(User jayson.navarro)
		(MsgId ECO_081)
		(Text "Symbol sym_68 added to cell")
		(Param1 "sym_68")
	)
	(Comment
		(Time 01/23/15,19:48:59)
		(User Jayson.Navarro)
		(MsgId ECO_021)
		(Text "Package GENERIC_PACKAGES_DIP181 added to cell")
		(Param1 "GENERIC_PACKAGES_DIP181")
	)
	(Comment
		(Time 01/23/15,19:50:53)
		(User Jayson.Navarro)
		(MsgId ECO_081)
		(Text "Symbol sym_69 added to cell")
		(Param1 "sym_69")
	)
	(Comment
		(Time 01/23/15,19:57:21)
		(User Jayson.Navarro)
		(MsgId ECO_081)
		(Text "Symbol sym_70 added to cell")
		(Param1 "sym_70")
	)
	(Comment
		(Time 01/23/15,20:00:36)
		(User Jayson.Navarro)
		(MsgId ECO_021)
		(Text "Package GENERIC_PACKAGES_SIP121 added to cell")
		(Param1 "GENERIC_PACKAGES_SIP121")
	)
	(Comment
		(Time 01/23/15,20:01:19)
		(User Jayson.Navarro)
		(MsgId ECO_081)
		(Text "Symbol sym_71 added to cell")
		(Param1 "sym_71")
	)
	(Comment
		(Time 01/23/15,20:04:33)
		(User Jayson.Navarro)
		(MsgId ECO_021)
		(Text "Package GENERIC_PACKAGES_SIP161 added to cell")
		(Param1 "GENERIC_PACKAGES_SIP161")
	)
	(Comment
		(Time 02/18/15,08:42:00)
		(User Jayson.Navarro)
		(MsgId ECO_021)
		(Text "Package GENERIC_PACKAGES_TQFN32-EP1 added to cell")
		(Param1 "GENERIC_PACKAGES_TQFN32-EP1")
	)
	(Comment
		(Time 02/18/15,08:43:18)
		(User Jayson.Navarro)
		(MsgId ECO_081)
		(Text "Symbol sym_72 added to cell")
		(Param1 "sym_72")
	)
	(Comment
		(Time 09/29/15,13:09:20)
		(User Ryan.Cabreza)
		(MsgId ECO_021)
		(Text "Package GENERIC_PACKAGES_TQFN32-EP1 added to cell")
		(Param1 "GENERIC_PACKAGES_TQFN32-EP1")
	)
	(Comment
		(Time 09/29/15,13:14:29)
		(User Ryan.Cabreza)
		(MsgId ECO_081)
		(Text "Symbol sym_73 added to cell")
		(Param1 "sym_73")
	)

	(Comment
		(Time 10/14/15,03:51:32)
		(User Joseph.Duran)
		(MsgId USR)
		(Text "Changed R1 and R2 of FCBGA to UNSPEC to fix error")
	)
	(Comment
		(Time 02/15/16,16:24:22)
		(User Joseph.Duran)
		(MsgId ECO_021)
		(Text "Package GENERIC_PACKAGES_SC70-61 added to cell")
		(Param1 "GENERIC_PACKAGES_SC70-61")
	)
	(Comment
		(Time 02/15/16,16:26:12)
		(User Joseph.Duran)
		(MsgId ECO_081)
		(Text "Symbol sym_74 added to cell")
		(Param1 "sym_74")
	)
	(Comment
		(Time 03/31/16,13:49:20)
		(User Joseph.Duran)
		(MsgId ECO_021)
		(Text "Package GENERIC_PACKAGES_TQFN32-EP_A1 added to cell")
		(Param1 "GENERIC_PACKAGES_TQFN32-EP_A1")
	)
	(Comment
		(Time 03/31/16,13:51:29)
		(User Joseph.Duran)
		(MsgId ECO_081)
		(Text "Symbol sym_75 added to cell")
		(Param1 "sym_75")
	)
