
	(Comment
		(Time 11/09/10,11:18:44)
		(User Ryan.Cabreza)
		(MsgId USR)
		(Text "Change part status from FOR ENGINEERING USE ONLY to ACTIVE because this part is used for RF circuits")
	)
	(Comment
		(Time 01/29/11,12:41:08)
		(User ryan.cabreza)
		(MsgId ECO_021)
		(Text "Package CAP_4P_1 added to cell")
		(Param1 CAP_4P_1)
	)
	(Comment
		(Time 01/29/11,12:44:27)
		(User ryan.cabreza)
		(MsgId ECO_081)
		(Text "Symbol sym_2 added to cell")
		(Param1 sym_2)
	)
	(Comment
		(Time 01/29/11,12:44:49)
		(User ryan.cabreza)
		(MsgId ECO_082)
		(Text "Symbol sym_2 deleted from cell")
		(Param1 sym_2)
	)
	(Comment
		(Time 01/29/11,12:44:59)
		(User ryan.cabreza)
		(MsgId ECO_022)
		(Text "Package CAP_4P_1206 deleted from cell")
		(Param1 CAP_4P_1206)
	)
	(Comment
		(Time 01/29/11,12:45:02)
		(User ryan.cabreza)
		(MsgId ECO_021)
		(Text "Package CAP_4P_1 added to cell")
		(Param1 CAP_4P_1)
	)
	(Comment
		(Time 01/29/11,12:46:03)
		(User ryan.cabreza)
		(MsgId ECO_081)
		(Text "Symbol sym_2 added to cell")
		(Param1 sym_2)
	)
	(Comment
		(Time 01/29/11,12:46:45)
		(User ryan.cabreza)
		(MsgId ECO_022)
		(Text "Package CAP_4P_1206 deleted from cell")
		(Param1 CAP_4P_1206)
	)
	(Comment
		(Time 01/29/11,12:46:52)
		(User ryan.cabreza)
		(MsgId ECO_021)
		(Text "Package CAP_4P_1 added to cell")
		(Param1 CAP_4P_1)
	)
	(Comment
		(Time 01/29/11,12:50:18)
		(User ryan.cabreza)
		(MsgId ECO_021)
		(Text "Package CAP_4P_1 added to cell")
		(Param1 CAP_4P_1)
	)
	(Comment
		(Time 01/29/11,12:50:26)
		(User ryan.cabreza)
		(MsgId ECO_022)
		(Text "Package CAP_4P_1 deleted from cell")
		(Param1 CAP_4P_1)
	)
	(Comment
		(Time 01/29/11,12:50:30)
		(User ryan.cabreza)
		(MsgId ECO_022)
		(Text "Package CAP_4P_1206 deleted from cell")
		(Param1 CAP_4P_1206)
	)
	(Comment
		(Time 01/29/11,12:51:03)
		(User ryan.cabreza)
		(MsgId ECO_082)
		(Text "Symbol sym_2 deleted from cell")
		(Param1 sym_2)
	)
	(Comment
		(Time 01/29/11,12:51:06)
		(User ryan.cabreza)
		(MsgId ECO_081)
		(Text "Symbol sym_2 added to cell")
		(Param1 sym_2)
	)
	(Comment
		(Time 01/29/11,12:52:46)
		(User ryan.cabreza)
		(MsgId ECO_082)
		(Text "Symbol sym_2 deleted from cell")
		(Param1 sym_2)
	)
	(Comment
		(Time 01/29/11,12:52:49)
		(User ryan.cabreza)
		(MsgId ECO_081)
		(Text "Symbol sym_2 added to cell")
		(Param1 sym_2)
	)
	(Comment
		(Time 01/29/11,12:57:02)
		(User ryan.cabreza)
		(MsgId ECO_021)
		(Text "Package CAP_4P_1 added to cell")
		(Param1 CAP_4P_1)
	)
	(Comment
		(Time 05/14/13,02:27:42)
		(User tois)
		(MsgId ECO_021)
		(Text "Package CAP_4P_12061 added to cell")
		(Param1 CAP_4P_12061)
	)
