FILE_TYPE=LIBRARY_PARTS;
primitive 'MAX14720','MAX14720_WLP25';
  pin
    'BIN':
      PIN_NUMBER='(A1)';
      INPUT_LOAD='(-0.01,0.01)';
    'BLX':
      PIN_NUMBER='(A2)';
      INPUT_LOAD='(-0.01,0.01)';
    'BOUT':
      PIN_NUMBER='(A3)';
      OUTPUT_LOAD='(1.0,-1.0)';
    'CAP':
      PIN_NUMBER='(D5)';
      INPUT_LOAD='(-0.01,0.01)';
    'GND_3':
      PIN_NUMBER='(C2)';
      PINUSE='GROUND';
      NO_LOAD_CHECK='Both';
      NO_IO_CHECK='Both';
      NO_ASSERT_CHECK='TRUE';
      NO_DIR_CHECK='TRUE';
      ALLOW_CONNECT='TRUE';
    'GND_4':
      PIN_NUMBER='(C3)';
      PINUSE='GROUND';
      NO_LOAD_CHECK='Both';
      NO_IO_CHECK='Both';
      NO_ASSERT_CHECK='TRUE';
      NO_DIR_CHECK='TRUE';
      ALLOW_CONNECT='TRUE';
    'GND_5':
      PIN_NUMBER='(D2)';
      PINUSE='GROUND';
      NO_LOAD_CHECK='Both';
      NO_IO_CHECK='Both';
      NO_ASSERT_CHECK='TRUE';
      NO_DIR_CHECK='TRUE';
      ALLOW_CONNECT='TRUE';
    'GND_1':
      PIN_NUMBER='(B2)';
      PINUSE='GROUND';
      NO_LOAD_CHECK='Both';
      NO_IO_CHECK='Both';
      NO_ASSERT_CHECK='TRUE';
      NO_DIR_CHECK='TRUE';
      ALLOW_CONNECT='TRUE';
    'GND_2':
      PIN_NUMBER='(B3)';
      PINUSE='GROUND';
      NO_LOAD_CHECK='Both';
      NO_IO_CHECK='Both';
      NO_ASSERT_CHECK='TRUE';
      NO_DIR_CHECK='TRUE';
      ALLOW_CONNECT='TRUE';
    'HVILX':
      PIN_NUMBER='(E3)';
      INPUT_LOAD='(-0.01,0.01)';
    'HVIN':
      PIN_NUMBER='(E4)';
      INPUT_LOAD='(-0.01,0.01)';
    'HVOLX':
      PIN_NUMBER='(E2)';
      INPUT_LOAD='(-0.01,0.01)';
    'HVOUT':
      PIN_NUMBER='(E1)';
      OUTPUT_LOAD='(1.0,-1.0)';
    'KIN#':
      PIN_NUMBER='(D3)';
      INPUT_LOAD='(-0.01,0.01)';
    'KOUT#':
      PIN_NUMBER='(E5)';
      OUTPUT_LOAD='(1.0,-1.0)';
    'LIN':
      PIN_NUMBER='(A4)';
      INPUT_LOAD='(-0.01,0.01)';
    'LOUT':
      PIN_NUMBER='(A5)';
      OUTPUT_LOAD='(1.0,-1.0)';
    'MON':
      PIN_NUMBER='(B1)';
      OUTPUT_LOAD='(1.0,-1.0)';
    'MPC':
      PIN_NUMBER='(C4)';
      INPUT_LOAD='(-0.01,0.01)';
    'RST#':
      PIN_NUMBER='(D4)';
      OUTPUT_LOAD='(1.0,-1.0)';
    'SCL':
      PIN_NUMBER='(D1)';
      INPUT_LOAD='(-0.01,0.01)';
    'SDA':
      PIN_NUMBER='(C1)';
      INPUT_LOAD='(-0.01,0.01)';
    'SWIN':
      PIN_NUMBER='(B5)';
      INPUT_LOAD='(-0.01,0.01)';
    'SWOUT':
      PIN_NUMBER='(C5)';
      OUTPUT_LOAD='(1.0,-1.0)';
    'VCC':
      PIN_NUMBER='(B4)';
      PINUSE='POWER';
      NO_LOAD_CHECK='Both';
      NO_IO_CHECK='Both';
      NO_ASSERT_CHECK='TRUE';
      NO_DIR_CHECK='TRUE';
      ALLOW_CONNECT='TRUE';
  end_pin;
  body
    PART_NAME='MAX14720';
    BODY_NAME='MAX14720';
    JEDEC_TYPE='BGA25C40P5X5_222X210X69';
    PHYS_DES_PREFIX='U';
    CLASS='IC';
  end_body;
end_primitive;

END.
