(Cell	tran_nch_3p

	(RevisionInfoBlock	

		(Baselined	1)

		(Revision	1.0.0)

		(ModificationStatus	NULL)

		(Status	Baselined)

		(ErrorStatus	0)

		(CreateInfo	

			(Time	08/14/09,14:04:15)

			(User	RandyD)

			(Path	mml.tran_nch_3p)

		)

	)

	(Views	

		(View	Symbol

			(Symbols	1

				(Symbol	sym_1

					(Symbol_Type	Normal)

					(Max_Size	0)

					(Checksum	0000000055429910)

					(RevisionInfoBlock	

						(Baselined	1)

						(Revision	1.0.0)

						(ModificationStatus	NULL)

						(Status	Baselined)

						(ErrorStatus	0)

						(CreateInfo	

							(Time	08/14/09,14:04:15)

							(User	RandyD)

							(Path	mml.tran_nch_3p)

						)

					)

				)

			)

			(Checksum	000000001a3e0324)

		)

		(View	Chips

			(Checksum	00000000452b5599)

			(Primitives	3

				(Primitive	TRAN_NCH_3P

					(RevisionInfoBlock	

						(Baselined	1)

						(Revision	1.0.0)

						(ModificationStatus	NULL)

						(Status	Baselined)

						(ErrorStatus	0)

						(CreateInfo	

							(Time	08/14/09,14:04:15)

							(User	RandyD)

							(Path	mml.tran_nch_3p)

						)

					)

					(LogicalPhysicalPartRelation	

						(LogicalPart	TRAN_NCH_3P

							(PackType	TRAN_NCH_3P)

							(PackType	TRAN_NCH_3P_D2PAK)

						)

					)

					(Packages	2

						(FunctionGroups	1

							(FunctionGroup	1[1]

								(Linkages	

									(Linkage	Symbol

										(Name	sym_1)

									)

								)

							)

						)

						(Linkages	

							(DefaultFootPrint	

								(Name	TO254P1524X483-3M)

							)

						)

					)

				)

				(Primitive	TRAN_NCH_3P_SOT23

					(RevisionInfoBlock	

						(Baselined	1)

						(Revision	1.0.0)

						(ModificationStatus	NULL)

						(Status	Baselined)

						(ErrorStatus	0)

						(CreateInfo	

							(Time	08/14/09,14:04:15)

							(User	RandyD)

							(Path	mml.tran_nch_3p)

						)

					)

					(LogicalPhysicalPartRelation	

						(LogicalPart	TRAN_NCH_3P

							(PackType	TRAN_NCH_3P_SOT23)

						)

					)

					(Packages	1

						(FunctionGroups	1

							(FunctionGroup	1[1]

								(Linkages	

									(Linkage	Symbol

										(Name	sym_1)

									)

								)

							)

						)

						(Linkages	

							(DefaultFootPrint	

								(Name	SOT95P237X112-3M)

							)

						)

					)

				)

				(Primitive	TRAN_NCH_3P_DPAK

					(RevisionInfoBlock	

						(Baselined	1)

						(Revision	1.0.0)

						(ModificationStatus	NULL)

						(Status	Baselined)

						(ErrorStatus	0)

						(CreateInfo	

							(Time	08/14/09,14:04:15)

							(User	RandyD)

							(Path	mml.tran_nch_3p)

						)

					)

					(LogicalPhysicalPartRelation	

						(LogicalPart	TRAN_NCH_3P

							(PackType	TRAN_NCH_3P_DPAK)

						)

					)

					(Packages	1

						(FunctionGroups	1

							(FunctionGroup	1[1]

								(Linkages	

									(Linkage	Symbol

										(Name	sym_1)

									)

								)

							)

						)

						(Linkages	

							(DefaultFootPrint	

								(Name	TO228P991X238-3M)

							)

						)

					)

				)

			)

		)

		(Checksum	000000001c4703be)

	)

	(VersionInfoBlock	

		(ToolName	PDV)

		(Version	Unreleased)

		(License	PCB_librarian_expert)

	)

	(Checksum	000000001bda03aa)

)


(Cell	tran_nch_3p

	(RevisionInfoBlock	

		(Baselined	1)

		(Revision	1.0.0)

		(ModificationStatus	NULL)

		(Status	Baselined)

		(ErrorStatus	0)

		(CreateInfo	

			(Time	08/14/09,14:04:15)

			(User	RandyD)

			(Path	mml.tran_nch_3p)

		)

	)

	(Views	

		(View	Symbol

			(Symbols	1

				(Symbol	sym_1

					(Symbol_Type	Normal)

					(Max_Size	0)

					(Checksum	000000003fbeb949)

					(RevisionInfoBlock	

						(Baselined	1)

						(Revision	1.0.0)

						(ModificationStatus	NULL)

						(Status	Baselined)

						(ErrorStatus	0)

						(CreateInfo	

							(Time	08/14/09,14:04:15)

							(User	RandyD)

							(Path	mml.tran_nch_3p)

						)

					)

				)

			)

			(Checksum	000000001e4b03e9)

		)

		(View	Chips

			(Checksum	00000000452b5599)

			(Primitives	3

				(Primitive	TRAN_NCH_3P

					(RevisionInfoBlock	

						(Baselined	1)

						(Revision	1.0.0)

						(ModificationStatus	NULL)

						(Status	Baselined)

						(ErrorStatus	0)

						(CreateInfo	

							(Time	08/14/09,14:04:15)

							(User	RandyD)

							(Path	mml.tran_nch_3p)

						)

					)

					(LogicalPhysicalPartRelation	

						(LogicalPart	TRAN_NCH_3P

							(PackType	TRAN_NCH_3P)

							(PackType	TRAN_NCH_3P_D2PAK)

						)

					)

					(Packages	2

						(FunctionGroups	1

							(FunctionGroup	1[1]

								(Linkages	

									(Linkage	Symbol

										(Name	sym_1)

									)

								)

							)

						)

						(Linkages	

							(DefaultFootPrint	

								(Name	TO254P1524X483-3M)

							)

						)

					)

				)

				(Primitive	TRAN_NCH_3P_SOT23

					(RevisionInfoBlock	

						(Baselined	1)

						(Revision	1.0.0)

						(ModificationStatus	NULL)

						(Status	Baselined)

						(ErrorStatus	0)

						(CreateInfo	

							(Time	08/14/09,14:04:15)

							(User	RandyD)

							(Path	mml.tran_nch_3p)

						)

					)

					(LogicalPhysicalPartRelation	

						(LogicalPart	TRAN_NCH_3P

							(PackType	TRAN_NCH_3P_SOT23)

						)

					)

					(Packages	1

						(FunctionGroups	1

							(FunctionGroup	1[1]

								(Linkages	

									(Linkage	Symbol

										(Name	sym_1)

									)

								)

							)

						)

						(Linkages	

							(DefaultFootPrint	

								(Name	SOT95P237X112-3M)

							)

						)

					)

				)

				(Primitive	TRAN_NCH_3P_DPAK

					(RevisionInfoBlock	

						(Baselined	1)

						(Revision	1.0.0)

						(ModificationStatus	NULL)

						(Status	Baselined)

						(ErrorStatus	0)

						(CreateInfo	

							(Time	08/14/09,14:04:15)

							(User	RandyD)

							(Path	mml.tran_nch_3p)

						)

					)

					(LogicalPhysicalPartRelation	

						(LogicalPart	TRAN_NCH_3P

							(PackType	TRAN_NCH_3P_DPAK)

						)

					)

					(Packages	1

						(FunctionGroups	1

							(FunctionGroup	1[1]

								(Linkages	

									(Linkage	Symbol

										(Name	sym_1)

									)

								)

							)

						)

						(Linkages	

							(DefaultFootPrint	

								(Name	TO228P991X238-3M)

							)

						)

					)

				)

			)

		)

		(Checksum	000000001a5e032f)

	)

	(VersionInfoBlock	

		(ToolName	PDV)

		(Version	16.2-s002 (v16-2-57S))

		(License	PCB_librarian_expert)

	)

	(Checksum	000000001c5903a8)

)


(Cell	tran_nch_3p

	(RevisionInfoBlock	

		(Baselined	1)

		(Revision	1.0.0)

		(ModificationStatus	NULL)

		(Status	Baselined)

		(ErrorStatus	0)

		(CreateInfo	

			(Time	08/14/09,14:04:15)

			(User	RandyD)

			(Path	mml.tran_nch_3p)

		)

	)

	(Views	

		(View	Symbol

			(Symbols	1

				(Symbol	sym_1

					(Symbol_Type	Normal)

					(Max_Size	0)

					(Checksum	000000003fbeb949)

					(RevisionInfoBlock	

						(Baselined	1)

						(Revision	1.0.0)

						(ModificationStatus	NULL)

						(Status	Baselined)

						(ErrorStatus	0)

						(CreateInfo	

							(Time	08/14/09,14:04:15)

							(User	RandyD)

							(Path	mml.tran_nch_3p)

						)

					)

				)

			)

			(Checksum	000000001e4b03e9)

		)

		(View	Chips

			(Checksum	00000000452b5599)

			(Primitives	3

				(Primitive	TRAN_NCH_3P

					(RevisionInfoBlock	

						(Baselined	1)

						(Revision	1.0.0)

						(ModificationStatus	NULL)

						(Status	Baselined)

						(ErrorStatus	0)

						(CreateInfo	

							(Time	08/14/09,14:04:15)

							(User	RandyD)

							(Path	mml.tran_nch_3p)

						)

					)

					(LogicalPhysicalPartRelation	

						(LogicalPart	TRAN_NCH_3P

							(PackType	TRAN_NCH_3P)

							(PackType	TRAN_NCH_3P_D2PAK)

						)

					)

					(Packages	2

						(FunctionGroups	1

							(FunctionGroup	1[1]

								(Linkages	

									(Linkage	Symbol

										(Name	sym_1)

									)

								)

							)

						)

						(Linkages	

							(DefaultFootPrint	

								(Name	TO254P1524X483-3M)

							)

						)

					)

				)

				(Primitive	TRAN_NCH_3P_SOT23

					(RevisionInfoBlock	

						(Baselined	1)

						(Revision	1.0.0)

						(ModificationStatus	NULL)

						(Status	Baselined)

						(ErrorStatus	0)

						(CreateInfo	

							(Time	08/14/09,14:04:15)

							(User	RandyD)

							(Path	mml.tran_nch_3p)

						)

					)

					(LogicalPhysicalPartRelation	

						(LogicalPart	TRAN_NCH_3P

							(PackType	TRAN_NCH_3P_SOT23)

						)

					)

					(Packages	1

						(FunctionGroups	1

							(FunctionGroup	1[1]

								(Linkages	

									(Linkage	Symbol

										(Name	sym_1)

									)

								)

							)

						)

						(Linkages	

							(DefaultFootPrint	

								(Name	SOT95P237X112-3M)

							)

						)

					)

				)

				(Primitive	TRAN_NCH_3P_DPAK

					(RevisionInfoBlock	

						(Baselined	1)

						(Revision	1.0.0)

						(ModificationStatus	NULL)

						(Status	Baselined)

						(ErrorStatus	0)

						(CreateInfo	

							(Time	08/14/09,14:04:15)

							(User	RandyD)

							(Path	mml.tran_nch_3p)

						)

					)

					(LogicalPhysicalPartRelation	

						(LogicalPart	TRAN_NCH_3P

							(PackType	TRAN_NCH_3P_DPAK)

						)

					)

					(Packages	1

						(FunctionGroups	1

							(FunctionGroup	1[1]

								(Linkages	

									(Linkage	Symbol

										(Name	sym_1)

									)

								)

							)

						)

						(Linkages	

							(DefaultFootPrint	

								(Name	TO228P991X238-3M)

							)

						)

					)

				)

			)

		)

		(Checksum	000000001a5e032f)

	)

	(VersionInfoBlock	

		(ToolName	PDV)

		(Version	16.2-s002 (v16-2-57S))

		(License	PCB_librarian_expert)

	)

	(Checksum	000000001c5903a8)

)


