	(Comment
		(Time 08/14/09,14:04:15)
		(User RandyD)
		(MsgId ECO_332)
		(Text "Revision for symbol sym_1 has been updated to 1.0.0")
		(Param1 sym_1)
		(Param2 1.0.0)
	)
	(Comment
		(Time 08/14/09,14:04:15)
		(User RandyD)
		(MsgId ECO_333)
		(Text "Revision for package TRAN_NCH_3P has been updated to 1.0.0")
		(Param1 TRAN_NCH_3P)
		(Param2 1.0.0)
	)
	(Comment
		(Time 08/14/09,14:04:15)
		(User RandyD)
		(MsgId ECO_333)
		(Text "Revision for package TRAN_NCH_3P_SOT23 has been updated to 1.0.0")
		(Param1 TRAN_NCH_3P_SOT23)
		(Param2 1.0.0)
	)
	(Comment
		(Time 08/14/09,14:04:15)
		(User RandyD)
		(MsgId ECO_333)
		(Text "Revision for package TRAN_NCH_3P_DPAK has been updated to 1.0.0")
		(Param1 TRAN_NCH_3P_DPAK)
		(Param2 1.0.0)
	)
	(Comment
		(Time 08/14/09,14:04:15)
		(User RandyD)
		(MsgId ECO_331)
		(Text "Revision for cell tran_nch_3p has been updated to 1.0.0")
		(Param1 tran_nch_3p)
		(Param2 1.0.0)
	)
	(Comment
		(Time 07/25/11,09:40:47)
		(User Ryan.Cabreza)
		(MsgId ECO_021)
		(Text "Package TRAN_NCH_3P_1 added to cell")
		(Param1 TRAN_NCH_3P_1)
	)
	(Comment
		(Time 11/12/12,17:02:27)
		(User Jayson.Navarro)
		(MsgId ECO_021)
		(Text "Package TRAN_NCH_3P_DPAK1 added to cell")
		(Param1 TRAN_NCH_3P_DPAK1)
	)
	(Comment
		(Time 04/17/13,05:40:48)
		(User tois)
		(MsgId ECO_081)
		(Text "Symbol sym_2 added to cell")
		(Param1 sym_2)
	)
	(Comment
		(Time 04/17/13,11:03:35)
		(User tois)
		(MsgId ECO_082)
		(Text "Symbol sym_2 deleted from cell")
		(Param1 sym_2)
	)
	(Comment
		(Time 01/24/14,20:54:49)
		(User moises.condicion)
		(MsgId ECO_021)
		(Text "Package TRAN_NCH_3P_TO-921 added to cell")
		(Param1 "TRAN_NCH_3P_TO-921")
	)
	(Comment
		(Time 02/25/14,08:55:40)
		(User Jayson.Navarro)
		(MsgId ECO_021)
		(Text "Package TRAN_NCH_3P_SOT231 added to cell")
		(Param1 "TRAN_NCH_3P_SOT231")
	)
	(Comment
		(Time 02/25/14,09:47:02)
		(User Jayson.Navarro)
		(MsgId ECO_022)
		(Text "Package TRAN_NCH_3P_SOT-223 deleted from cell")
		(Param1 "TRAN_NCH_3P_SOT-223")
	)
	(Comment
		(Time 03/11/14,09:24:30)
		(User moises.condicion)
		(MsgId ECO_021)
		(Text "Package TRAN_NCH_3P_SOT231 added to cell")
		(Param1 "TRAN_NCH_3P_SOT231")
	)
	(Comment
		(Time 03/11/14,09:26:34)
		(User moises.condicion)
		(MsgId ECO_081)
		(Text "Symbol sym_2 added to cell")
		(Param1 "sym_2")
	)
	(Comment
		(Time 04/07/14,10:49:40)
		(User Jayson.Navarro)
		(MsgId ECO_021)
		(Text "Package TRAN_NCH_3P_SC89_TRENCH1 added to cell")
		(Param1 "TRAN_NCH_3P_SC89_TRENCH1")
	)
	(Comment
		(Time 04/07/14,10:50:30)
		(User Jayson.Navarro)
		(MsgId ECO_081)
		(Text "Symbol sym_3 added to cell")
		(Param1 "sym_3")
	)
	(Comment
		(Time 10/24/14,15:56:59)
		(User Jayson.Navarro)
		(MsgId ECO_021)
		(Text "Package TRAN_NCH_3P_SOT231 added to cell")
		(Param1 "TRAN_NCH_3P_SOT231")
	)
	(Comment
		(Time 10/24/14,17:06:08)
		(User Jayson.Navarro)
		(MsgId ECO_022)
		(Text "Package TRAN_NCH_3P_SOT883B deleted from cell")
		(Param1 "TRAN_NCH_3P_SOT883B")
	)
	(Comment
		(Time 10/24/14,17:06:15)
		(User Jayson.Navarro)
		(MsgId ECO_021)
		(Text "Package TRAN_NCH_3P_SC89_TRENCH1 added to cell")
		(Param1 "TRAN_NCH_3P_SC89_TRENCH1")
	)
	(Comment
		(Time 08/11/15,17:14:08)
		(User Joseph.Duran)
		(MsgId ECO_021)
		(Text "Package TRAN_NCH_3P_SC-891 added to cell")
		(Param1 "TRAN_NCH_3P_SC-891")
	)
	(Comment
		(Time 09/17/15,16:18:16)
		(User Mariel.Mabituin)
		(MsgId ECO_021)
		(Text "Package TRAN_NCH_3P_SOT5231 added to cell")
		(Param1 "TRAN_NCH_3P_SOT5231")
	)
	(Comment
		(Time 10/07/15,16:13:47)
		(User tois)
		(MsgId ECO_021)
		(Text "Package TRAN_NCH_3P_SOT-4161 added to cell")
		(Param1 "TRAN_NCH_3P_SOT-4161")
	)
	(Comment
		(Time 11/03/15,02:53:08)
		(User Ryan.Cabreza)
		(MsgId ECO_081)
		(Text "Symbol sym_4 added to cell")
		(Param1 "sym_4")
	)
