FILE_TYPE=LIBRARY_PARTS;
primitive '741G97_XSON6';
  pin
    'B':
      PIN_NUMBER='(1)';
      INPUT_LOAD='(-0.01,0.01)';
    'GND':
      PIN_NUMBER='(2)';
      PINUSE='GROUND';
      NO_LOAD_CHECK='Both';
      NO_IO_CHECK='Both';
      NO_ASSERT_CHECK='TRUE';
      NO_DIR_CHECK='TRUE';
      ALLOW_CONNECT='TRUE';
    'A':
      PIN_NUMBER='(3)';
      INPUT_LOAD='(-0.01,0.01)';
    'Y':
      PIN_NUMBER='(4)';
      OUTPUT_LOAD='(1.0,-1.0)';
    'VCC':
      PIN_NUMBER='(5)';
      PINUSE='POWER';
      NO_LOAD_CHECK='Both';
      NO_IO_CHECK='Both';
      NO_ASSERT_CHECK='TRUE';
      NO_DIR_CHECK='TRUE';
      ALLOW_CONNECT='TRUE';
    'C':
      PIN_NUMBER='(6)';
      INPUT_LOAD='(-0.01,0.01)';
  end_pin;
  body
    PART_NAME='741G97';
    BODY_NAME='741G97';
    JEDEC_TYPE='PSON35P100X100X35-6M';
    PHYS_DES_PREFIX='U';
    CLASS='IC';
  end_body;
end_primitive;

END.
