	(Comment
		(Time 05/18/15,13:44:55)
		(User tois)
		(MsgId ECO_021)
		(Text "Package MAX4741_1 added to cell")
		(Param1 "MAX4741_1")
	)
	(Comment
		(Time 05/18/15,13:47:21)
		(User tois)
		(MsgId ECO_213)
		(Text "PTF file MAX4741EUA.ptf renamed to part.ptf")
		(Param1 "MAX4741EUA.ptf")
		(Param2 "part.ptf")
	)
	(Comment
		(Time 06/04/15,11:44:32)
		(User ryan.cabreza)
		(MsgId ECO_021)
		(Text "Package MAX4741_1 added to cell")
		(Param1 "MAX4741_1")
	)
	(Comment
		(Time 06/04/15,11:44:59)
		(User ryan.cabreza)
		(MsgId ECO_021)
		(Text "Package MAX4741_SPLIT_UMAX81 added to cell")
		(Param1 "MAX4741_SPLIT_UMAX81")
	)
