(Cell	led

	(RevisionInfoBlock	

		(Baselined	1)

		(Revision	1.0.0)

		(ModificationStatus	NULL)

		(Status	Baselined)

		(ErrorStatus	0)

		(CreateInfo	

			(Time	08/14/09,14:06:35)

			(User	RandyD)

			(Path	mml.led)

		)

	)

	(Views	

		(View	Symbol

			(Symbols	4

				(Symbol	sym_4

					(Symbol_Type	Normal)

					(Max_Size	0)

					(Checksum	00000000f7a991b8)

					(RevisionInfoBlock	

						(Baselined	1)

						(Revision	1.0.0)

						(ModificationStatus	NULL)

						(Status	Baselined)

						(ErrorStatus	0)

						(CreateInfo	

							(Time	08/14/09,14:06:35)

							(User	RandyD)

							(Path	mml.led)

						)

					)

				)

				(Symbol	sym_3

					(Symbol_Type	Normal)

					(Max_Size	0)

					(Checksum	00000000c105915c)

					(RevisionInfoBlock	

						(Baselined	1)

						(Revision	1.0.0)

						(ModificationStatus	NULL)

						(Status	Baselined)

						(ErrorStatus	0)

						(CreateInfo	

							(Time	08/14/09,14:06:35)

							(User	RandyD)

							(Path	mml.led)

						)

					)

				)

				(Symbol	sym_2

					(Symbol_Type	Normal)

					(Max_Size	0)

					(Checksum	000000005d5b8cc9)

					(RevisionInfoBlock	

						(Baselined	1)

						(Revision	1.0.0)

						(ModificationStatus	NULL)

						(Status	Baselined)

						(ErrorStatus	0)

						(CreateInfo	

							(Time	08/14/09,14:06:35)

							(User	RandyD)

							(Path	mml.led)

						)

					)

				)

				(Symbol	sym_1

					(Symbol_Type	Normal)

					(Max_Size	0)

					(Checksum	000000003bea8d59)

					(RevisionInfoBlock	

						(Baselined	1)

						(Revision	1.0.0)

						(ModificationStatus	NULL)

						(Status	Baselined)

						(ErrorStatus	0)

						(CreateInfo	

							(Time	08/14/09,14:06:35)

							(User	RandyD)

							(Path	mml.led)

						)

					)

				)

			)

			(Checksum	000000001be20384)

		)

		(View	Chips

			(Checksum	00000000504c7539)

			(Primitives	3

				(Primitive	LED

					(RevisionInfoBlock	

						(Baselined	1)

						(Revision	1.0.0)

						(ModificationStatus	NULL)

						(Status	Baselined)

						(ErrorStatus	0)

						(CreateInfo	

							(Time	08/14/09,14:06:35)

							(User	RandyD)

							(Path	mml.led)

						)

					)

					(LogicalPhysicalPartRelation	

						(LogicalPart	LED

							(PackType	LED)

							(PackType	LED_LN1271)

						)

					)

					(Packages	2

						(FunctionGroups	1

							(FunctionGroup	1[1]

								(Linkages	

									(Linkage	Symbol

										(Name	sym_4)

									)

									(Linkage	Symbol

										(Name	sym_3)

									)

									(Linkage	Symbol

										(Name	sym_2)

									)

									(Linkage	Symbol

										(Name	sym_1)

									)

								)

							)

						)

						(Linkages	

							(DefaultFootPrint	

								(Name	led_1)

							)

						)

					)

				)

				(Primitive	LED_SML-LX2832GC-TR

					(RevisionInfoBlock	

						(Baselined	1)

						(Revision	1.0.0)

						(ModificationStatus	NULL)

						(Status	Baselined)

						(ErrorStatus	0)

						(CreateInfo	

							(Time	08/14/09,14:06:35)

							(User	RandyD)

							(Path	mml.led)

						)

					)

					(LogicalPhysicalPartRelation	

						(LogicalPart	LED

							(PackType	LED_SML-LX2832GC-TR)

						)

					)

					(Packages	1

						(FunctionGroups	1

							(FunctionGroup	1[1]

								(Linkages	

									(Linkage	Symbol

										(Name	sym_4)

									)

									(Linkage	Symbol

										(Name	sym_3)

									)

									(Linkage	Symbol

										(Name	sym_2)

									)

									(Linkage	Symbol

										(Name	sym_1)

									)

								)

							)

						)

						(Linkages	

							(DefaultFootPrint	

								(Name	led_1)

							)

						)

					)

				)

				(Primitive	LED_LEDTH

					(RevisionInfoBlock	

						(Baselined	1)

						(Revision	1.0.0)

						(ModificationStatus	NULL)

						(Status	Baselined)

						(ErrorStatus	0)

						(CreateInfo	

							(Time	08/14/09,14:06:35)

							(User	RandyD)

							(Path	mml.led)

						)

					)

					(LogicalPhysicalPartRelation	

						(LogicalPart	LED

							(PackType	LED_LEDTH)

						)

					)

					(Packages	1

						(FunctionGroups	1

							(FunctionGroup	1[1]

								(Linkages	

									(Linkage	Symbol

										(Name	sym_4)

									)

									(Linkage	Symbol

										(Name	sym_3)

									)

									(Linkage	Symbol

										(Name	sym_2)

									)

									(Linkage	Symbol

										(Name	sym_1)

									)

								)

							)

						)

						(Linkages	

							(DefaultFootPrint	

								(Name	LED_CMD)

							)

						)

					)

				)

			)

		)

		(Checksum	000000001d0603e6)

	)

	(VersionInfoBlock	

		(ToolName	PDV)

		(Version	Unreleased)

		(License	PCB_librarian_expert)

	)

	(Checksum	000000001b9b037a)

)


(Cell	led

	(RevisionInfoBlock	

		(Baselined	1)

		(Revision	2.0.0)

		(ModificationStatus	NULL)

		(Status	Baselined)

		(ErrorStatus	0)

		(CreateInfo	

			(Time	08/14/09,14:06:35)

			(User	RandyD)

			(Path	mml.led)

		)

		(LastModifyInfo	

			(Time	10/12/09,15:45:09)

			(User	Arleen.Carmona)

			(Path	mml_lib.led)

		)

	)

	(Views	

		(View	Symbol

			(Symbols	4

				(Symbol	sym_2

					(Symbol_Type	Normal)

					(Max_Size	0)

					(Checksum	0000000055388cc5)

					(RevisionInfoBlock	

						(Baselined	1)

						(Revision	2.0.0)

						(ModificationStatus	NULL)

						(Status	Baselined)

						(ErrorStatus	0)

						(CreateInfo	

							(Time	08/14/09,14:06:35)

							(User	RandyD)

							(Path	mml.led)

						)

						(LastModifyInfo	

							(Time	10/12/09,15:45:09)

							(User	Arleen.Carmona)

							(Path	mml_lib.led)

						)

					)

				)

				(Symbol	sym_1

					(Symbol_Type	Normal)

					(Max_Size	0)

					(Checksum	0000000033c28d55)

					(RevisionInfoBlock	

						(Baselined	1)

						(Revision	2.0.0)

						(ModificationStatus	NULL)

						(Status	Baselined)

						(ErrorStatus	0)

						(CreateInfo	

							(Time	08/14/09,14:06:35)

							(User	RandyD)

							(Path	mml.led)

						)

						(LastModifyInfo	

							(Time	10/12/09,15:45:09)

							(User	Arleen.Carmona)

							(Path	mml_lib.led)

						)

					)

				)

				(Symbol	sym_3

					(Symbol_Type	Normal)

					(Max_Size	0)

					(Checksum	00000000b8879158)

					(RevisionInfoBlock	

						(Baselined	1)

						(Revision	2.0.0)

						(ModificationStatus	NULL)

						(Status	Baselined)

						(ErrorStatus	0)

						(CreateInfo	

							(Time	08/14/09,14:06:35)

							(User	RandyD)

							(Path	mml.led)

						)

						(LastModifyInfo	

							(Time	10/12/09,15:45:09)

							(User	Arleen.Carmona)

							(Path	mml_lib.led)

						)

					)

				)

				(Symbol	sym_4

					(Symbol_Type	Normal)

					(Max_Size	0)

					(Checksum	00000000ef2991b4)

					(RevisionInfoBlock	

						(Baselined	1)

						(Revision	2.0.0)

						(ModificationStatus	NULL)

						(Status	Baselined)

						(ErrorStatus	0)

						(CreateInfo	

							(Time	08/14/09,14:06:35)

							(User	RandyD)

							(Path	mml.led)

						)

						(LastModifyInfo	

							(Time	10/12/09,15:45:09)

							(User	Arleen.Carmona)

							(Path	mml_lib.led)

						)

					)

				)

			)

			(Checksum	000000001c9103a9)

		)

		(View	Chips

			(Checksum	00000000504c7539)

			(Primitives	3

				(Primitive	LED

					(RevisionInfoBlock	

						(Baselined	1)

						(Revision	1.0.0)

						(ModificationStatus	NULL)

						(Status	Baselined)

						(ErrorStatus	0)

						(CreateInfo	

							(Time	08/14/09,14:06:35)

							(User	RandyD)

							(Path	mml.led)

						)

					)

					(LogicalPhysicalPartRelation	

						(LogicalPart	LED

							(PackType	LED)

							(PackType	LED_LN1271)

						)

					)

					(Packages	2

						(FunctionGroups	1

							(FunctionGroup	1[1]

								(Linkages	

									(Linkage	Symbol

										(Name	sym_2)

									)

									(Linkage	Symbol

										(Name	sym_1)

									)

									(Linkage	Symbol

										(Name	sym_3)

									)

									(Linkage	Symbol

										(Name	sym_4)

									)

								)

							)

						)

						(Linkages	

							(DefaultFootPrint	

								(Name	led_1)

							)

						)

					)

				)

				(Primitive	LED_SML-LX2832GC-TR

					(RevisionInfoBlock	

						(Baselined	1)

						(Revision	1.0.0)

						(ModificationStatus	NULL)

						(Status	Baselined)

						(ErrorStatus	0)

						(CreateInfo	

							(Time	08/14/09,14:06:35)

							(User	RandyD)

							(Path	mml.led)

						)

					)

					(LogicalPhysicalPartRelation	

						(LogicalPart	LED

							(PackType	LED_SML-LX2832GC-TR)

						)

					)

					(Packages	1

						(FunctionGroups	1

							(FunctionGroup	1[1]

								(Linkages	

									(Linkage	Symbol

										(Name	sym_2)

									)

									(Linkage	Symbol

										(Name	sym_1)

									)

									(Linkage	Symbol

										(Name	sym_3)

									)

									(Linkage	Symbol

										(Name	sym_4)

									)

								)

							)

						)

						(Linkages	

							(DefaultFootPrint	

								(Name	led_1)

							)

						)

					)

				)

				(Primitive	LED_LEDTH

					(RevisionInfoBlock	

						(Baselined	1)

						(Revision	1.0.0)

						(ModificationStatus	NULL)

						(Status	Baselined)

						(ErrorStatus	0)

						(CreateInfo	

							(Time	08/14/09,14:06:35)

							(User	RandyD)

							(Path	mml.led)

						)

					)

					(LogicalPhysicalPartRelation	

						(LogicalPart	LED

							(PackType	LED_LEDTH)

						)

					)

					(Packages	1

						(FunctionGroups	1

							(FunctionGroup	1[1]

								(Linkages	

									(Linkage	Symbol

										(Name	sym_2)

									)

									(Linkage	Symbol

										(Name	sym_1)

									)

									(Linkage	Symbol

										(Name	sym_3)

									)

									(Linkage	Symbol

										(Name	sym_4)

									)

								)

							)

						)

						(Linkages	

							(DefaultFootPrint	

								(Name	LED_CMD)

							)

						)

					)

				)

			)

		)

		(View	VerilogWrappers

			(VerilogWrapper	vlog_model

				(ModelName	LED

					(RevisionInfoBlock	

						(Baselined	1)

						(Revision	1.0.0)

						(ModificationStatus	NULL)

						(Status	Baselined)

						(ErrorStatus	0)

						(CreateInfo	

							(Time	)

							(User	)

							(Path	)

						)

					)

				)

			)

		)

		(Checksum	000000001e0103e8)

	)

	(VersionInfoBlock	

		(ToolName	PDV)

		(Version	16.2-s002 (v16-2-57S))

		(License	PCB_librarian_expert)

	)

	(Checksum	000000001b8b0378)

)


