	(Comment
		(Time 08/14/09,14:06:35)
		(User RandyD)
		(MsgId ECO_332)
		(Text "Revision for symbol sym_4 has been updated to 1.0.0")
		(Param1 sym_4)
		(Param2 1.0.0)
	)
	(Comment
		(Time 08/14/09,14:06:35)
		(User RandyD)
		(MsgId ECO_332)
		(Text "Revision for symbol sym_3 has been updated to 1.0.0")
		(Param1 sym_3)
		(Param2 1.0.0)
	)
	(Comment
		(Time 08/14/09,14:06:35)
		(User RandyD)
		(MsgId ECO_332)
		(Text "Revision for symbol sym_2 has been updated to 1.0.0")
		(Param1 sym_2)
		(Param2 1.0.0)
	)
	(Comment
		(Time 08/14/09,14:06:35)
		(User RandyD)
		(MsgId ECO_332)
		(Text "Revision for symbol sym_1 has been updated to 1.0.0")
		(Param1 sym_1)
		(Param2 1.0.0)
	)
	(Comment
		(Time 08/14/09,14:06:35)
		(User RandyD)
		(MsgId ECO_333)
		(Text "Revision for package LED has been updated to 1.0.0")
		(Param1 LED)
		(Param2 1.0.0)
	)
	(Comment
		(Time 08/14/09,14:06:35)
		(User RandyD)
		(MsgId ECO_333)
		(Text "Revision for package LED_SML-LX2832GC-TR has been updated to 1.0.0")
		(Param1 LED_SML-LX2832GC-TR)
		(Param2 1.0.0)
	)
	(Comment
		(Time 08/14/09,14:06:35)
		(User RandyD)
		(MsgId ECO_333)
		(Text "Revision for package LED_LEDTH has been updated to 1.0.0")
		(Param1 LED_LEDTH)
		(Param2 1.0.0)
	)
	(Comment
		(Time 08/14/09,14:06:35)
		(User RandyD)
		(MsgId ECO_331)
		(Text "Revision for cell led has been updated to 1.0.0")
		(Param1 led)
		(Param2 1.0.0)
	)
	(Comment
		(Time 10/12/09,15:45:08)
		(User Arleen.Carmona)
		(MsgId ECO_118)
		(Text "Connection point of pin A has been modified from (-100,0) to (-50,0) in symbol sym_4")
		(Param1 A)
		(Param2 (-100,0))
		(Param3 (-50,0))
		(Param4 sym_4)
	)
	(Comment
		(Time 10/12/09,15:45:08)
		(User Arleen.Carmona)
		(MsgId ECO_118)
		(Text "Connection point of pin B has been modified from (100,0) to (50,0) in symbol sym_4")
		(Param1 B)
		(Param2 (100,0))
		(Param3 (50,0))
		(Param4 sym_4)
	)
	(Comment
		(Time 10/12/09,15:45:08)
		(User Arleen.Carmona)
		(MsgId ECO_094)
		(Text "Graphics in symbol  modified")
		(Param1 )
	)
	(Comment
		(Time 10/12/09,15:45:08)
		(User Arleen.Carmona)
		(MsgId ECO_118)
		(Text "Connection point of pin A has been modified from (0,-100) to (0,-50) in symbol sym_3")
		(Param1 A)
		(Param2 (0,-100))
		(Param3 (0,-50))
		(Param4 sym_3)
	)
	(Comment
		(Time 10/12/09,15:45:08)
		(User Arleen.Carmona)
		(MsgId ECO_118)
		(Text "Connection point of pin B has been modified from (0,100) to (0,50) in symbol sym_3")
		(Param1 B)
		(Param2 (0,100))
		(Param3 (0,50))
		(Param4 sym_3)
	)
	(Comment
		(Time 10/12/09,15:45:08)
		(User Arleen.Carmona)
		(MsgId ECO_094)
		(Text "Graphics in symbol  modified")
		(Param1 )
	)
	(Comment
		(Time 10/12/09,15:45:08)
		(User Arleen.Carmona)
		(MsgId ECO_124)
		(Text "Pin location has been modified from Left to Bottom for pin A in symbol sym_2")
		(Param1 Left)
		(Param2 Bottom)
		(Param3 A)
		(Param4 sym_2)
	)
	(Comment
		(Time 10/12/09,15:45:08)
		(User Arleen.Carmona)
		(MsgId ECO_124)
		(Text "Pin location has been modified from Right to Top for pin B in symbol sym_2")
		(Param1 Right)
		(Param2 Top)
		(Param3 B)
		(Param4 sym_2)
	)
	(Comment
		(Time 10/12/09,15:45:08)
		(User Arleen.Carmona)
		(MsgId ECO_094)
		(Text "Graphics in symbol  modified")
		(Param1 )
	)
	(Comment
		(Time 10/12/09,15:45:09)
		(User Arleen.Carmona)
		(MsgId ECO_124)
		(Text "Pin location has been modified from Bottom to Left for pin A in symbol sym_1")
		(Param1 Bottom)
		(Param2 Left)
		(Param3 A)
		(Param4 sym_1)
	)
	(Comment
		(Time 10/12/09,15:45:09)
		(User Arleen.Carmona)
		(MsgId ECO_124)
		(Text "Pin location has been modified from Top to Right for pin B in symbol sym_1")
		(Param1 Top)
		(Param2 Right)
		(Param3 B)
		(Param4 sym_1)
	)
	(Comment
		(Time 10/12/09,15:45:09)
		(User Arleen.Carmona)
		(MsgId ECO_094)
		(Text "Graphics in symbol  modified")
		(Param1 )
	)
	(Comment
		(Time 10/12/09,15:45:09)
		(User Arleen.Carmona)
		(MsgId ECO_118)
		(Text "Connection point of pin A has been modified from (-100,0) to (-50,0) in symbol sym_4")
		(Param1 A)
		(Param2 (-100,0))
		(Param3 (-50,0))
		(Param4 sym_4)
	)
	(Comment
		(Time 10/12/09,15:45:09)
		(User Arleen.Carmona)
		(MsgId ECO_118)
		(Text "Connection point of pin B has been modified from (100,0) to (50,0) in symbol sym_4")
		(Param1 B)
		(Param2 (100,0))
		(Param3 (50,0))
		(Param4 sym_4)
	)
	(Comment
		(Time 10/12/09,15:45:09)
		(User Arleen.Carmona)
		(MsgId ECO_094)
		(Text "Graphics in symbol  modified")
		(Param1 )
	)
	(Comment
		(Time 10/12/09,15:45:09)
		(User Arleen.Carmona)
		(MsgId ECO_118)
		(Text "Connection point of pin A has been modified from (0,-100) to (0,-50) in symbol sym_3")
		(Param1 A)
		(Param2 (0,-100))
		(Param3 (0,-50))
		(Param4 sym_3)
	)
	(Comment
		(Time 10/12/09,15:45:09)
		(User Arleen.Carmona)
		(MsgId ECO_118)
		(Text "Connection point of pin B has been modified from (0,100) to (0,50) in symbol sym_3")
		(Param1 B)
		(Param2 (0,100))
		(Param3 (0,50))
		(Param4 sym_3)
	)
	(Comment
		(Time 10/12/09,15:45:09)
		(User Arleen.Carmona)
		(MsgId ECO_094)
		(Text "Graphics in symbol  modified")
		(Param1 )
	)
	(Comment
		(Time 10/12/09,15:45:09)
		(User Arleen.Carmona)
		(MsgId ECO_124)
		(Text "Pin location has been modified from Left to Bottom for pin A in symbol sym_2")
		(Param1 Left)
		(Param2 Bottom)
		(Param3 A)
		(Param4 sym_2)
	)
	(Comment
		(Time 10/12/09,15:45:09)
		(User Arleen.Carmona)
		(MsgId ECO_124)
		(Text "Pin location has been modified from Right to Top for pin B in symbol sym_2")
		(Param1 Right)
		(Param2 Top)
		(Param3 B)
		(Param4 sym_2)
	)
	(Comment
		(Time 10/12/09,15:45:09)
		(User Arleen.Carmona)
		(MsgId ECO_094)
		(Text "Graphics in symbol  modified")
		(Param1 )
	)
	(Comment
		(Time 10/12/09,15:45:09)
		(User Arleen.Carmona)
		(MsgId ECO_124)
		(Text "Pin location has been modified from Bottom to Left for pin A in symbol sym_1")
		(Param1 Bottom)
		(Param2 Left)
		(Param3 A)
		(Param4 sym_1)
	)
	(Comment
		(Time 10/12/09,15:45:09)
		(User Arleen.Carmona)
		(MsgId ECO_124)
		(Text "Pin location has been modified from Top to Right for pin B in symbol sym_1")
		(Param1 Top)
		(Param2 Right)
		(Param3 B)
		(Param4 sym_1)
	)
	(Comment
		(Time 10/12/09,15:45:09)
		(User Arleen.Carmona)
		(MsgId ECO_094)
		(Text "Graphics in symbol  modified")
		(Param1 )
	)
	(Comment
		(Time 10/12/09,15:45:09)
		(User Arleen.Carmona)
		(MsgId ECO_118)
		(Text "Connection point of pin A has been modified from (-100,0) to (-50,0) in symbol sym_4")
		(Param1 A)
		(Param2 (-100,0))
		(Param3 (-50,0))
		(Param4 sym_4)
	)
	(Comment
		(Time 10/12/09,15:45:09)
		(User Arleen.Carmona)
		(MsgId ECO_118)
		(Text "Connection point of pin B has been modified from (100,0) to (50,0) in symbol sym_4")
		(Param1 B)
		(Param2 (100,0))
		(Param3 (50,0))
		(Param4 sym_4)
	)
	(Comment
		(Time 10/12/09,15:45:09)
		(User Arleen.Carmona)
		(MsgId ECO_094)
		(Text "Graphics in symbol  modified")
		(Param1 )
	)
	(Comment
		(Time 10/12/09,15:45:09)
		(User Arleen.Carmona)
		(MsgId ECO_118)
		(Text "Connection point of pin A has been modified from (0,-100) to (0,-50) in symbol sym_3")
		(Param1 A)
		(Param2 (0,-100))
		(Param3 (0,-50))
		(Param4 sym_3)
	)
	(Comment
		(Time 10/12/09,15:45:09)
		(User Arleen.Carmona)
		(MsgId ECO_118)
		(Text "Connection point of pin B has been modified from (0,100) to (0,50) in symbol sym_3")
		(Param1 B)
		(Param2 (0,100))
		(Param3 (0,50))
		(Param4 sym_3)
	)
	(Comment
		(Time 10/12/09,15:45:09)
		(User Arleen.Carmona)
		(MsgId ECO_094)
		(Text "Graphics in symbol  modified")
		(Param1 )
	)
	(Comment
		(Time 10/12/09,15:45:09)
		(User Arleen.Carmona)
		(MsgId ECO_124)
		(Text "Pin location has been modified from Left to Bottom for pin A in symbol sym_2")
		(Param1 Left)
		(Param2 Bottom)
		(Param3 A)
		(Param4 sym_2)
	)
	(Comment
		(Time 10/12/09,15:45:09)
		(User Arleen.Carmona)
		(MsgId ECO_124)
		(Text "Pin location has been modified from Right to Top for pin B in symbol sym_2")
		(Param1 Right)
		(Param2 Top)
		(Param3 B)
		(Param4 sym_2)
	)
	(Comment
		(Time 10/12/09,15:45:09)
		(User Arleen.Carmona)
		(MsgId ECO_094)
		(Text "Graphics in symbol  modified")
		(Param1 )
	)
	(Comment
		(Time 10/12/09,15:45:09)
		(User Arleen.Carmona)
		(MsgId ECO_124)
		(Text "Pin location has been modified from Bottom to Left for pin A in symbol sym_1")
		(Param1 Bottom)
		(Param2 Left)
		(Param3 A)
		(Param4 sym_1)
	)
	(Comment
		(Time 10/12/09,15:45:09)
		(User Arleen.Carmona)
		(MsgId ECO_124)
		(Text "Pin location has been modified from Top to Right for pin B in symbol sym_1")
		(Param1 Top)
		(Param2 Right)
		(Param3 B)
		(Param4 sym_1)
	)
	(Comment
		(Time 10/12/09,15:45:09)
		(User Arleen.Carmona)
		(MsgId ECO_094)
		(Text "Graphics in symbol  modified")
		(Param1 )
	)
	(Comment
		(Time 10/12/09,15:45:09)
		(User Arleen.Carmona)
		(MsgId ECO_332)
		(Text "Revision for symbol sym_2 has been updated to 2.0.0")
		(Param1 sym_2)
		(Param2 2.0.0)
	)
	(Comment
		(Time 10/12/09,15:45:09)
		(User Arleen.Carmona)
		(MsgId ECO_332)
		(Text "Revision for symbol sym_1 has been updated to 2.0.0")
		(Param1 sym_1)
		(Param2 2.0.0)
	)
	(Comment
		(Time 10/12/09,15:45:09)
		(User Arleen.Carmona)
		(MsgId ECO_332)
		(Text "Revision for symbol sym_3 has been updated to 2.0.0")
		(Param1 sym_3)
		(Param2 2.0.0)
	)
	(Comment
		(Time 10/12/09,15:45:09)
		(User Arleen.Carmona)
		(MsgId ECO_332)
		(Text "Revision for symbol sym_4 has been updated to 2.0.0")
		(Param1 sym_4)
		(Param2 2.0.0)
	)
	(Comment
		(Time 10/12/09,15:45:09)
		(User Arleen.Carmona)
		(MsgId ECO_335)
		(Text "Revision for model LED of wrapper vlog_model has been updated to 1.0.0")
		(Param1 LED)
		(Param2 vlog_model)
		(Param3 1.0.0)
	)
	(Comment
		(Time 10/12/09,15:45:09)
		(User Arleen.Carmona)
		(MsgId ECO_331)
		(Text "Revision for cell led has been updated to 2.0.0")
		(Param1 led)
		(Param2 2.0.0)
	)
	(Comment
		(Time 04/09/10,16:52:10)
		(User Owen.Tanate)
		(MsgId ECO_021)
		(Text "Package LED_LEDTH1 added to cell")
		(Param1 LED_LEDTH1)
	)
	(Comment
		(Time 04/23/10,10:21:35)
		(User Owen.Tanate)
		(MsgId ECO_081)
		(Text "Symbol sym_5 added to cell")
		(Param1 sym_5)
	)
	(Comment
		(Time 04/23/10,14:15:09)
		(User Owen.Tanate)
		(MsgId ECO_021)
		(Text "Package LED_LEDTH1 added to cell")
		(Param1 LED_LEDTH1)
	)
	(Comment
		(Time 04/23/10,14:26:11)
		(User Owen.Tanate)
		(MsgId ECO_232)
		(Text "Model LED deleted from wrapper vlog_model")
		(Param1 LED)
		(Param2 vlog_model)
	)
	(Comment
		(Time 08/20/10,15:39:35)
		(User Daphine.Salazar)
		(MsgId ECO_021)
		(Text "Package LED_LEDTH1 added to cell")
		(Param1 LED_LEDTH1)
	)
	(Comment
		(Time 01/26/11,13:12:05)
		(User Moises.Condicion)
		(MsgId ECO_021)
		(Text "Package LED_LED_04021 added to cell")
		(Param1 LED_LED_04021)
	)
	(Comment
		(Time 01/29/11,11:18:15)
		(User ryan.cabreza)
		(MsgId ECO_021)
		(Text "Package LED_LEDC1608X60M1 added to cell")
		(Param1 LED_LEDC1608X60M1)
	)
	(Comment
		(Time 02/02/11,14:06:15)
		(User Ryan.Cabreza)
		(MsgId ECO_021)
		(Text "Package LED_SMT200X1251 added to cell")
		(Param1 LED_SMT200X1251)
	)
	(Comment
		(Time 07/13/11,09:44:33)
		(User Moises.Condicion)
		(MsgId ECO_021)
		(Text "Package LED_SMT160X0801 added to cell")
		(Param1 LED_SMT160X0801)
	)
	(Comment
		(Time 06/28/12,17:15:20)
		(User Moises.Condicion)
		(MsgId ECO_021)
		(Text "Package LED_SMT160X0801 added to cell")
		(Param1 LED_SMT160X0801)
	)
	(Comment
		(Time 06/28/12,17:17:49)
		(User Moises.Condicion)
		(MsgId ECO_021)
		(Text "Package LED_LEDC3215X100-4M1 added to cell")
		(Param1 LED_LEDC3215X100-4M1)
	)
	(Comment
		(Time 09/13/12,15:10:09)
		(User Ryan.Cabreza)
		(MsgId ECO_021)
		(Text "Package LED_SML-LX2832GC-TR1 added to cell")
		(Param1 LED_SML-LX2832GC-TR1)
	)
	(Comment
		(Time 10/02/12,15:52:22)
		(User Moises.Condicion)
		(MsgId ECO_021)
		(Text "Package LED_LEDC1608X60M1 added to cell")
		(Param1 LED_LEDC1608X60M1)
	)
	(Comment
		(Time 02/22/13,14:40:17)
		(User ryan.cabreza)
		(MsgId ECO_021)
		(Text "Package LED_LEDC1608X80M1 added to cell")
		(Param1 LED_LEDC1608X80M1)
	)
	(Comment
		(Time 02/22/13,15:35:22)
		(User ryan.cabreza)
		(MsgId ECO_021)
		(Text "Package LED_LED_PANA_FIG10_GW1 added to cell")
		(Param1 LED_LED_PANA_FIG10_GW1)
	)
	(Comment
		(Time 04/22/13,09:57:37)
		(User Jayson.Navarro)
		(MsgId ECO_021)
		(Text "Package LED_LEDC3215X100-4M1 added to cell")
		(Param1 LED_LEDC3215X100-4M1)
	)
	(Comment
		(Time 08/21/13,05:35:57)
		(User jayson.navarro)
		(MsgId ECO_021)
		(Text "Package LED_SMT160X0801 added to cell")
		(Param1 "LED_SMT160X0801")
	)
	(Comment
		(Time 08/28/13,10:18:54)
		(User Joseph.Duran)
		(MsgId ECO_021)
		(Text "Package LED_SMT200X1251 added to cell")
		(Param1 "LED_SMT200X1251")
	)
	(Comment
		(Time 01/08/14,18:42:46)
		(User Jayson.Navarro)
		(MsgId ECO_021)
		(Text "Package LED_LEDC3215X100-4M1 added to cell")
		(Param1 "LED_LEDC3215X100-4M1")
	)
	(Comment
		(Time 03/03/14,17:56:56)
		(User Jayson.Navarro)
		(MsgId ECO_021)
		(Text "Package LED_LED_1208_3P1 added to cell")
		(Param1 "LED_LED_1208_3P1")
	)
	(Comment
		(Time 03/03/14,17:59:40)
		(User Jayson.Navarro)
		(MsgId ECO_022)
		(Text "Package LED_LED_TO-18R_2P deleted from cell")
		(Param1 "LED_LED_TO-18R_2P")
	)
	(Comment
		(Time 03/04/14,13:11:17)
		(User Jayson.Navarro)
		(MsgId ECO_021)
		(Text "Package LED_LEDTH1 added to cell")
		(Param1 "LED_LEDTH1")
	)
	(Comment
		(Time 04/22/14,18:05:35)
		(User Ryan.Cabreza)
		(MsgId ECO_021)
		(Text "Package LED_1 added to cell")
		(Param1 "LED_1")
	)
	(Comment
		(Time 04/22/14,18:06:42)
		(User Ryan.Cabreza)
		(MsgId ECO_021)
		(Text "Package LED_LUW-FQ6N1 added to cell")
		(Param1 "LED_LUW-FQ6N1")
	)
	(Comment
		(Time 04/28/14,17:08:58)
		(User Jayson.Navarro)
		(MsgId ECO_021)
		(Text "Package LED_TO-18R_2P1 added to cell")
		(Param1 "LED_TO-18R_2P1")
	)
	(Comment
		(Time 05/16/14,11:20:46)
		(User Jayson.Navarro)
		(MsgId ECO_021)
		(Text "Package LED_LEDC3210X150M1 added to cell")
		(Param1 "LED_LEDC3210X150M1")
	)
	(Comment
		(Time 05/23/14,17:08:20)
		(User joseph.duran)
		(MsgId ECO_021)
		(Text "Package LED_LEDC3210X150M1 added to cell")
		(Param1 "LED_LEDC3210X150M1")
	)
	(Comment
		(Time 09/11/14,09:57:06)
		(User Jayson.Navarro)
		(MsgId ECO_021)
		(Text "Package LED_LEDC3210X150M1 added to cell")
		(Param1 "LED_LEDC3210X150M1")
	)
	(Comment
		(Time 10/15/14,12:30:45)
		(User Jayson.Navarro)
		(MsgId ECO_021)
		(Text "Package LED_LED_LHUV-0405-06501 added to cell")
		(Param1 "LED_LED_LHUV-0405-06501")
	)
	(Comment
		(Time 11/05/14,17:33:07)
		(User Jayson.Navarro)
		(MsgId ECO_021)
		(Text "Package LED_1 added to cell")
		(Param1 "LED_1")
	)
	(Comment
		(Time 12/16/14,08:57:37)
		(User Jayson.Navarro)
		(MsgId ECO_021)
		(Text "Package LED_LED_LHUV1 added to cell")
		(Param1 "LED_LED_LHUV1")
	)
	(Comment
		(Time 02/02/15,15:40:39)
		(User Jayson.Navarro)
		(MsgId ECO_021)
		(Text "Package LED_LED_1208_3P1 added to cell")
		(Param1 "LED_LED_1208_3P1")
	)
	(Comment
		(Time 02/02/15,15:43:23)
		(User Jayson.Navarro)
		(MsgId ECO_081)
		(Text "Symbol sym_6 added to cell")
		(Param1 "sym_6")
	)
	(Comment
		(Time 02/02/15,15:44:23)
		(User Jayson.Navarro)
		(MsgId ECO_081)
		(Text "Symbol sym_7 added to cell")
		(Param1 "sym_7")
	)
	(Comment
		(Time 02/16/15,17:47:20)
		(User Joseph.Duran)
		(MsgId ECO_021)
		(Text "Package LED_1 added to cell")
		(Param1 "LED_1")
	)
	(Comment
		(Time 02/16/15,17:47:37)
		(User Joseph.Duran)
		(MsgId ECO_022)
		(Text "Package LED_1 deleted from cell")
		(Param1 "LED_1")
	)
	(Comment
		(Time 02/16/15,17:47:53)
		(User Joseph.Duran)
		(MsgId ECO_021)
		(Text "Package LED_LED_GW_CSSRM1-EC1 added to cell")
		(Param1 "LED_LED_GW_CSSRM1-EC1")
	)
	(Comment
		(Time 02/16/15,17:48:30)
		(User Joseph.Duran)
		(MsgId ECO_022)
		(Text "Package LED_LED_GW_CSSRM1-EC1 deleted from cell")
		(Param1 "LED_LED_GW_CSSRM1-EC1")
	)
	(Comment
		(Time 02/16/15,17:48:48)
		(User Joseph.Duran)
		(MsgId ECO_021)
		(Text "Package LED_LED_04021 added to cell")
		(Param1 "LED_LED_04021")
	)
	(Comment
		(Time 03/11/15,10:05:47)
		(User Jayson.Navarro)
		(MsgId ECO_021)
		(Text "Package LED_LED_LTST-C2301 added to cell")
		(Param1 "LED_LED_LTST-C2301")
	)
	(Comment
		(Time 03/11/15,14:30:14)
		(User Ryan.Cabreza)
		(MsgId ECO_021)
		(Text "Package LED_LED_EPITEX_SMT1 added to cell")
		(Param1 "LED_LED_EPITEX_SMT1")
	)
	(Comment
		(Time 03/16/15,14:44:54)
		(User Jayson.Navarro)
		(MsgId ECO_021)
		(Text "Package LED_LEDC3210X150M1 added to cell")
		(Param1 "LED_LEDC3210X150M1")
	)
	(Comment
		(Time 04/08/15,09:46:27)
		(User Joseph.Duran)
		(MsgId ECO_021)
		(Text "Package LED_LEDC3020X125M1 added to cell")
		(Param1 "LED_LEDC3020X125M1")
	)
	(Comment
		(Time 10/08/15,21:42:42)
		(User Ryan.Cabreza)
		(MsgId ECO_021)
		(Text "Package LED_LEDM3528X210M1 added to cell")
		(Param1 "LED_LEDM3528X210M1")
	)
	(Comment
		(Time 10/08/15,22:03:24)
		(User Ryan.Cabreza)
		(MsgId ECO_021)
		(Text "Package LED_LUW-FQ6N1 added to cell")
		(Param1 "LED_LUW-FQ6N1")
	)
	(Comment
		(Time 01/05/16,14:23:56)
		(User Mariel.Mabituin)
		(MsgId ECO_021)
		(Text "Package LED_LEDC1005X50L10M1 added to cell")
		(Param1 "LED_LEDC1005X50L10M1")
	)
	(Comment
		(Time 01/14/16,21:50:33)
		(User Ryan.Cabreza)
		(MsgId ECO_021)
		(Text "Package LED_GT_DASPA1-131 added to cell")
		(Param1 "LED_GT_DASPA1-131")
	)
	(Comment
		(Time 04/25/16,15:05:14)
		(User Mariel.Mabituin)
		(MsgId ECO_021)
		(Text "Package LED_LT_P4SG-TM1 added to cell")
		(Param1 "LED_LT_P4SG-TM1")
	)
	(Comment
		(Time 04/29/16,18:48:13)
		(User jayson.navarro)
		(MsgId ECO_021)
		(Text "Package LED_LT_P4SG-TM1 added to cell")
		(Param1 "LED_LT_P4SG-TM1")
	)
	(Comment
		(Time 04/29/16,18:49:48)
		(User jayson.navarro)
		(MsgId ECO_021)
		(Text "Package LED_LT_P4SG-RM1 added to cell")
		(Param1 "LED_LT_P4SG-RM1")
	)
