	(Comment
		(Time 04/07/15,18:46:29)
		(User jayson.navarro)
		(MsgId ECO_021)
		(Text "Package BATTERY_HOLDER_TH1 added to cell")
		(Param1 "BATTERY_HOLDER_TH1")
	)
	(Comment
		(Time 05/12/15,16:12:34)
		(User jayson.navarro)
		(MsgId ECO_021)
		(Text "Package BATTERY_HOLDER_TH1 added to cell")
		(Param1 "BATTERY_HOLDER_TH1")
	)
	(Comment
		(Time 05/12/15,16:25:52)
		(User jayson.navarro)
		(MsgId ECO_081)
		(Text "Symbol sym_2 added to cell")
		(Param1 "sym_2")
	)
	(Comment
		(Time 08/04/15,13:47:46)
		(User Joseph.Duran)
		(MsgId ECO_021)
		(Text "Package BATTERY_HOLDER_TH11 added to cell")
		(Param1 "BATTERY_HOLDER_TH11")
	)
	(Comment
		(Time 08/04/15,13:59:57)
		(User Joseph.Duran)
		(MsgId ECO_081)
		(Text "Symbol sym_3 added to cell")
		(Param1 "sym_3")
	)
	(Comment
		(Time 08/04/15,14:01:15)
		(User Joseph.Duran)
		(MsgId ECO_022)
		(Text "Package BATTERY_HOLDER_SMD1 deleted from cell")
		(Param1 "BATTERY_HOLDER_SMD1")
	)
	(Comment
		(Time 08/04/15,14:16:16)
		(User Joseph.Duran)
		(MsgId ECO_021)
		(Text "Package BATTERY_HOLDER_TH11 added to cell")
		(Param1 "BATTERY_HOLDER_TH11")
	)
	(Comment
		(Time 02/11/16,15:31:21)
		(User Ryan.Cabreza)
		(MsgId ECO_021)
		(Text "Package BATTERY_HOLDER_TH11 added to cell")
		(Param1 "BATTERY_HOLDER_TH11")
	)
	(Comment
		(Time 02/11/16,15:33:10)
		(User Ryan.Cabreza)
		(MsgId ECO_081)
		(Text "Symbol sym_4 added to cell")
		(Param1 "sym_4")
	)
