	(Comment
		(Time 05/11/15,12:48:30)
		(User Joseph.Duran)
		(MsgId ECO_022)
		(Text "Package 898-XX-XXX-90-310000_WLP_SITE deleted from cell")
		(Param1 "898-XX-XXX-90-310000_WLP_SITE")
	)
	(Comment
		(Time 05/11/15,12:52:52)
		(User Joseph.Duran)
		(MsgId ECO_021)
		(Text "Package 898-XX-XXX-90-310000_RA1 added to cell")
		(Param1 "898-XX-XXX-90-310000_RA1")
	)
	(Comment
		(Time 05/11/15,12:54:58)
		(User Joseph.Duran)
		(MsgId ECO_081)
		(Text "Symbol sym_3 added to cell")
		(Param1 "sym_3")
	)
