FILE_TYPE=LIBRARY_PARTS;
primitive 'XTAL','XTAL_XTAL1200X480X400M','XTAL_XTAL1140X470X330M','XTAL_XTAL1140X470X430M','XTAL_XTAL_FC135','XTAL_XTAL600X350X140M','XTAL_XTAL1200X480X410M','XTAL_XTAL1230X483X430M','XTAL_XTAL1150X480X430M','XTAL_XTAL1000X450X170M','XTAL_XTAL500X320X135M';
  pin
    'P1':
      PIN_NUMBER='(1)';
      PINUSE='UNSPEC';
    'P2':
      PIN_NUMBER='(2)';
      PINUSE='UNSPEC';
  end_pin;
  body
    PART_NAME='XTAL';
    BODY_NAME='XTAL';
    JEDEC_TYPE='XTAL1200X480X400M';
    PHYS_DES_PREFIX='Y';
    CLASS='DISCRETE';
  end_body;
end_primitive;

primitive 'XTAL_XTAL_HC-49';
  pin
    'P1':
      PIN_NUMBER='(1)';
      PINUSE='UNSPEC';
    'P2':
      PIN_NUMBER='(2)';
      PINUSE='UNSPEC';
  end_pin;
  body
    PART_NAME='XTAL';
    BODY_NAME='XTAL';
    JEDEC_TYPE='XTAL_HC-49';
    PHYS_DES_PREFIX='Y';
    CLASS='DISCRETE';
  end_body;
end_primitive;

primitive 'XTAL_OSCL550P350X800X370-4M';
  pin
    'P1':
      PIN_NUMBER='(1)';
      PINUSE='UNSPEC';
    'P2':
      PIN_NUMBER='(4)';
      PINUSE='UNSPEC';
  end_pin;
  body
    PART_NAME='XTAL';
    BODY_NAME='XTAL';
    JEDEC_TYPE='OSCL550P350X800X370-4M';
    PHYS_DES_PREFIX='Y';
    CLASS='DISCRETE';
    NC_PINS='(2,3)';
  end_body;
end_primitive;

primitive 'XTAL_XTAL_MC405';
  pin
    'P1':
      PIN_NUMBER='(1)';
      PINUSE='UNSPEC';
    'P2':
      PIN_NUMBER='(2)';
      PINUSE='UNSPEC';
  end_pin;
  body
    PART_NAME='XTAL';
    BODY_NAME='XTAL';
    JEDEC_TYPE='XTAL_MC405';
    PHYS_DES_PREFIX='Y';
    CLASS='DISCRETE';
  end_body;
end_primitive;

primitive 'XTAL_XTAL_DT26';
  pin
    'P1':
      PIN_NUMBER='(1)';
      PINUSE='UNSPEC';
    'P2':
      PIN_NUMBER='(2)';
      PINUSE='UNSPEC';
  end_pin;
  body
    PART_NAME='XTAL';
    ALT_SYMBOLS='(xtal_dt26_v)';
    BODY_NAME='XTAL';
    JEDEC_TYPE='XTAL_DT26';
    PHYS_DES_PREFIX='Y';
    CLASS='DISCRETE';
  end_body;
end_primitive;

primitive 'XTAL_XTAL_JXG53P2';
  pin
    'P1':
      PIN_NUMBER='(1)';
      PINUSE='UNSPEC';
    'P2':
      PIN_NUMBER='(2)';
      PINUSE='UNSPEC';
  end_pin;
  body
    PART_NAME='XTAL';
    BODY_NAME='XTAL';
    JEDEC_TYPE='XTAL_JXG53P2';
    PHYS_DES_PREFIX='Y';
    CLASS='DISCRETE';
  end_body;
end_primitive;

primitive 'XTAL_XTAL600X360X120M';
  pin
    'P1':
      PIN_NUMBER='(1)';
      PINUSE='UNSPEC';
    'P2':
      PIN_NUMBER='(3)';
      PINUSE='UNSPEC';
  end_pin;
  body
    PART_NAME='XTAL';
    BODY_NAME='XTAL';
    JEDEC_TYPE='XTAL600X360X120M';
    PHYS_DES_PREFIX='Y';
    CLASS='DISCRETE';
    NC_PINS='(2,4)';
  end_body;
end_primitive;

primitive 'XTAL_XTAL1200X480X460M-4M';
  pin
    'P1':
      PIN_NUMBER='(1)';
      PINUSE='UNSPEC';
    'P2':
      PIN_NUMBER='(4)';
      PINUSE='UNSPEC';
  end_pin;
  body
    PART_NAME='XTAL';
    BODY_NAME='XTAL';
    JEDEC_TYPE='XTAL1200X480X460M-4M';
    PHYS_DES_PREFIX='U';
    CLASS='IC';
    NC_PINS='(2,3)';
  end_body;
end_primitive;

primitive 'XTAL_XTAL_CSM-7';
  pin
    'P1':
      PIN_NUMBER='(1)';
      PINUSE='UNSPEC';
    'P2':
      PIN_NUMBER='(2)';
      PINUSE='UNSPEC';
  end_pin;
  body
    PART_NAME='XTAL';
    BODY_NAME='XTAL';
    JEDEC_TYPE='XTAL1150X480X430M';
    PHYS_DES_PREFIX='Y';
    CLASS='DISCRETE';
  end_body;
end_primitive;

primitive 'XTAL_XTAL_CSM-7X-3L';
  pin
    'P1':
      PIN_NUMBER='(1)';
      PINUSE='UNSPEC';
    'P2':
      PIN_NUMBER='(2)';
      PINUSE='UNSPEC';
  end_pin;
  body
    PART_NAME='XTAL';
    BODY_NAME='XTAL';
    JEDEC_TYPE='XTAL_CSM-7X-3L';
    PHYS_DES_PREFIX='Y';
    CLASS='DISCRETE';
  end_body;
end_primitive;

primitive 'XTAL_XTAL160X200X050M','XTAL_XTAL320X250X070M','XTAL_XTAL520X340X100M','XTAL_XTAL720X520X130M','XTAL_XTAL320X250X100M','XTAL_XTAL_ABMM2';
  pin
    'P1':
      PIN_NUMBER='(1)';
      PINUSE='UNSPEC';
    'P2':
      PIN_NUMBER='(3)';
      PINUSE='UNSPEC';
    'GND1':
      PIN_NUMBER='(2)';
      PINUSE='UNSPEC';
    'GND2':
      PIN_NUMBER='(4)';
      PINUSE='UNSPEC';
  end_pin;
  body
    PART_NAME='XTAL';
    BODY_NAME='XTAL';
    JEDEC_TYPE='XTAL160X200X050M';
    PHYS_DES_PREFIX='Y';
    CLASS='DISCRETE';
  end_body;
end_primitive;

primitive 'XTAL_XTAL_CX5032GB';
  pin
    'P1':
      PIN_NUMBER='(1)';
      PINUSE='UNSPEC';
    'P2':
      PIN_NUMBER='(2)';
      PINUSE='UNSPEC';
  end_pin;
  body
    PART_NAME='XTAL';
    BODY_NAME='XTAL';
    JEDEC_TYPE='OSC_CX5032GB';
    PHYS_DES_PREFIX='Y';
    CLASS='DISCRETE';
  end_body;
end_primitive;

primitive 'XTAL_XTAL_CC4V-T1A';
  pin
    'P1':
      PIN_NUMBER='(1)';
      PINUSE='UNSPEC';
    'P2':
      PIN_NUMBER='(2)';
      PINUSE='UNSPEC';
  end_pin;
  body
    PART_NAME='XTAL';
    BODY_NAME='XTAL';
    JEDEC_TYPE='xtal_cc4v-t1a';
    PHYS_DES_PREFIX='Y';
    CLASS='DISCRETE';
  end_body;
end_primitive;

primitive 'XTAL_XTAL_CX2520SB';
  pin
    'P1':
      PIN_NUMBER='(1)';
      PINUSE='UNSPEC';
    'P2':
      PIN_NUMBER='(3)';
      PINUSE='UNSPEC';
    'GND':
      PIN_NUMBER='(2)';
      PINUSE='GROUND';
      NO_LOAD_CHECK='Both';
      NO_IO_CHECK='Both';
      NO_ASSERT_CHECK='TRUE';
      NO_DIR_CHECK='TRUE';
      ALLOW_CONNECT='TRUE';
    'NC':
      PIN_NUMBER='(4)';
      PINUSE='NC';
      NO_LOAD_CHECK='Both';
      NO_IO_CHECK='Both';
      NO_ASSERT_CHECK='TRUE';
      NO_DIR_CHECK='TRUE';
      ALLOW_CONNECT='TRUE';
  end_pin;
  body
    PART_NAME='XTAL';
    BODY_NAME='XTAL';
    JEDEC_TYPE='XTAL160X200X050M';
    PHYS_DES_PREFIX='Y';
    CLASS='DISCRETE';
  end_body;
end_primitive;

primitive 'XTAL_XTAL800X380X250M';
  pin
    'P1':
      PIN_NUMBER='(1)';
      PINUSE='UNSPEC';
    'P2':
      PIN_NUMBER='(4)';
      PINUSE='UNSPEC';
    'NC1':
      PIN_NUMBER='(2)';
      PINUSE='NC';
      NO_LOAD_CHECK='Both';
      NO_IO_CHECK='Both';
      NO_ASSERT_CHECK='TRUE';
      NO_DIR_CHECK='TRUE';
      ALLOW_CONNECT='TRUE';
    'NC2':
      PIN_NUMBER='(3)';
      PINUSE='NC';
      NO_LOAD_CHECK='Both';
      NO_IO_CHECK='Both';
      NO_ASSERT_CHECK='TRUE';
      NO_DIR_CHECK='TRUE';
      ALLOW_CONNECT='TRUE';
  end_pin;
  body
    PART_NAME='XTAL';
    BODY_NAME='XTAL';
    JEDEC_TYPE='XTAL800X380X250M';
    PHYS_DES_PREFIX='Y';
    CLASS='DISCRETE';
  end_body;
end_primitive;

primitive 'XTAL_ABM3B';
  pin
    'P1':
      PIN_NUMBER='(1)';
      PINUSE='UNSPEC';
    'P2':
      PIN_NUMBER='(3)';
      PINUSE='UNSPEC';
    'GND1':
      PIN_NUMBER='(2)';
      PINUSE='UNSPEC';
    'GND2':
      PIN_NUMBER='(4)';
      PINUSE='UNSPEC';
  end_pin;
  body
    PART_NAME='XTAL';
    BODY_NAME='XTAL';
    JEDEC_TYPE='XTAL510X330X110M';
    PHYS_DES_PREFIX='Y';
    CLASS='DISCRETE';
  end_body;
end_primitive;

primitive 'XTAL_ABS07';
  pin
    'P1':
      PIN_NUMBER='(1)';
      PINUSE='UNSPEC';
    'P2':
      PIN_NUMBER='(2)';
      PINUSE='UNSPEC';
  end_pin;
  body
    PART_NAME='XTAL';
    BODY_NAME='XTAL';
    JEDEC_TYPE='XTAL320X150X90M';
    PHYS_DES_PREFIX='Y';
    CLASS='DISCRETE';
  end_body;
end_primitive;

primitive 'XTAL_SG531';
  pin
    'OE':
      PIN_NUMBER='(1)';
      INPUT_LOAD='(-0.01,0.01)';
    'GND':
      PIN_NUMBER='(4)';
      PINUSE='GROUND';
      NO_LOAD_CHECK='Both';
      NO_IO_CHECK='Both';
      NO_ASSERT_CHECK='TRUE';
      NO_DIR_CHECK='TRUE';
      ALLOW_CONNECT='TRUE';
    'OUT':
      PIN_NUMBER='(5)';
      OUTPUT_LOAD='(1.0,-1.0)';
    'VCC':
      PIN_NUMBER='(8)';
      PINUSE='POWER';
      NO_LOAD_CHECK='Both';
      NO_IO_CHECK='Both';
      NO_ASSERT_CHECK='TRUE';
      NO_DIR_CHECK='TRUE';
      ALLOW_CONNECT='TRUE';
  end_pin;
  body
    PART_NAME='XTAL';
    BODY_NAME='XTAL';
    JEDEC_TYPE='XTAL_SG531';
    PHYS_DES_PREFIX='Y';
    CLASS='DISCRETE';
  end_body;
end_primitive;

primitive 'XTAL_XTAL_CSM-3X';
  pin
    'P1':
      PIN_NUMBER='(1)';
      PINUSE='UNSPEC';
    'P2':
      PIN_NUMBER='(2)';
      PINUSE='UNSPEC';
  end_pin;
  body
    PART_NAME='XTAL';
    BODY_NAME='XTAL';
    JEDEC_TYPE='XTAL760X410X230M';
    PHYS_DES_PREFIX='Y';
    CLASS='DISCRETE';
  end_body;
end_primitive;

primitive 'XTAL_XTAL_DT26_SMD';
  pin
    'P1':
      PIN_NUMBER='(1)';
      PINUSE='UNSPEC';
    'P2':
      PIN_NUMBER='(2)';
      PINUSE='UNSPEC';
  end_pin;
  body
    PART_NAME='XTAL';
    ALT_SYMBOLS='(xtal_dt26_v_SMD)';
    BODY_NAME='XTAL';
    JEDEC_TYPE='XTAL_DT26_SMD';
    PHYS_DES_PREFIX='Y';
    CLASS='DISCRETE';
  end_body;
end_primitive;

primitive 'XTAL_XTAL_HC-49S';
  pin
    'P1':
      PIN_NUMBER='(1)';
      PINUSE='UNSPEC';
    'P2':
      PIN_NUMBER='(2)';
      PINUSE='UNSPEC';
  end_pin;
  body
    PART_NAME='XTAL';
    BODY_NAME='XTAL';
    JEDEC_TYPE='XTAL_HC-49S';
    PHYS_DES_PREFIX='Y';
    CLASS='DISCRETE';
  end_body;
end_primitive;

primitive 'XTAL_XTAL_CMR200T';
  pin
    'P1':
      PIN_NUMBER='(1)';
      PINUSE='UNSPEC';
    'P2':
      PIN_NUMBER='(2)';
      PINUSE='UNSPEC';
    'GND':
      PIN_NUMBER='(3)';
      PINUSE='GROUND';
      NO_LOAD_CHECK='Both';
      NO_IO_CHECK='Both';
      NO_ASSERT_CHECK='TRUE';
      NO_DIR_CHECK='TRUE';
      ALLOW_CONNECT='TRUE';
  end_pin;
  body
    PART_NAME='XTAL';
    BODY_NAME='XTAL';
    JEDEC_TYPE='XTAL_CMR200T';
    PHYS_DES_PREFIX='Y';
    CLASS='DISCRETE';
  end_body;
end_primitive;

primitive 'XTAL_XTAL_NX2520SA';
  pin
    'P1':
      PIN_NUMBER='(1)';
      PINUSE='UNSPEC';
    'P2':
      PIN_NUMBER='(3)';
      PINUSE='UNSPEC';
    'GND1':
      PIN_NUMBER='(2)';
      PINUSE='UNSPEC';
    'GND2':
      PIN_NUMBER='(4)';
      PINUSE='UNSPEC';
  end_pin;
  body
    PART_NAME='XTAL';
    BODY_NAME='XTAL';
    JEDEC_TYPE='XTAL250X200X055M';
    PHYS_DES_PREFIX='Y';
    CLASS='DISCRETE';
  end_body;
end_primitive;

primitive 'XTAL_XTAL_CSM-4AX';
  pin
    'P1':
      PIN_NUMBER='(1)';
      PINUSE='UNSPEC';
    'P2':
      PIN_NUMBER='(4)';
      PINUSE='UNSPEC';
    'I.C._1':
      PIN_NUMBER='(2)';
      PINUSE='UNSPEC';
    'I.C._2':
      PIN_NUMBER='(3)';
      PINUSE='UNSPEC';
  end_pin;
  body
    PART_NAME='XTAL';
    BODY_NAME='XTAL';
    JEDEC_TYPE='XTAL_CSM-4AX';
    PHYS_DES_PREFIX='Y';
    CLASS='IC';
  end_body;
end_primitive;

primitive 'XTAL_XTAL_CX3225GA';
  pin
    'P1':
      PIN_NUMBER='(1)';
      PINUSE='UNSPEC';
    'P2':
      PIN_NUMBER='(2)';
      PINUSE='UNSPEC';
  end_pin;
  body
    PART_NAME='XTAL';
    BODY_NAME='XTAL';
    JEDEC_TYPE='XTAL_CX3225GA';
    PHYS_DES_PREFIX='Y';
    CLASS='DISCRETE';
  end_body;
end_primitive;

primitive 'XTAL_ABM3C';
  pin
    'P1':
      PIN_NUMBER='(1)';
      PINUSE='UNSPEC';
    'P2':
      PIN_NUMBER='(3)';
      PINUSE='UNSPEC';
    'GND1':
      PIN_NUMBER='(2)';
      PINUSE='UNSPEC';
    'GND2':
      PIN_NUMBER='(4)';
      PINUSE='UNSPEC';
  end_pin;
  body
    PART_NAME='XTAL';
    BODY_NAME='XTAL';
    JEDEC_TYPE='XTAL500X320X130-4M';
    PHYS_DES_PREFIX='U';
    CLASS='IC';
  end_body;
end_primitive;

primitive 'XTAL_XTAL160X120X035-4M';
  pin
    'P1':
      PIN_NUMBER='(1)';
      PINUSE='UNSPEC';
    'P2':
      PIN_NUMBER='(3)';
      PINUSE='UNSPEC';
    'GND1':
      PIN_NUMBER='(2)';
      PINUSE='UNSPEC';
    'GND2':
      PIN_NUMBER='(4)';
      PINUSE='UNSPEC';
  end_pin;
  body
    PART_NAME='XTAL';
    BODY_NAME='XTAL';
    JEDEC_TYPE='XTAL160X120X035-4M';
    PHYS_DES_PREFIX='Y';
    CLASS='DISCRETE';
  end_body;
end_primitive;

primitive 'XTAL_XTAL500X320X100-4M';
  pin
    'P1':
      PIN_NUMBER='(1)';
      PINUSE='UNSPEC';
    'P2':
      PIN_NUMBER='(3)';
      PINUSE='UNSPEC';
    'GND1':
      PIN_NUMBER='(2)';
      PINUSE='UNSPEC';
    'GND2':
      PIN_NUMBER='(4)';
      PINUSE='UNSPEC';
  end_pin;
  body
    PART_NAME='XTAL';
    BODY_NAME='XTAL';
    JEDEC_TYPE='XTAL500X320X100-4M';
    PHYS_DES_PREFIX='Y';
    CLASS='IC';
  end_body;
end_primitive;

primitive 'XTAL_XTAL_CM200C';
  pin
    '1':
      PIN_NUMBER='(1)';
      PINUSE='UNSPEC';
    '4':
      PIN_NUMBER='(4)';
      PINUSE='UNSPEC';
    '3':
      PIN_NUMBER='(3)';
      PINUSE='UNSPEC';
    '2':
      PIN_NUMBER='(2)';
      PINUSE='UNSPEC';
  end_pin;
  body
    PART_NAME='XTAL';
    BODY_NAME='XTAL';
    JEDEC_TYPE='XTAL790X340X250-4M';
    PHYS_DES_PREFIX='Y';
    CLASS='IC';
  end_body;
end_primitive;

primitive 'XTAL_XTAL_HC49SD';
  pin
    'P1':
      PIN_NUMBER='(1)';
      PINUSE='UNSPEC';
    'P2':
      PIN_NUMBER='(2)';
      PINUSE='UNSPEC';
  end_pin;
  body
    PART_NAME='XTAL';
    BODY_NAME='XTAL';
    JEDEC_TYPE='XTAL_HC49SD';
    PHYS_DES_PREFIX='Y';
    CLASS='DISCRETE';
  end_body;
end_primitive;

primitive 'XTAL_XTAL_405';
  pin
    'P1':
      PIN_NUMBER='(1)';
      PINUSE='UNSPEC';
    'GND1':
      PIN_NUMBER='(2)';
      PINUSE='UNSPEC';
    'P2':
      PIN_NUMBER='(3)';
      PINUSE='UNSPEC';
    'GND2':
      PIN_NUMBER='(4)';
      PINUSE='UNSPEC';
  end_pin;
  body
    PART_NAME='XTAL';
    BODY_NAME='XTAL';
    JEDEC_TYPE='XTAL_405';
    PHYS_DES_PREFIX='Y';
    CLASS='DISCRETE';
  end_body;
end_primitive;

primitive 'XTAL_XTAL320X250X080M';
  pin
    'P1':
      PIN_NUMBER='(1)';
      PINUSE='UNSPEC';
    'P2':
      PIN_NUMBER='(3)';
      PINUSE='UNSPEC';
    'NC1':
      PIN_NUMBER='(2)';
      PINUSE='NC';
      NO_LOAD_CHECK='Both';
      NO_IO_CHECK='Both';
      NO_ASSERT_CHECK='TRUE';
      NO_DIR_CHECK='TRUE';
      ALLOW_CONNECT='TRUE';
    'NC2':
      PIN_NUMBER='(4)';
      PINUSE='NC';
      NO_LOAD_CHECK='Both';
      NO_IO_CHECK='Both';
      NO_ASSERT_CHECK='TRUE';
      NO_DIR_CHECK='TRUE';
      ALLOW_CONNECT='TRUE';
  end_pin;
  body
    PART_NAME='XTAL';
    BODY_NAME='XTAL';
    JEDEC_TYPE='XTAL320X250X080M';
    PHYS_DES_PREFIX='Y';
    CLASS='DISCRETE';
  end_body;
end_primitive;

primitive 'XTAL_XTAL_CX3225CA';
  pin
    'P1':
      PIN_NUMBER='(1)';
      PINUSE='UNSPEC';
    'P2':
      PIN_NUMBER='(3)';
      PINUSE='UNSPEC';
    'NC1':
      PIN_NUMBER='(2)';
      PINUSE='NC';
      NO_LOAD_CHECK='Both';
      NO_IO_CHECK='Both';
      NO_ASSERT_CHECK='TRUE';
      NO_DIR_CHECK='TRUE';
      ALLOW_CONNECT='TRUE';
    'NC2':
      PIN_NUMBER='(4)';
      PINUSE='NC';
      NO_LOAD_CHECK='Both';
      NO_IO_CHECK='Both';
      NO_ASSERT_CHECK='TRUE';
      NO_DIR_CHECK='TRUE';
      ALLOW_CONNECT='TRUE';
  end_pin;
  body
    PART_NAME='XTAL';
    BODY_NAME='XTAL';
    JEDEC_TYPE='XTAL_CX3225CA';
    PHYS_DES_PREFIX='Y';
    CLASS='DISCRETE';
  end_body;
end_primitive;

primitive 'XTAL_ABM10';
  pin
    'P1':
      PIN_NUMBER='(1)';
      PINUSE='UNSPEC';
    'P2':
      PIN_NUMBER='(3)';
      PINUSE='UNSPEC';
    'GND1':
      PIN_NUMBER='(2)';
      PINUSE='UNSPEC';
    'GND2':
      PIN_NUMBER='(4)';
      PINUSE='UNSPEC';
  end_pin;
  body
    PART_NAME='XTAL';
    BODY_NAME='XTAL';
    JEDEC_TYPE='XTAL250X200X70-4M';
    PHYS_DES_PREFIX='U';
    CLASS='IC';
  end_body;
end_primitive;

primitive 'XTAL_XTAL320X250X080M_1';
  pin
    'P1':
      PIN_NUMBER='(1)';
      PINUSE='UNSPEC';
    'P2':
      PIN_NUMBER='(3)';
      PINUSE='UNSPEC';
    'GND1':
      PIN_NUMBER='(2)';
      PINUSE='UNSPEC';
    'GND2':
      PIN_NUMBER='(4)';
      PINUSE='UNSPEC';
  end_pin;
  body
    PART_NAME='XTAL';
    BODY_NAME='XTAL';
    JEDEC_TYPE='XTAL320X250X080M';
    PHYS_DES_PREFIX='Y';
    CLASS='DISCRETE';
  end_body;
end_primitive;

primitive 'XTAL_XTAL_ECS-2X6-FLX';
  pin
    'P1':
      PIN_NUMBER='(1)';
      PINUSE='UNSPEC';
    'P2':
      PIN_NUMBER='(2)';
      PINUSE='UNSPEC';
    'P3':
      PIN_NUMBER='(3)';
      PIN_TYPE='ANALOG';
      NO_LOAD_CHECK='Both';
      NO_IO_CHECK='Both';
      NO_ASSERT_CHECK='TRUE';
      NO_DIR_CHECK='TRUE';
      ALLOW_CONNECT='TRUE';
  end_pin;
  body
    PART_NAME='XTAL';
    BODY_NAME='XTAL';
    JEDEC_TYPE='XTAL_ECS-2X6-FLX';
    PHYS_DES_PREFIX='Y';
    CLASS='DISCRETE';
  end_body;
end_primitive;

primitive 'XTAL_XTAL_SSP-T7-F';
  pin
    '1':
      PIN_NUMBER='(1)';
      PINUSE='UNSPEC';
    '4':
      PIN_NUMBER='(4)';
      PINUSE='UNSPEC';
  end_pin;
  body
    PART_NAME='XTAL';
    BODY_NAME='XTAL';
    JEDEC_TYPE='XTAL_SSP-T7-F';
    PHYS_DES_PREFIX='Y';
    CLASS='IC';
  end_body;
end_primitive;

primitive 'XTAL_ABS06';
  pin
    '1':
      PIN_NUMBER='(1)';
      PINUSE='UNSPEC';
    '2':
      PIN_NUMBER='(2)';
      PINUSE='UNSPEC';
  end_pin;
  body
    PART_NAME='XTAL';
    BODY_NAME='XTAL';
    JEDEC_TYPE='XTAL_ABS06';
    PHYS_DES_PREFIX='Y';
    CLASS='DISCRETE';
  end_body;
end_primitive;

primitive 'XTAL_XTAL_SG3030JF';
  pin
    'VIO':
      PIN_NUMBER='(1)';
      PINUSE='POWER';
      NO_LOAD_CHECK='Both';
      NO_IO_CHECK='Both';
      NO_ASSERT_CHECK='TRUE';
      NO_DIR_CHECK='TRUE';
      ALLOW_CONNECT='TRUE';
    'GND':
      PIN_NUMBER='(2)';
      PINUSE='GROUND';
      NO_LOAD_CHECK='Both';
      NO_IO_CHECK='Both';
      NO_ASSERT_CHECK='TRUE';
      NO_DIR_CHECK='TRUE';
      ALLOW_CONNECT='TRUE';
    'OUT':
      PIN_NUMBER='(3)';
      OUTPUT_LOAD='(1.0,-1.0)';
    'VCC':
      PIN_NUMBER='(4)';
      PINUSE='POWER';
      NO_LOAD_CHECK='Both';
      NO_IO_CHECK='Both';
      NO_ASSERT_CHECK='TRUE';
      NO_DIR_CHECK='TRUE';
      ALLOW_CONNECT='TRUE';
  end_pin;
  body
    PART_NAME='XTAL';
    BODY_NAME='XTAL';
    JEDEC_TYPE='XTAL_SG3030JF';
    PHYS_DES_PREFIX='Y';
    CLASS='DISCRETE';
  end_body;
end_primitive;

primitive 'XTAL_XTAL_HC49USSX';
  pin
    'P1':
      PIN_NUMBER='(1)';
      PINUSE='UNSPEC';
    'P2':
      PIN_NUMBER='(2)';
      PINUSE='UNSPEC';
  end_pin;
  body
    PART_NAME='XTAL';
    BODY_NAME='XTAL';
    JEDEC_TYPE='XTAL_HC49USSX';
    PHYS_DES_PREFIX='Y';
    CLASS='DISCRETE';
  end_body;
end_primitive;

primitive 'XTAL_XTAL_ECX-34S';
  pin
    '1':
      PIN_NUMBER='(1)';
      PINUSE='UNSPEC';
    '2':
      PIN_NUMBER='(2)';
      PINUSE='UNSPEC';
  end_pin;
  body
    PART_NAME='XTAL';
    BODY_NAME='XTAL';
    JEDEC_TYPE='XTAL_ECX-34S';
    PHYS_DES_PREFIX='Y';
    CLASS='DISCRETE';
  end_body;
end_primitive;

primitive 'XTAL_XTAL_MJ_SERIES';
  pin
    'P1':
      PIN_NUMBER='(1)';
      PINUSE='UNSPEC';
    'P2':
      PIN_NUMBER='(3)';
      PINUSE='UNSPEC';
    'GND1':
      PIN_NUMBER='(2)';
      PINUSE='UNSPEC';
    'GND2':
      PIN_NUMBER='(4)';
      PINUSE='UNSPEC';
  end_pin;
  body
    PART_NAME='XTAL';
    BODY_NAME='XTAL';
    JEDEC_TYPE='XTAL_MJ_SERIES';
    PHYS_DES_PREFIX='Y';
    CLASS='DISCRETE';
  end_body;
end_primitive;

primitive 'XTAL_ECX-53B';
  pin
    'P1':
      PIN_NUMBER='(1)';
      PINUSE='UNSPEC';
    'P2':
      PIN_NUMBER='(3)';
      PINUSE='UNSPEC';
    'GND1':
      PIN_NUMBER='(2)';
      PINUSE='UNSPEC';
    'GND2':
      PIN_NUMBER='(4)';
      PINUSE='UNSPEC';
  end_pin;
  body
    PART_NAME='XTAL';
    BODY_NAME='XTAL';
    JEDEC_TYPE='XTAL520X340X85M';
    PHYS_DES_PREFIX='Y';
    CLASS='DISCRETE';
  end_body;
end_primitive;

primitive 'XTAL_XTAL320X250X90M';
  pin
    'P1':
      PIN_NUMBER='(1)';
      PINUSE='UNSPEC';
    'P2':
      PIN_NUMBER='(3)';
      PINUSE='UNSPEC';
    'NC1':
      PIN_NUMBER='(2)';
      PINUSE='NC';
      NO_LOAD_CHECK='Both';
      NO_IO_CHECK='Both';
      NO_ASSERT_CHECK='TRUE';
      NO_DIR_CHECK='TRUE';
      ALLOW_CONNECT='TRUE';
    'NC2':
      PIN_NUMBER='(4)';
      PINUSE='NC';
      NO_LOAD_CHECK='Both';
      NO_IO_CHECK='Both';
      NO_ASSERT_CHECK='TRUE';
      NO_DIR_CHECK='TRUE';
      ALLOW_CONNECT='TRUE';
  end_pin;
  body
    PART_NAME='XTAL';
    BODY_NAME='XTAL';
    JEDEC_TYPE='XTAL320X250X90M';
    PHYS_DES_PREFIX='Y';
    CLASS='DISCRETE';
  end_body;
end_primitive;

END.
