	(Comment
		(Time 06/04/11,10:25:31)
		(User Ryan.Cabreza)
		(MsgId ECO_213)
		(Text "PTF file max8880.ptf renamed to part.ptf")
		(Param1 max8880.ptf)
		(Param2 part.ptf)
	)
	(Comment
		(Time 09/08/14,17:40:03)
		(User Ryan.Cabreza)
		(MsgId ECO_021)
		(Text "Package MAX8880_1 added to cell")
		(Param1 "MAX8880_1")
	)
	(Comment
		(Time 09/08/14,17:42:02)
		(User Ryan.Cabreza)
		(MsgId ECO_081)
		(Text "Symbol sym_2 added to cell")
		(Param1 "sym_2")
	)
	(Comment
		(Time 09/01/15,20:58:24)
		(User Joseph.Duran)
		(MsgId ECO_081)
		(Text "Symbol sym_3 added to cell")
		(Param1 "sym_3")
	)
	(Comment
		(Time 09/02/15,16:16:52)
		(User Ryan.Cabreza)
		(MsgId ECO_081)
		(Text "Symbol sym_4 added to cell")
		(Param1 "sym_4")
	)
