	(Comment
		(Time 08/14/09,14:04:02)
		(User RandyD)
		(MsgId ECO_332)
		(Text "Revision for symbol sym_1 has been updated to 1.0.0")
		(Param1 sym_1)
		(Param2 1.0.0)
	)
	(Comment
		(Time 08/14/09,14:04:02)
		(User RandyD)
		(MsgId ECO_333)
		(Text "Revision for package XTAL has been updated to 1.0.0")
		(Param1 XTAL)
		(Param2 1.0.0)
	)
	(Comment
		(Time 08/14/09,14:04:02)
		(User RandyD)
		(MsgId ECO_333)
		(Text "Revision for package XTAL_XTAL_HC-49 has been updated to 1.0.0")
		(Param1 XTAL_XTAL_HC-49)
		(Param2 1.0.0)
	)
	(Comment
		(Time 08/14/09,14:04:02)
		(User RandyD)
		(MsgId ECO_333)
		(Text "Revision for package XTAL_OSCL550P350X800X370-4M has been updated to 1.0.0")
		(Param1 XTAL_OSCL550P350X800X370-4M)
		(Param2 1.0.0)
	)
	(Comment
		(Time 08/14/09,14:04:02)
		(User RandyD)
		(MsgId ECO_333)
		(Text "Revision for package XTAL_XTAL_MC405 has been updated to 1.0.0")
		(Param1 XTAL_XTAL_MC405)
		(Param2 1.0.0)
	)
	(Comment
		(Time 08/14/09,14:04:02)
		(User RandyD)
		(MsgId ECO_333)
		(Text "Revision for package XTAL_XTAL_DT26 has been updated to 1.0.0")
		(Param1 XTAL_XTAL_DT26)
		(Param2 1.0.0)
	)
	(Comment
		(Time 08/14/09,14:04:02)
		(User RandyD)
		(MsgId ECO_333)
		(Text "Revision for package XTAL_XTAL_JXG53P2 has been updated to 1.0.0")
		(Param1 XTAL_XTAL_JXG53P2)
		(Param2 1.0.0)
	)
	(Comment
		(Time 08/14/09,14:04:02)
		(User RandyD)
		(MsgId ECO_333)
		(Text "Revision for package XTAL_XTAL600X360X120M has been updated to 1.0.0")
		(Param1 XTAL_XTAL600X360X120M)
		(Param2 1.0.0)
	)
	(Comment
		(Time 08/14/09,14:04:02)
		(User RandyD)
		(MsgId ECO_333)
		(Text "Revision for package XTAL_XTAL1200X480X460M-4M has been updated to 1.0.0")
		(Param1 XTAL_XTAL1200X480X460M-4M)
		(Param2 1.0.0)
	)
	(Comment
		(Time 08/14/09,14:04:02)
		(User RandyD)
		(MsgId ECO_331)
		(Text "Revision for cell xtal has been updated to 1.0.0")
		(Param1 xtal)
		(Param2 1.0.0)
	)
	(Comment
		(Time 04/07/10,12:59:58)
		(User Owen.Tanate)
		(MsgId ECO_021)
		(Text "Package XTAL_XTAL_HC-491 added to cell")
		(Param1 XTAL_XTAL_HC-491)
	)
	(Comment
		(Time 04/07/10,13:01:19)
		(User Owen.Tanate)
		(MsgId ECO_021)
		(Text "Package XTAL_XTAL_CMS-71 added to cell")
		(Param1 XTAL_XTAL_CMS-71)
	)
	(Comment
		(Time 11/23/10,13:17:29)
		(User Daphine.Salazar)
		(MsgId ECO_021)
		(Text "Package XTAL_XTAL600X360X120M1 added to cell")
		(Param1 XTAL_XTAL600X360X120M1)
	)
	(Comment
		(Time 02/15/12,15:34:11)
		(User Ryan.Cabreza)
		(MsgId ECO_021)
		(Text "Package XTAL_XTAL_CSM-7X-3L1 added to cell")
		(Param1 XTAL_XTAL_CSM-7X-3L1)
	)
	(Comment
		(Time 04/27/12,15:37:41)
		(User Moises.Condicion)
		(MsgId ECO_021)
		(Text "Package XTAL_XTAL_CX5032GB1 added to cell")
		(Param1 XTAL_XTAL_CX5032GB1)
	)
	(Comment
		(Time 09/21/12,16:16:03)
		(User Ryan.Cabreza)
		(MsgId ECO_021)
		(Text "Package XTAL_XTAL160X200X050M1 added to cell")
		(Param1 XTAL_XTAL160X200X050M1)
	)
	(Comment
		(Time 09/21/12,16:17:37)
		(User Ryan.Cabreza)
		(MsgId ECO_081)
		(Text "Symbol sym_3 added to cell")
		(Param1 sym_3)
	)
	(Comment
		(Time 11/05/12,15:16:25)
		(User Jayson.Navarro)
		(MsgId ECO_021)
		(Text "Package XTAL_XTAL160X200X050M1 added to cell")
		(Param1 XTAL_XTAL160X200X050M1)
	)
	(Comment
		(Time 12/18/12,14:15:00)
		(User Ryan.Cabreza)
		(MsgId ECO_021)
		(Text "Package XTAL_XTAL_HC-491 added to cell")
		(Param1 XTAL_XTAL_HC-491)
	)
	(Comment
		(Time 12/18/12,14:18:18)
		(User Ryan.Cabreza)
		(MsgId ECO_021)
		(Text "Package XTAL_XTAL_CX5032GB1 added to cell")
		(Param1 XTAL_XTAL_CX5032GB1)
	)
	(Comment
		(Time 03/04/13,14:34:36)
		(User Jayson.Navarro)
		(MsgId ECO_021)
		(Text "Package XTAL_SG5311 added to cell")
		(Param1 XTAL_SG5311)
	)
	(Comment
		(Time 03/04/13,14:40:27)
		(User Jayson.Navarro)
		(MsgId ECO_022)
		(Text "Package XTAL_XTAL1230X483X430M deleted from cell")
		(Param1 XTAL_XTAL1230X483X430M)
	)
	(Comment
		(Time 03/26/13,14:27:43)
		(User Vhan.Manalo)
		(MsgId ECO_021)
		(Text "Package XTAL_XTAL_CSM-71 added to cell")
		(Param1 XTAL_XTAL_CSM-71)
	)
	(Comment
		(Time 06/25/13,12:17:01)
		(User tois)
		(MsgId ECO_021)
		(Text "Package XTAL_XTAL_DT261 added to cell")
		(Param1 "XTAL_XTAL_DT261")
	)
	(Comment
		(Time 08/27/13,20:50:28)
		(User tois)
		(MsgId ECO_021)
		(Text "Package XTAL_XTAL_HC-491 added to cell")
		(Param1 "XTAL_XTAL_HC-491")
	)
	(Comment
		(Time 08/29/13,16:55:10)
		(User Joseph.Duran)
		(MsgId ECO_021)
		(Text "Package XTAL_XTAL_HC-49S1 added to cell")
		(Param1 "XTAL_XTAL_HC-49S1")
	)
	(Comment
		(Time 08/29/13,16:56:54)
		(User Joseph.Duran)
		(MsgId ECO_081)
		(Text "Symbol sym_6 added to cell")
		(Param1 "sym_6")
	)
	(Comment
		(Time 09/19/13,17:54:13)
		(User jayson.navarro)
		(MsgId ECO_021)
		(Text "Package XTAL_OSCL550P350X800X370-4M1 added to cell")
		(Param1 "XTAL_OSCL550P350X800X370-4M1")
	)
	(Comment
		(Time 10/21/13,18:46:28)
		(User jayson.navarro)
		(MsgId ECO_021)
		(Text "Package XTAL_XTAL1200X480X460M-4M1 added to cell")
		(Param1 "XTAL_XTAL1200X480X460M-4M1")
	)
	(Comment
		(Time 10/21/13,18:49:21)
		(User jayson.navarro)
		(MsgId ECO_081)
		(Text "Symbol sym_7 added to cell")
		(Param1 "sym_7")
	)
	(Comment
		(Time 02/14/14,01:04:59)
		(User tois)
		(MsgId ECO_021)
		(Text "Package XTAL_XTAL_HC-49S1 added to cell")
		(Param1 "XTAL_XTAL_HC-49S1")
	)
	(Comment
		(Time 02/27/14,13:54:24)
		(User Jayson.Navarro)
		(MsgId ECO_021)
		(Text "Package XTAL_XTAL1200X480X460M-4M1 added to cell")
		(Param1 "XTAL_XTAL1200X480X460M-4M1")
	)
	(Comment
		(Time 04/07/14,13:24:06)
		(User Jayson.Navarro)
		(MsgId ECO_021)
		(Text "Package XTAL_XTAL160X200X050M1 added to cell")
		(Param1 "XTAL_XTAL160X200X050M1")
	)
	(Comment
		(Time 05/02/14,11:41:13)
		(User Jayson.Navarro)
		(MsgId ECO_021)
		(Text "Package XTAL_1 added to cell")
		(Param1 "XTAL_1")
	)
	(Comment
		(Time 05/02/14,11:43:26)
		(User Jayson.Navarro)
		(MsgId ECO_021)
		(Text "Package XTAL_ABM3C1 added to cell")
		(Param1 "XTAL_ABM3C1")
	)
	(Comment
		(Time 05/02/14,11:43:42)
		(User Jayson.Navarro)
		(MsgId ECO_022)
		(Text "Package XTAL_XTAL500X320X100-4M deleted from cell")
		(Param1 "XTAL_XTAL500X320X100-4M")
	)
	(Comment
		(Time 06/11/14,21:10:25)
		(User Joseph.Duran)
		(MsgId ECO_021)
		(Text "Package XTAL_XTAL500X320X100-4M1 added to cell")
		(Param1 "XTAL_XTAL500X320X100-4M1")
	)
	(Comment
		(Time 06/11/14,22:26:01)
		(User Joseph.Duran)
		(MsgId ECO_021)
		(Text "Package XTAL_XTAL_CM200C1 added to cell")
		(Param1 "XTAL_XTAL_CM200C1")
	)
	(Comment
		(Time 06/11/14,22:32:21)
		(User Joseph.Duran)
		(MsgId ECO_022)
		(Text "Package XTAL_XTAL250X200X90-4M deleted from cell")
		(Param1 "XTAL_XTAL250X200X90-4M")
	)
	(Comment
		(Time 09/18/14,16:57:52)
		(User Jayson.Navarro)
		(MsgId ECO_021)
		(Text "Package XTAL_XTAL_HC-491 added to cell")
		(Param1 "XTAL_XTAL_HC-491")
	)
	(Comment
		(Time 10/01/14,15:54:29)
		(User Jayson.Navarro)
		(MsgId ECO_021)
		(Text "Package XTAL_OSCL550P350X800X370-4M1 added to cell")
		(Param1 "XTAL_OSCL550P350X800X370-4M1")
	)
	(Comment
		(Time 11/26/14,08:51:22)
		(User Jayson.Navarro)
		(MsgId ECO_021)
		(Text "Package XTAL_XTAL160X200X050M1 added to cell")
		(Param1 "XTAL_XTAL160X200X050M1")
	)
	(Comment
		(Time 03/16/15,15:46:53)
		(User Jayson.Navarro)
		(MsgId ECO_021)
		(Text "Package XTAL_XTAL320X250X080M1 added to cell")
		(Param1 "XTAL_XTAL320X250X080M1")
	)
	(Comment
		(Time 04/30/15,17:09:48)
		(User Joseph.Duran)
		(MsgId ECO_021)
		(Text "Package XTAL_ABM3C1 added to cell")
		(Param1 "XTAL_ABM3C1")
	)
	(Comment
		(Time 05/19/15,17:23:27)
		(User Jayson.Navarro)
		(MsgId ECO_021)
		(Text "Package XTAL_XTAL160X200X050M1 added to cell")
		(Param1 "XTAL_XTAL160X200X050M1")
	)
	(Comment
		(Time 08/13/15,17:21:41)
		(User Joseph.Duran)
		(MsgId ECO_021)
		(Text "Package XTAL_XTAL_CMR200T1 added to cell")
		(Param1 "XTAL_XTAL_CMR200T1")
	)
	(Comment
		(Time 09/02/15,03:19:03)
		(User Joseph.Duran)
		(MsgId ECO_021)
		(Text "Package XTAL_XTAL_CX3225CA1 added to cell")
		(Param1 "XTAL_XTAL_CX3225CA1")
	)
	(Comment
		(Time 09/02/15,03:38:20)
		(User Joseph.Duran)
		(MsgId ECO_022)
		(Text "Package XTAL_XTAL_SSP-T7 deleted from cell")
		(Param1 "XTAL_XTAL_SSP-T7")
	)
	(Comment
		(Time 09/02/15,03:39:11)
		(User Joseph.Duran)
		(MsgId ECO_021)
		(Text "Package XTAL_XTAL_CM200C1 added to cell")
		(Param1 "XTAL_XTAL_CM200C1")
	)
	(Comment
		(Time 09/02/15,03:41:24)
		(User Joseph.Duran)
		(MsgId ECO_081)
		(Text "Symbol sym_9 added to cell")
		(Param1 "sym_9")
	)
	(Comment
		(Time 09/04/15,20:38:39)
		(User ryan.cabreza)
		(MsgId ECO_081)
		(Text "Symbol sym_10 added to cell")
		(Param1 "sym_10")
	)
	(Comment
		(Time 11/04/15,05:10:17)
		(User Mariel.Mabituin)
		(MsgId ECO_021)
		(Text "Package XTAL_XTAL320X250X080M_11 added to cell")
		(Param1 "XTAL_XTAL320X250X080M_11")
	)
	(Comment
		(Time 11/04/15,05:13:08)
		(User Mariel.Mabituin)
		(MsgId ECO_081)
		(Text "Symbol sym_11 added to cell")
		(Param1 "sym_11")
	)
	(Comment
		(Time 12/02/15,15:39:32)
		(User Mariel.Mabituin)
		(MsgId ECO_021)
		(Text "Package XTAL_ABS061 added to cell")
		(Param1 "XTAL_ABS061")
	)
	(Comment
		(Time 12/02/15,15:43:14)
		(User Mariel.Mabituin)
		(MsgId ECO_081)
		(Text "Symbol sym_12 added to cell")
		(Param1 "sym_12")
	)
	(Comment
		(Time 02/04/16,16:09:59)
		(User jayson.navarro)
		(MsgId ECO_021)
		(Text "Package XTAL_XTAL_HC-491 added to cell")
		(Param1 "XTAL_XTAL_HC-491")
	)
	(Comment
		(Time 04/01/16,10:31:58)
		(User Joseph.Duran)
		(MsgId ECO_021)
		(Text "Package XTAL_ABS061 added to cell")
		(Param1 "XTAL_ABS061")
	)
	(Comment
		(Time 04/11/16,15:52:18)
		(User Mariel.Mabituin)
		(MsgId ECO_021)
		(Text "Package XTAL_ABM3B1 added to cell")
		(Param1 "XTAL_ABM3B1")
	)
	(Comment
		(Time 04/12/16,19:08:37)
		(User Ryan.Cabreza)
		(MsgId ECO_021)
		(Text "Package XTAL_XTAL160X200X050M1 added to cell")
		(Param1 "XTAL_XTAL160X200X050M1")
	)
	(Comment
		(Time 04/28/16,16:02:17)
		(User Mariel.Mabituin)
		(MsgId ECO_021)
		(Text "Package XTAL_XTAL_CX3225CA1 added to cell")
		(Param1 "XTAL_XTAL_CX3225CA1")
	)
