FILE_TYPE=LIBRARY_PARTS;
primitive 'MAX30205_TDFN8-EP';
  pin
    'SDA':
      PIN_NUMBER='(1)';
      BIDIRECTIONAL='TRUE';
      INPUT_LOAD='(-0.01,0.01)';
      OUTPUT_LOAD='(1.0,-1.0)';
    'SCL':
      PIN_NUMBER='(2)';
      INPUT_LOAD='(-0.01,0.01)';
    'OS':
      PIN_NUMBER='(3)';
      OUTPUT_LOAD='(1.0,-1.0)';
    'GND':
      PIN_NUMBER='(4)';
      PINUSE='GROUND';
      NO_LOAD_CHECK='Both';
      NO_IO_CHECK='Both';
      NO_ASSERT_CHECK='TRUE';
      NO_DIR_CHECK='TRUE';
      ALLOW_CONNECT='TRUE';
    'A2':
      PIN_NUMBER='(5)';
      INPUT_LOAD='(-0.01,0.01)';
    'A1':
      PIN_NUMBER='(6)';
      INPUT_LOAD='(-0.01,0.01)';
    'A0':
      PIN_NUMBER='(7)';
      INPUT_LOAD='(-0.01,0.01)';
    'VDD':
      PIN_NUMBER='(8)';
      PINUSE='POWER';
      NO_LOAD_CHECK='Both';
      NO_IO_CHECK='Both';
      NO_ASSERT_CHECK='TRUE';
      NO_DIR_CHECK='TRUE';
      ALLOW_CONNECT='TRUE';
    'EP':
      PIN_NUMBER='(9)';
      PINUSE='GROUND';
      NO_LOAD_CHECK='Both';
      NO_IO_CHECK='Both';
      NO_ASSERT_CHECK='TRUE';
      NO_DIR_CHECK='TRUE';
      ALLOW_CONNECT='TRUE';
  end_pin;
  body
    PART_NAME='MAX30205';
    BODY_NAME='MAX30205';
    JEDEC_TYPE='SON65P300X300X80-9WEECM';
    PHYS_DES_PREFIX='U';
    CLASS='IC';
  end_body;
end_primitive;

END.
