FILE_TYPE=LIBRARY_PARTS;
primitive 'LED','LED_LN1271','LED_LD_W5AP','LED_LED_LUW_W5AM';
  pin
    'A':
      PIN_NUMBER='(A)';
      BIDIRECTIONAL='TRUE';
      INPUT_LOAD='(*,*)';
      OUTPUT_LOAD='(*,*)';
    'B':
      PIN_NUMBER='(K)';
      BIDIRECTIONAL='TRUE';
      INPUT_LOAD='(*,*)';
      OUTPUT_LOAD='(*,*)';
  end_pin;
  body
    PART_NAME='LED';
    ROT='0';
    PATH='11P';
    VER='1';
    DIR='DISCRETE.LIB';
    XY='(-1650,1150)';
    SIZE='1';
    BODY_NAME='LED';
    JEDEC_TYPE='led_1';
    PHYS_DES_PREFIX='DS';
    CLASS='DISCRETE';
  end_body;
end_primitive;

primitive 'LED_SML-LX2832GC-TR';
  pin
    'A':
      PIN_NUMBER='(A)';
      BIDIRECTIONAL='TRUE';
      INPUT_LOAD='(*,*)';
      OUTPUT_LOAD='(*,*)';
    'B':
      PIN_NUMBER='(K)';
      BIDIRECTIONAL='TRUE';
      INPUT_LOAD='(*,*)';
      OUTPUT_LOAD='(*,*)';
  end_pin;
  body
    PART_NAME='LED';
    ROT='0';
    PATH='11P';
    VER='1';
    DIR='DISCRETE.LIB';
    XY='(-1650,1150)';
    SIZE='1';
    BODY_NAME='LED';
    JEDEC_TYPE='led_1';
    PHYS_DES_PREFIX='DS';
    CLASS='DISCRETE';
  end_body;
end_primitive;

primitive 'LED_LEDTH';
  pin
    'A':
      PIN_NUMBER='(A)';
      BIDIRECTIONAL='TRUE';
      INPUT_LOAD='(*,*)';
      OUTPUT_LOAD='(*,*)';
    'B':
      PIN_NUMBER='(K)';
      BIDIRECTIONAL='TRUE';
      INPUT_LOAD='(*,*)';
      OUTPUT_LOAD='(*,*)';
  end_pin;
  body
    PART_NAME='LED';
    ROT='0';
    PATH='11P';
    VER='1';
    DIR='DISCRETE.LIB';
    XY='(-1650,1150)';
    SIZE='1';
    BODY_NAME='LED';
    JEDEC_TYPE='LED_CMD';
    PHYS_DES_PREFIX='DS';
    CLASS='DISCRETE';
  end_body;
end_primitive;

primitive 'LED_LEDC3210X150M','LED_SMT3216X110';
  pin
    'A':
      PIN_NUMBER='(A)';
      BIDIRECTIONAL='TRUE';
      INPUT_LOAD='(*,*)';
      OUTPUT_LOAD='(*,*)';
    'B':
      PIN_NUMBER='(C)';
      BIDIRECTIONAL='TRUE';
      INPUT_LOAD='(*,*)';
      OUTPUT_LOAD='(*,*)';
  end_pin;
  body
    PART_NAME='LED';
    ROT='0';
    PATH='11P';
    VER='1';
    DIR='DISCRETE.LIB';
    XY='(-1650,1150)';
    SIZE='1';
    BODY_NAME='LED';
    JEDEC_TYPE='LEDC3210X150M';
    PHYS_DES_PREFIX='DS';
    CLASS='DISCRETE';
  end_body;
end_primitive;

primitive 'LED_LEDC3215X100-4M';
  pin
    'A1':
      PIN_NUMBER='(3)';
      BIDIRECTIONAL='TRUE';
      INPUT_LOAD='(-0.01,0.01)';
      OUTPUT_LOAD='(1.0,-1.0)';
    'A2':
      PIN_NUMBER='(1)';
      BIDIRECTIONAL='TRUE';
      INPUT_LOAD='(-0.01,0.01)';
      OUTPUT_LOAD='(1.0,-1.0)';
    'B1':
      PIN_NUMBER='(4)';
      BIDIRECTIONAL='TRUE';
      INPUT_LOAD='(-0.01,0.01)';
      OUTPUT_LOAD='(1.0,-1.0)';
    'B2':
      PIN_NUMBER='(2)';
      BIDIRECTIONAL='TRUE';
      INPUT_LOAD='(-0.01,0.01)';
      OUTPUT_LOAD='(1.0,-1.0)';
  end_pin;
  body
    PART_NAME='LED';
    ROT='0';
    PATH='11P';
    VER='1';
    DIR='DISCRETE.LIB';
    XY='(-1650,1150)';
    SIZE='1';
    BODY_NAME='LED';
    JEDEC_TYPE='LEDC3215X100-4M';
    PHYS_DES_PREFIX='DS';
    CLASS='DISCRETE';
  end_body;
end_primitive;

primitive 'LED_LED_0402';
  pin
    'A':
      PIN_NUMBER='(A)';
      BIDIRECTIONAL='TRUE';
      INPUT_LOAD='(*,*)';
      OUTPUT_LOAD='(*,*)';
    'B':
      PIN_NUMBER='(C)';
      BIDIRECTIONAL='TRUE';
      INPUT_LOAD='(*,*)';
      OUTPUT_LOAD='(*,*)';
  end_pin;
  body
    PART_NAME='LED';
    ROT='0';
    PATH='11P';
    VER='1';
    DIR='DISCRETE.LIB';
    XY='(-1650,1150)';
    SIZE='1';
    BODY_NAME='LED';
    JEDEC_TYPE='LED_0402';
    PHYS_DES_PREFIX='DS';
    CLASS='DISCRETE';
  end_body;
end_primitive;

primitive 'LED_LEDC1608X60M';
  pin
    'A':
      PIN_NUMBER='(A)';
      BIDIRECTIONAL='TRUE';
      INPUT_LOAD='(*,*)';
      OUTPUT_LOAD='(*,*)';
    'B':
      PIN_NUMBER='(K)';
      BIDIRECTIONAL='TRUE';
      INPUT_LOAD='(*,*)';
      OUTPUT_LOAD='(*,*)';
  end_pin;
  body
    PART_NAME='LED';
    ROT='0';
    PATH='11P';
    VER='1';
    DIR='DISCRETE.LIB';
    XY='(-1650,1150)';
    SIZE='1';
    BODY_NAME='LED';
    JEDEC_TYPE='LEDC1608X60M';
    PHYS_DES_PREFIX='DS';
    CLASS='DISCRETE';
  end_body;
end_primitive;

primitive 'LED_SMT200X125';
  pin
    'A':
      PIN_NUMBER='(A)';
      BIDIRECTIONAL='TRUE';
      INPUT_LOAD='(*,*)';
      OUTPUT_LOAD='(*,*)';
    'B':
      PIN_NUMBER='(K)';
      BIDIRECTIONAL='TRUE';
      INPUT_LOAD='(*,*)';
      OUTPUT_LOAD='(*,*)';
  end_pin;
  body
    PART_NAME='LED';
    ROT='0';
    PATH='11P';
    VER='1';
    DIR='DISCRETE.LIB';
    XY='(-1650,1150)';
    SIZE='1';
    BODY_NAME='LED';
    JEDEC_TYPE='LED_SMT200X125';
    PHYS_DES_PREFIX='DS';
    CLASS='DISCRETE';
  end_body;
end_primitive;

primitive 'LED_SMT160X080';
  pin
    'A':
      PIN_NUMBER='(A)';
      BIDIRECTIONAL='TRUE';
      INPUT_LOAD='(*,*)';
      OUTPUT_LOAD='(*,*)';
    'B':
      PIN_NUMBER='(K)';
      BIDIRECTIONAL='TRUE';
      INPUT_LOAD='(*,*)';
      OUTPUT_LOAD='(*,*)';
  end_pin;
  body
    PART_NAME='LED';
    ROT='0';
    PATH='11P';
    VER='1';
    DIR='DISCRETE.LIB';
    XY='(-1650,1150)';
    SIZE='1';
    BODY_NAME='LED';
    JEDEC_TYPE='LED_SMT160X080';
    PHYS_DES_PREFIX='DS';
    CLASS='DISCRETE';
  end_body;
end_primitive;

primitive 'LED_LEDC3228X210M';
  pin
    'A':
      PIN_NUMBER='(A)';
      BIDIRECTIONAL='TRUE';
      INPUT_LOAD='(*,*)';
      OUTPUT_LOAD='(*,*)';
    'B':
      PIN_NUMBER='(K)';
      BIDIRECTIONAL='TRUE';
      INPUT_LOAD='(*,*)';
      OUTPUT_LOAD='(*,*)';
  end_pin;
  body
    PART_NAME='LED';
    ROT='0';
    PATH='11P';
    VER='1';
    DIR='DISCRETE.LIB';
    XY='(-1650,1150)';
    SIZE='1';
    BODY_NAME='LED';
    JEDEC_TYPE='LEDC3228X210M';
    PHYS_DES_PREFIX='DS';
    CLASS='DISCRETE';
  end_body;
end_primitive;

primitive 'LED_CMD28-21';
  pin
    'A':
      PIN_NUMBER='(A)';
      BIDIRECTIONAL='TRUE';
      INPUT_LOAD='(*,*)';
      OUTPUT_LOAD='(*,*)';
    'B':
      PIN_NUMBER='(K)';
      BIDIRECTIONAL='TRUE';
      INPUT_LOAD='(*,*)';
      OUTPUT_LOAD='(*,*)';
  end_pin;
  body
    PART_NAME='LED';
    ROT='0';
    PATH='11P';
    VER='1';
    DIR='DISCRETE.LIB';
    XY='(-1650,1150)';
    SIZE='1';
    BODY_NAME='LED';
    JEDEC_TYPE='LED_CMD28-21';
    PHYS_DES_PREFIX='DS';
    CLASS='DISCRETE';
  end_body;
end_primitive;

primitive 'LED_LED_1210_4P';
  pin
    'A1':
      PIN_NUMBER='(3)';
      BIDIRECTIONAL='TRUE';
      INPUT_LOAD='(-0.01,0.01)';
      OUTPUT_LOAD='(1.0,-1.0)';
    'B1':
      PIN_NUMBER='(4)';
      BIDIRECTIONAL='TRUE';
      INPUT_LOAD='(-0.01,0.01)';
      OUTPUT_LOAD='(1.0,-1.0)';
    'A2':
      PIN_NUMBER='(1)';
      BIDIRECTIONAL='TRUE';
      INPUT_LOAD='(-0.01,0.01)';
      OUTPUT_LOAD='(1.0,-1.0)';
    'B2':
      PIN_NUMBER='(2)';
      BIDIRECTIONAL='TRUE';
      INPUT_LOAD='(-0.01,0.01)';
      OUTPUT_LOAD='(1.0,-1.0)';
  end_pin;
  body
    PART_NAME='LED';
    ROT='0';
    PATH='11P';
    VER='1';
    DIR='DISCRETE.LIB';
    XY='(-1650,1150)';
    SIZE='1';
    BODY_NAME='LED';
    JEDEC_TYPE='LED_1210_4P';
    PHYS_DES_PREFIX='DS';
    CLASS='DISCRETE';
  end_body;
end_primitive;

primitive 'LED_LED_SFH4650_51';
  pin
    'A':
      PIN_NUMBER='(A)';
      BIDIRECTIONAL='TRUE';
      INPUT_LOAD='(*,*)';
      OUTPUT_LOAD='(*,*)';
    'B':
      PIN_NUMBER='(K)';
      BIDIRECTIONAL='TRUE';
      INPUT_LOAD='(*,*)';
      OUTPUT_LOAD='(*,*)';
  end_pin;
  body
    PART_NAME='LED';
    ROT='0';
    PATH='11P';
    VER='1';
    DIR='DISCRETE.LIB';
    XY='(-1650,1150)';
    SIZE='1';
    BODY_NAME='LED';
    JEDEC_TYPE='LED_SFH4650_51';
    PHYS_DES_PREFIX='DS';
    CLASS='DISCRETE';
  end_body;
end_primitive;

primitive 'LED_LEDC1608X80M';
  pin
    'A':
      PIN_NUMBER='(A)';
      BIDIRECTIONAL='TRUE';
      INPUT_LOAD='(*,*)';
      OUTPUT_LOAD='(*,*)';
    'B':
      PIN_NUMBER='(K)';
      BIDIRECTIONAL='TRUE';
      INPUT_LOAD='(*,*)';
      OUTPUT_LOAD='(*,*)';
  end_pin;
  body
    PART_NAME='LED';
    ROT='0';
    PATH='11P';
    VER='1';
    DIR='DISCRETE.LIB';
    XY='(-1650,1150)';
    SIZE='1';
    BODY_NAME='LED';
    JEDEC_TYPE='LEDC1608X80M';
    PHYS_DES_PREFIX='DS';
    CLASS='DISCRETE';
  end_body;
end_primitive;

primitive 'LED_LED_PANA_FIG10_S';
  pin
    'A':
      PIN_NUMBER='(A)';
      BIDIRECTIONAL='TRUE';
      INPUT_LOAD='(*,*)';
      OUTPUT_LOAD='(*,*)';
    'B':
      PIN_NUMBER='(C)';
      BIDIRECTIONAL='TRUE';
      INPUT_LOAD='(*,*)';
      OUTPUT_LOAD='(*,*)';
  end_pin;
  body
    PART_NAME='LED';
    ROT='0';
    PATH='11P';
    VER='1';
    DIR='DISCRETE.LIB';
    XY='(-1650,1150)';
    SIZE='1';
    BODY_NAME='LED';
    JEDEC_TYPE='LED_PANA_FIG10_S';
    PHYS_DES_PREFIX='DS';
    CLASS='DISCRETE';
  end_body;
end_primitive;

primitive 'LED_LED_PANA_FIG9_GW';
  pin
    'A':
      PIN_NUMBER='(A)';
      BIDIRECTIONAL='TRUE';
      INPUT_LOAD='(*,*)';
      OUTPUT_LOAD='(*,*)';
    'B':
      PIN_NUMBER='(C)';
      BIDIRECTIONAL='TRUE';
      INPUT_LOAD='(*,*)';
      OUTPUT_LOAD='(*,*)';
  end_pin;
  body
    PART_NAME='LED';
    ROT='0';
    PATH='11P';
    VER='1';
    DIR='DISCRETE.LIB';
    XY='(-1650,1150)';
    SIZE='1';
    BODY_NAME='LED';
    JEDEC_TYPE='LED_PANA_FIG9_GW';
    PHYS_DES_PREFIX='DS';
    CLASS='DISCRETE';
  end_body;
end_primitive;

primitive 'LED_LEDC3227X110-4M';
  pin
    'A2':
      PIN_NUMBER='(3)';
      BIDIRECTIONAL='TRUE';
      INPUT_LOAD='(-0.01,0.01)';
      OUTPUT_LOAD='(1.0,-1.0)';
    'B2':
      PIN_NUMBER='(4)';
      BIDIRECTIONAL='TRUE';
      INPUT_LOAD='(-0.01,0.01)';
      OUTPUT_LOAD='(1.0,-1.0)';
    'A1':
      PIN_NUMBER='(1)';
      BIDIRECTIONAL='TRUE';
      INPUT_LOAD='(-0.01,0.01)';
      OUTPUT_LOAD='(1.0,-1.0)';
    'B1':
      PIN_NUMBER='(2)';
      BIDIRECTIONAL='TRUE';
      INPUT_LOAD='(-0.01,0.01)';
      OUTPUT_LOAD='(1.0,-1.0)';
  end_pin;
  body
    PART_NAME='LED';
    ROT='0';
    PATH='11P';
    VER='1';
    DIR='DISCRETE.LIB';
    XY='(-1650,1150)';
    SIZE='1';
    BODY_NAME='LED';
    JEDEC_TYPE='LEDC3227X110-4M';
    PHYS_DES_PREFIX='DS';
    CLASS='DISCRETE';
  end_body;
end_primitive;

primitive 'LED_LTST-S220';
  pin
    'A':
      PIN_NUMBER='(A)';
      BIDIRECTIONAL='TRUE';
      INPUT_LOAD='(*,*)';
      OUTPUT_LOAD='(*,*)';
    'B':
      PIN_NUMBER='(C)';
      BIDIRECTIONAL='TRUE';
      INPUT_LOAD='(*,*)';
      OUTPUT_LOAD='(*,*)';
  end_pin;
  body
    PART_NAME='LED';
    ROT='0';
    PATH='11P';
    VER='1';
    DIR='DISCRETE.LIB';
    XY='(-1650,1150)';
    SIZE='1';
    BODY_NAME='LED';
    JEDEC_TYPE='LED_LTST-S220';
    PHYS_DES_PREFIX='DS';
    CLASS='DISCRETE';
  end_body;
end_primitive;

primitive 'LED_SMT270X200';
  pin
    'A':
      PIN_NUMBER='(A)';
      BIDIRECTIONAL='TRUE';
      INPUT_LOAD='(*,*)';
      OUTPUT_LOAD='(*,*)';
    'B':
      PIN_NUMBER='(K)';
      BIDIRECTIONAL='TRUE';
      INPUT_LOAD='(*,*)';
      OUTPUT_LOAD='(*,*)';
  end_pin;
  body
    PART_NAME='LED';
    ROT='0';
    PATH='11P';
    VER='1';
    DIR='DISCRETE.LIB';
    XY='(-1650,1150)';
    SIZE='1';
    BODY_NAME='LED';
    JEDEC_TYPE='LED_SMT270X200';
    PHYS_DES_PREFIX='DS';
    CLASS='DISCRETE';
  end_body;
end_primitive;

primitive 'LED_LED_1208_3P';
  pin
    'A':
      PIN_NUMBER='(2)';
      BIDIRECTIONAL='TRUE';
      INPUT_LOAD='(-0.01,0.01)';
      OUTPUT_LOAD='(1.0,-1.0)';
    'B':
      PIN_NUMBER='(1)';
      BIDIRECTIONAL='TRUE';
      INPUT_LOAD='(-0.01,0.01)';
      OUTPUT_LOAD='(1.0,-1.0)';
  end_pin;
  body
    PART_NAME='LED';
    ROT='0';
    PATH='11P';
    VER='1';
    DIR='DISCRETE.LIB';
    XY='(-1650,1150)';
    SIZE='1';
    BODY_NAME='LED';
    JEDEC_TYPE='LED_1208_598_3P';
    PHYS_DES_PREFIX='DS';
    CLASS='DISCRETE';
    NC_PINS='(3)';
  end_body;
end_primitive;

primitive 'LED_TO-18R_2P';
  pin
    'A':
      PIN_NUMBER='(2)';
      BIDIRECTIONAL='TRUE';
      INPUT_LOAD='(*,*)';
      OUTPUT_LOAD='(*,*)';
    'B':
      PIN_NUMBER='(1)';
      BIDIRECTIONAL='TRUE';
      INPUT_LOAD='(*,*)';
      OUTPUT_LOAD='(*,*)';
  end_pin;
  body
    PART_NAME='LED';
    ROT='0';
    PATH='11P';
    VER='1';
    DIR='DISCRETE.LIB';
    XY='(-1650,1150)';
    SIZE='1';
    BODY_NAME='LED';
    JEDEC_TYPE='THORLABS_TO-18R_2P';
    PHYS_DES_PREFIX='DS';
    CLASS='DISCRETE';
  end_body;
end_primitive;

primitive 'LED_LUW-FQ6N';
  pin
    'A':
      PIN_NUMBER='(1)';
      BIDIRECTIONAL='TRUE';
      INPUT_LOAD='(*,*)';
      OUTPUT_LOAD='(*,*)';
    'B':
      PIN_NUMBER='(2)';
      BIDIRECTIONAL='TRUE';
      INPUT_LOAD='(*,*)';
      OUTPUT_LOAD='(*,*)';
  end_pin;
  body
    PART_NAME='LED';
    ROT='0';
    PATH='11P';
    VER='1';
    DIR='DISCRETE.LIB';
    XY='(-1650,1150)';
    SIZE='1';
    BODY_NAME='LED';
    JEDEC_TYPE='OSRAM_LUW-FQ6N';
    PHYS_DES_PREFIX='DS';
    CLASS='DISCRETE';
  end_body;
end_primitive;

primitive 'LED_LW-Y1SG';
  pin
    'A':
      PIN_NUMBER='(1)';
      BIDIRECTIONAL='TRUE';
      INPUT_LOAD='(*,*)';
      OUTPUT_LOAD='(*,*)';
    'B':
      PIN_NUMBER='(2)';
      BIDIRECTIONAL='TRUE';
      INPUT_LOAD='(*,*)';
      OUTPUT_LOAD='(*,*)';
  end_pin;
  body
    PART_NAME='LED';
    ROT='0';
    PATH='11P';
    VER='1';
    DIR='DISCRETE.LIB';
    XY='(-1650,1150)';
    SIZE='1';
    BODY_NAME='LED';
    JEDEC_TYPE='OSRAM_LW-Y1SG';
    PHYS_DES_PREFIX='DS';
    CLASS='DISCRETE';
  end_body;
end_primitive;

primitive 'LED_TO-18_2P';
  pin
    'A':
      PIN_NUMBER='(2)';
      BIDIRECTIONAL='TRUE';
      INPUT_LOAD='(*,*)';
      OUTPUT_LOAD='(*,*)';
    'B':
      PIN_NUMBER='(1)';
      BIDIRECTIONAL='TRUE';
      INPUT_LOAD='(*,*)';
      OUTPUT_LOAD='(*,*)';
  end_pin;
  body
    PART_NAME='LED';
    ROT='0';
    PATH='11P';
    VER='1';
    DIR='DISCRETE.LIB';
    XY='(-1650,1150)';
    SIZE='1';
    BODY_NAME='LED';
    JEDEC_TYPE='TO-18_2P';
    PHYS_DES_PREFIX='DS';
    CLASS='DISCRETE';
  end_body;
end_primitive;

primitive 'LED_LED_LHUV-0405-0650';
  pin
    'A':
      PIN_NUMBER='(A)';
      BIDIRECTIONAL='TRUE';
      INPUT_LOAD='(*,*)';
      OUTPUT_LOAD='(*,*)';
    'B':
      PIN_NUMBER='(C)';
      BIDIRECTIONAL='TRUE';
      INPUT_LOAD='(*,*)';
      OUTPUT_LOAD='(*,*)';
  end_pin;
  body
    PART_NAME='LED';
    ROT='0';
    PATH='11P';
    VER='1';
    DIR='DISCRETE.LIB';
    XY='(-1650,1150)';
    SIZE='1';
    BODY_NAME='LED';
    JEDEC_TYPE='LED_LHUV-0405-0650';
    PHYS_DES_PREFIX='DS';
    CLASS='DISCRETE';
  end_body;
end_primitive;

primitive 'LED_LEDC1608X90M';
  pin
    'A':
      PIN_NUMBER='(A)';
      BIDIRECTIONAL='TRUE';
      INPUT_LOAD='(*,*)';
      OUTPUT_LOAD='(*,*)';
    'B':
      PIN_NUMBER='(C)';
      BIDIRECTIONAL='TRUE';
      INPUT_LOAD='(*,*)';
      OUTPUT_LOAD='(*,*)';
  end_pin;
  body
    PART_NAME='LED';
    ALT_SYMBOLS='(LEDC1608X90M_ALT)';
    ROT='0';
    PATH='11P';
    VER='1';
    DIR='DISCRETE.LIB';
    XY='(-1650,1150)';
    SIZE='1';
    BODY_NAME='LED';
    JEDEC_TYPE='LEDC1608X90M';
    PHYS_DES_PREFIX='DS';
    CLASS='DISCRETE';
  end_body;
end_primitive;

primitive 'LED_LEDC3216X150M';
  pin
    'A':
      PIN_NUMBER='(A)';
      BIDIRECTIONAL='TRUE';
      INPUT_LOAD='(*,*)';
      OUTPUT_LOAD='(*,*)';
    'B':
      PIN_NUMBER='(C)';
      BIDIRECTIONAL='TRUE';
      INPUT_LOAD='(*,*)';
      OUTPUT_LOAD='(*,*)';
  end_pin;
  body
    PART_NAME='LED';
    ROT='0';
    PATH='11P';
    VER='1';
    DIR='DISCRETE.LIB';
    XY='(-1650,1150)';
    SIZE='1';
    BODY_NAME='LED';
    JEDEC_TYPE='LEDC3216X150M';
    PHYS_DES_PREFIX='DS';
    CLASS='DISCRETE';
  end_body;
end_primitive;

primitive 'LED_LED_LHUV';
  pin
    'A':
      PIN_NUMBER='(A)';
      BIDIRECTIONAL='TRUE';
      INPUT_LOAD='(*,*)';
      OUTPUT_LOAD='(*,*)';
    'B':
      PIN_NUMBER='(C)';
      BIDIRECTIONAL='TRUE';
      INPUT_LOAD='(*,*)';
      OUTPUT_LOAD='(*,*)';
  end_pin;
  body
    PART_NAME='LED';
    ROT='0';
    PATH='11P';
    VER='1';
    DIR='DISCRETE.LIB';
    XY='(-1650,1150)';
    SIZE='1';
    BODY_NAME='LED';
    JEDEC_TYPE='LED_LHUV';
    PHYS_DES_PREFIX='DS';
    CLASS='DISCRETE';
  end_body;
end_primitive;

primitive 'LED_LED_LUW_F65N';
  pin
    'A':
      PIN_NUMBER='(A)';
      BIDIRECTIONAL='TRUE';
      INPUT_LOAD='(*,*)';
      OUTPUT_LOAD='(*,*)';
    'B':
      PIN_NUMBER='(K)';
      BIDIRECTIONAL='TRUE';
      INPUT_LOAD='(*,*)';
      OUTPUT_LOAD='(*,*)';
  end_pin;
  body
    PART_NAME='LED';
    ROT='0';
    PATH='11P';
    VER='1';
    DIR='DISCRETE.LIB';
    XY='(-1650,1150)';
    SIZE='1';
    BODY_NAME='LED';
    JEDEC_TYPE='LED_LUW_F65N';
    PHYS_DES_PREFIX='DS';
    CLASS='DISCRETE';
  end_body;
end_primitive;

primitive 'LED_LED_VLME2302';
  pin
    'A':
      PIN_NUMBER='(A)';
      BIDIRECTIONAL='TRUE';
      INPUT_LOAD='(*,*)';
      OUTPUT_LOAD='(*,*)';
    'B':
      PIN_NUMBER='(C)';
      BIDIRECTIONAL='TRUE';
      INPUT_LOAD='(*,*)';
      OUTPUT_LOAD='(*,*)';
  end_pin;
  body
    PART_NAME='LED';
    ROT='0';
    PATH='11P';
    VER='1';
    DIR='DISCRETE.LIB';
    XY='(-1650,1150)';
    SIZE='1';
    BODY_NAME='LED';
    JEDEC_TYPE='LED_VLME2302';
    PHYS_DES_PREFIX='DS';
    CLASS='DISCRETE';
  end_body;
end_primitive;

primitive 'LED_LED_GW_CSSRM1-EC';
  pin
    'B':
      PIN_NUMBER='(C)';
      BIDIRECTIONAL='TRUE';
      INPUT_LOAD='(-0.01,0.01)';
      OUTPUT_LOAD='(1.0,-1.0)';
    'A':
      PIN_NUMBER='(A)';
      BIDIRECTIONAL='TRUE';
      INPUT_LOAD='(-0.01,0.01)';
      OUTPUT_LOAD='(1.0,-1.0)';
    'THERMAL':
      PIN_NUMBER='(T)';
      PINUSE='NC';
      NO_LOAD_CHECK='Both';
      NO_IO_CHECK='Both';
      NO_ASSERT_CHECK='TRUE';
      NO_DIR_CHECK='TRUE';
      ALLOW_CONNECT='TRUE';
  end_pin;
  body
    PART_NAME='LED';
    ROT='0';
    PATH='11P';
    VER='1';
    DIR='DISCRETE.LIB';
    XY='(-1650,1150)';
    SIZE='1';
    BODY_NAME='LED';
    JEDEC_TYPE='LED_GW_CSSRM1-EC';
    PHYS_DES_PREFIX='DS';
    CLASS='DISCRETE';
  end_body;
end_primitive;

primitive 'LED_LED_LTST-C230';
  pin
    'A':
      PIN_NUMBER='(A)';
      BIDIRECTIONAL='TRUE';
      INPUT_LOAD='(*,*)';
      OUTPUT_LOAD='(*,*)';
    'B':
      PIN_NUMBER='(C)';
      BIDIRECTIONAL='TRUE';
      INPUT_LOAD='(*,*)';
      OUTPUT_LOAD='(*,*)';
  end_pin;
  body
    PART_NAME='LED';
    ROT='0';
    PATH='11P';
    VER='1';
    DIR='DISCRETE.LIB';
    XY='(-1650,1150)';
    SIZE='1';
    BODY_NAME='LED';
    JEDEC_TYPE='LED_LTST-C230';
    PHYS_DES_PREFIX='DS';
    CLASS='DISCRETE';
  end_body;
end_primitive;

primitive 'LED_LED_EPITEX_SMT';
  pin
    'A':
      PIN_NUMBER='(A)';
      BIDIRECTIONAL='TRUE';
      INPUT_LOAD='(*,*)';
      OUTPUT_LOAD='(*,*)';
    'B':
      PIN_NUMBER='(C)';
      BIDIRECTIONAL='TRUE';
      INPUT_LOAD='(*,*)';
      OUTPUT_LOAD='(*,*)';
  end_pin;
  body
    PART_NAME='LED';
    ROT='0';
    PATH='11P';
    VER='1';
    DIR='DISCRETE.LIB';
    XY='(-1650,1150)';
    SIZE='1';
    BODY_NAME='LED';
    JEDEC_TYPE='LED_EPITEX_SMT';
    PHYS_DES_PREFIX='DS';
    CLASS='DISCRETE';
  end_body;
end_primitive;

primitive 'LED_LED_SMLZ1-ZN';
  pin
    'A':
      PIN_NUMBER='(A)';
      BIDIRECTIONAL='TRUE';
      INPUT_LOAD='(*,*)';
      OUTPUT_LOAD='(*,*)';
    'B':
      PIN_NUMBER='(C)';
      BIDIRECTIONAL='TRUE';
      INPUT_LOAD='(*,*)';
      OUTPUT_LOAD='(*,*)';
  end_pin;
  body
    PART_NAME='LED';
    ROT='0';
    PATH='11P';
    VER='1';
    DIR='DISCRETE.LIB';
    XY='(-1650,1150)';
    SIZE='1';
    BODY_NAME='LED';
    JEDEC_TYPE='LED_ROHM_SMLZ1-ZN';
    PHYS_DES_PREFIX='DS';
    CLASS='DISCRETE';
  end_body;
end_primitive;

primitive 'LED_LEDC3020X125M';
  pin
    'A':
      PIN_NUMBER='(A)';
      BIDIRECTIONAL='TRUE';
      INPUT_LOAD='(*,*)';
      OUTPUT_LOAD='(*,*)';
    'B':
      PIN_NUMBER='(C)';
      BIDIRECTIONAL='TRUE';
      INPUT_LOAD='(*,*)';
      OUTPUT_LOAD='(*,*)';
  end_pin;
  body
    PART_NAME='LED';
    ROT='0';
    PATH='11P';
    VER='1';
    DIR='DISCRETE.LIB';
    XY='(-1650,1150)';
    SIZE='1';
    BODY_NAME='LED';
    JEDEC_TYPE='LEDC3020X125M';
    PHYS_DES_PREFIX='DS';
    CLASS='DISCRETE';
  end_body;
end_primitive;

primitive 'LED_LEDM3528X210M';
  pin
    'A':
      PIN_NUMBER='(A)';
      BIDIRECTIONAL='TRUE';
      INPUT_LOAD='(*,*)';
      OUTPUT_LOAD='(*,*)';
    'B':
      PIN_NUMBER='(C)';
      BIDIRECTIONAL='TRUE';
      INPUT_LOAD='(*,*)';
      OUTPUT_LOAD='(*,*)';
  end_pin;
  body
    PART_NAME='LED';
    ROT='0';
    PATH='11P';
    VER='1';
    DIR='DISCRETE.LIB';
    XY='(-1650,1150)';
    SIZE='1';
    BODY_NAME='LED';
    JEDEC_TYPE='LEDM3528X210M';
    PHYS_DES_PREFIX='DS';
    CLASS='DISCRETE';
  end_body;
end_primitive;

primitive 'LED_LEDC1005X50L10M';
  pin
    'A':
      PIN_NUMBER='(A)';
      BIDIRECTIONAL='TRUE';
      INPUT_LOAD='(*,*)';
      OUTPUT_LOAD='(*,*)';
    'B':
      PIN_NUMBER='(C)';
      BIDIRECTIONAL='TRUE';
      INPUT_LOAD='(*,*)';
      OUTPUT_LOAD='(*,*)';
  end_pin;
  body
    PART_NAME='LED';
    ROT='0';
    PATH='11P';
    VER='1';
    DIR='DISCRETE.LIB';
    XY='(-1650,1150)';
    SIZE='1';
    BODY_NAME='LED';
    JEDEC_TYPE='LEDC1005X50L10M';
    PHYS_DES_PREFIX='DS';
    CLASS='DISCRETE';
  end_body;
end_primitive;

primitive 'LED_GT_DASPA1-13';
  pin
    'A':
      PIN_NUMBER='(1)';
      BIDIRECTIONAL='TRUE';
      INPUT_LOAD='(*,*)';
      OUTPUT_LOAD='(*,*)';
    'B':
      PIN_NUMBER='(2)';
      BIDIRECTIONAL='TRUE';
      INPUT_LOAD='(*,*)';
      OUTPUT_LOAD='(*,*)';
  end_pin;
  body
    PART_NAME='LED';
    ROT='0';
    PATH='11P';
    VER='1';
    DIR='DISCRETE.LIB';
    XY='(-1650,1150)';
    SIZE='1';
    BODY_NAME='LED';
    JEDEC_TYPE='OSRAM_GT_DASPA1-13';
    PHYS_DES_PREFIX='DS';
    CLASS='DISCRETE';
  end_body;
end_primitive;

primitive 'LED_LED_LN28RPX';
  pin
    'A':
      PIN_NUMBER='(1)';
      BIDIRECTIONAL='TRUE';
      INPUT_LOAD='(*,*)';
      OUTPUT_LOAD='(*,*)';
    'B':
      PIN_NUMBER='(2)';
      BIDIRECTIONAL='TRUE';
      INPUT_LOAD='(*,*)';
      OUTPUT_LOAD='(*,*)';
  end_pin;
  body
    PART_NAME='LED';
    ROT='0';
    PATH='11P';
    VER='1';
    DIR='DISCRETE.LIB';
    XY='(-1650,1150)';
    SIZE='1';
    BODY_NAME='LED';
    JEDEC_TYPE='LED_LN28RPX';
    PHYS_DES_PREFIX='DS';
    CLASS='DISCRETE';
  end_body;
end_primitive;

primitive 'LED_LT_P4SG-TM';
  pin
    'A':
      PIN_NUMBER='(1)';
      BIDIRECTIONAL='TRUE';
      INPUT_LOAD='(*,*)';
      OUTPUT_LOAD='(*,*)';
    'B':
      PIN_NUMBER='(2)';
      BIDIRECTIONAL='TRUE';
      INPUT_LOAD='(*,*)';
      OUTPUT_LOAD='(*,*)';
  end_pin;
  body
    PART_NAME='LED';
    ROT='0';
    PATH='11P';
    VER='1';
    DIR='DISCRETE.LIB';
    XY='(-1650,1150)';
    SIZE='1';
    BODY_NAME='LED';
    JEDEC_TYPE='OSRAM_LT_P4SG-TM';
    PHYS_DES_PREFIX='DS';
    CLASS='DISCRETE';
  end_body;
end_primitive;

primitive 'LED_LT_P4SG-RM';
  pin
    'A':
      PIN_NUMBER='(1)';
      BIDIRECTIONAL='TRUE';
      INPUT_LOAD='(*,*)';
      OUTPUT_LOAD='(*,*)';
    'B':
      PIN_NUMBER='(2)';
      BIDIRECTIONAL='TRUE';
      INPUT_LOAD='(*,*)';
      OUTPUT_LOAD='(*,*)';
  end_pin;
  body
    PART_NAME='LED';
    ROT='0';
    PATH='11P';
    VER='1';
    DIR='DISCRETE.LIB';
    XY='(-1650,1150)';
    SIZE='1';
    BODY_NAME='LED';
    JEDEC_TYPE='OSRAM_LT_P4SG-RM';
    PHYS_DES_PREFIX='DS';
    CLASS='DISCRETE';
  end_body;
end_primitive;

primitive 'LED_LY_P47F-TM';
  pin
    'A':
      PIN_NUMBER='(1)';
      BIDIRECTIONAL='TRUE';
      INPUT_LOAD='(*,*)';
      OUTPUT_LOAD='(*,*)';
    'B':
      PIN_NUMBER='(2)';
      BIDIRECTIONAL='TRUE';
      INPUT_LOAD='(*,*)';
      OUTPUT_LOAD='(*,*)';
  end_pin;
  body
    PART_NAME='LED';
    ROT='0';
    PATH='11P';
    VER='1';
    DIR='DISCRETE.LIB';
    XY='(-1650,1150)';
    SIZE='1';
    BODY_NAME='LED';
    JEDEC_TYPE='OSRAM_LY_P47F-TM';
    PHYS_DES_PREFIX='DS';
    CLASS='DISCRETE';
  end_body;
end_primitive;

primitive 'LED_LY_P47F-RM';
  pin
    'A':
      PIN_NUMBER='(1)';
      BIDIRECTIONAL='TRUE';
      INPUT_LOAD='(*,*)';
      OUTPUT_LOAD='(*,*)';
    'B':
      PIN_NUMBER='(2)';
      BIDIRECTIONAL='TRUE';
      INPUT_LOAD='(*,*)';
      OUTPUT_LOAD='(*,*)';
  end_pin;
  body
    PART_NAME='LED';
    ROT='0';
    PATH='11P';
    VER='1';
    DIR='DISCRETE.LIB';
    XY='(-1650,1150)';
    SIZE='1';
    BODY_NAME='LED';
    JEDEC_TYPE='OSRAM_LY_P47F-RM';
    PHYS_DES_PREFIX='DS';
    CLASS='DISCRETE';
  end_body;
end_primitive;

END.
