(Cell	offpage

	(RevisionInfoBlock	

		(Baselined	1)

		(Revision	1.0.0)

		(ModificationStatus	NULL)

		(Status	Baselined)

		(ErrorStatus	0)

		(CreateInfo	

			(Time	03/06/05,16:55:38)

			(User	sureshg)

			(Path	standard.offpage)

		)

	)

	(Views	

		(View	Symbol

			(Symbols	6

				(Symbol	sym_6

					(Symbol_Type	Normal)

					(Max_Size	0)

					(Checksum	00000000c691bc8b)

					(RevisionInfoBlock	

						(Baselined	1)

						(Revision	1.0.0)

						(ModificationStatus	NULL)

						(Status	Baselined)

						(ErrorStatus	0)

						(CreateInfo	

							(Time	03/06/05,16:55:38)

							(User	sureshg)

							(Path	standard.offpage)

						)

					)

				)

				(Symbol	sym_5

					(Symbol_Type	Normal)

					(Max_Size	0)

					(Checksum	00000000ef10a4d9)

					(RevisionInfoBlock	

						(Baselined	1)

						(Revision	1.0.0)

						(ModificationStatus	NULL)

						(Status	Baselined)

						(ErrorStatus	0)

						(CreateInfo	

							(Time	03/06/05,16:55:38)

							(User	sureshg)

							(Path	standard.offpage)

						)

					)

				)

				(Symbol	sym_4

					(Symbol_Type	Normal)

					(Max_Size	0)

					(Checksum	000000004e0ca3f4)

					(RevisionInfoBlock	

						(Baselined	1)

						(Revision	1.0.0)

						(ModificationStatus	NULL)

						(Status	Baselined)

						(ErrorStatus	0)

						(CreateInfo	

							(Time	03/06/05,16:55:38)

							(User	sureshg)

							(Path	standard.offpage)

						)

					)

				)

				(Symbol	sym_3

					(Symbol_Type	Normal)

					(Max_Size	0)

					(Checksum	000000001239bb47)

					(RevisionInfoBlock	

						(Baselined	1)

						(Revision	1.0.0)

						(ModificationStatus	NULL)

						(Status	Baselined)

						(ErrorStatus	0)

						(CreateInfo	

							(Time	03/06/05,16:55:38)

							(User	sureshg)

							(Path	standard.offpage)

						)

					)

				)

				(Symbol	sym_2

					(Symbol_Type	Normal)

					(Max_Size	0)

					(Checksum	0000000016e8a48b)

					(RevisionInfoBlock	

						(Baselined	1)

						(Revision	1.0.0)

						(ModificationStatus	NULL)

						(Status	Baselined)

						(ErrorStatus	0)

						(CreateInfo	

							(Time	03/06/05,16:55:38)

							(User	sureshg)

							(Path	standard.offpage)

						)

					)

				)

				(Symbol	sym_1

					(Symbol_Type	Normal)

					(Max_Size	0)

					(Checksum	00000000f783a4f6)

					(RevisionInfoBlock	

						(Baselined	1)

						(Revision	1.0.0)

						(ModificationStatus	NULL)

						(Status	Baselined)

						(ErrorStatus	0)

						(CreateInfo	

							(Time	03/06/05,16:55:38)

							(User	sureshg)

							(Path	standard.offpage)

						)

					)

				)

			)

			(Checksum	000000001aa50347)

		)

		(View	Schematic

			(Pages	0)

			(Checksum	000000001c460377)

		)

		(Checksum	000000001b510350)

	)

	(VersionInfoBlock	

		(ToolName	PDV)

		(Version	15.50-d030)

		(License	PCB_librarian_expert)

	)

	(Checksum	000000001b2c0342)

)


