	(Comment
		(Time 07/16/10,15:16:04)
		(User Owen.Tanate)
		(MsgId ECO_022)
		(Text "Package TRAN_DCH_8P_MSOP-8 deleted from cell")
		(Param1 TRAN_DCH_8P_MSOP-8)
	)
	(Comment
		(Time 07/16/10,15:58:57)
		(User Owen.Tanate)
		(MsgId ECO_213)
		(Text "PTF file NCH_8P.ptf renamed to tran_dch_8p.ptf")
		(Param1 NCH_8P.ptf)
		(Param2 tran_dch_8p.ptf)
	)
	(Comment
		(Time 07/03/14,11:14:35)
		(User Jayson.Navarro)
		(MsgId ECO_021)
		(Text "Package TRAN_DCH_8P_1 added to cell")
		(Param1 "TRAN_DCH_8P_1")
	)
	(Comment
		(Time 07/03/14,11:18:18)
		(User Jayson.Navarro)
		(MsgId ECO_081)
		(Text "Symbol sym_2 added to cell")
		(Param1 "sym_2")
	)
	(Comment
		(Time 05/25/15,16:28:49)
		(User Joseph.Duran)
		(MsgId ECO_021)
		(Text "Package TRAN_DCH_8P_NSOIC8_COMBI1 added to cell")
		(Param1 "TRAN_DCH_8P_NSOIC8_COMBI1")
	)
	(Comment
		(Time 05/28/15,01:36:08)
		(User tois)
		(MsgId ECO_021)
		(Text "Package TRAN_DCH_8P_MICROFET1 added to cell")
		(Param1 "TRAN_DCH_8P_MICROFET1")
	)
	(Comment
		(Time 05/28/15,18:47:20)
		(User Ryan.Cabreza)
		(MsgId ECO_081)
		(Text "Symbol sym_4 added to cell")
		(Param1 "sym_4")
	)
	(Comment
		(Time 06/26/15,00:39:29)
		(User tois)
		(MsgId ECO_081)
		(Text "Symbol sym_5 added to cell")
		(Param1 "sym_5")
	)
	(Comment
		(Time 07/07/15,10:39:02)
		(User Ryan.Cabreza)
		(MsgId ECO_081)
		(Text "Symbol sym_6 added to cell")
		(Param1 "sym_6")
	)
